IPGBs, no binary truncation
Algorithm statistics:
zero_reductions => 0
max_basis_size => 0
queued_pairs => 0
built_pairs => 0
reduced_pairs => 0
eliminated_by_truncation => 0
removed_by_autoreduction => 0
eliminated_by_gcd => 105
Project-and-Lift Stats: 
lifts => 1
lift_time => 0.054867321
optimize_time => 0.0
Algorithm statistics:
zero_reductions => 1508211
max_basis_size => 6655
queued_pairs => 0
built_pairs => 1664300
reduced_pairs => 1664300
eliminated_by_truncation => 149288
removed_by_autoreduction => 159
eliminated_by_gcd => 20682494
time => 7.499850706
memory => 1.704936534166336
IPGBs, with binary truncation
Algorithm statistics:
zero_reductions => 0
max_basis_size => 0
queued_pairs => 0
built_pairs => 0
reduced_pairs => 0
eliminated_by_truncation => 0
removed_by_autoreduction => 0
eliminated_by_gcd => 105
Project-and-Lift Stats: 
lifts => 1
lift_time => 0.01183237
optimize_time => 0.0
Algorithm statistics:
zero_reductions => 114437
max_basis_size => 6655
queued_pairs => 0
built_pairs => 129838
reduced_pairs => 129838
eliminated_by_truncation => 8600
removed_by_autoreduction => 159
eliminated_by_gcd => 22216956
time => 2.144327226
memory => 0.8631543517112732
4ti2 results
4ti2 time => 11.965169772
