IPGBs, no binary truncation
Algorithm statistics:
zero_reductions => 0
max_basis_size => 0
queued_pairs => 0
built_pairs => 0
reduced_pairs => 0
eliminated_by_truncation => 0
removed_by_autoreduction => 0
eliminated_by_gcd => 105
Project-and-Lift Stats: 
lifts => 1
lift_time => 0.007632421
optimize_time => 0.0
Algorithm statistics:
zero_reductions => 7442
max_basis_size => 367
queued_pairs => 0
built_pairs => 8806
reduced_pairs => 8806
eliminated_by_truncation => 1007
removed_by_autoreduction => 0
eliminated_by_gcd => 58355
time => 0.078828121
memory => 0.059469789266586304
IPGBs, with binary truncation
Algorithm statistics:
zero_reductions => 0
max_basis_size => 0
queued_pairs => 0
built_pairs => 0
reduced_pairs => 0
eliminated_by_truncation => 0
removed_by_autoreduction => 0
eliminated_by_gcd => 105
Project-and-Lift Stats: 
lifts => 1
lift_time => 0.007653057
optimize_time => 0.0
Algorithm statistics:
zero_reductions => 2579
max_basis_size => 367
queued_pairs => 0
built_pairs => 3162
reduced_pairs => 3162
eliminated_by_truncation => 226
removed_by_autoreduction => 0
eliminated_by_gcd => 63999
time => 0.09333575
memory => 0.05501094460487366
4ti2 results
4ti2 time => 0.092990686
