IPGBs, no binary truncation
Algorithm statistics:
zero_reductions => 0
max_basis_size => 0
queued_pairs => 0
built_pairs => 0
reduced_pairs => 0
eliminated_by_truncation => 0
removed_by_autoreduction => 0
eliminated_by_gcd => 105
Project-and-Lift Stats: 
lifts => 1
lift_time => 0.011418223
optimize_time => 0.0
Algorithm statistics:
zero_reductions => 31689
max_basis_size => 772
queued_pairs => 0
built_pairs => 35903
reduced_pairs => 35903
eliminated_by_truncation => 3454
removed_by_autoreduction => 0
eliminated_by_gcd => 261703
time => 0.240412695
memory => 0.0828854963183403
IPGBs, with binary truncation
Algorithm statistics:
zero_reductions => 0
max_basis_size => 0
queued_pairs => 0
built_pairs => 0
reduced_pairs => 0
eliminated_by_truncation => 0
removed_by_autoreduction => 0
eliminated_by_gcd => 105
Project-and-Lift Stats: 
lifts => 1
lift_time => 0.013238653
optimize_time => 0.0
Algorithm statistics:
zero_reductions => 8551
max_basis_size => 772
queued_pairs => 0
built_pairs => 10049
reduced_pairs => 10049
eliminated_by_truncation => 738
removed_by_autoreduction => 0
eliminated_by_gcd => 287557
time => 0.16937487
memory => 0.0669155940413475
4ti2 results
4ti2 time => 0.248010958
