IPGBs, no binary truncation
Algorithm statistics:
zero_reductions => 0
max_basis_size => 0
queued_pairs => 0
built_pairs => 0
reduced_pairs => 0
eliminated_by_truncation => 0
removed_by_autoreduction => 0
eliminated_by_gcd => 120
Project-and-Lift Stats: 
lifts => 1
lift_time => 0.01048731
optimize_time => 0.0
Algorithm statistics:
zero_reductions => 3183840
max_basis_size => 10025
queued_pairs => 0
built_pairs => 3362093
reduced_pairs => 3362093
eliminated_by_truncation => 167929
removed_by_autoreduction => 336
eliminated_by_gcd => 47268270
time => 16.195243928
memory => 2.83106692135334
IPGBs, with binary truncation
Algorithm statistics:
zero_reductions => 0
max_basis_size => 0
queued_pairs => 0
built_pairs => 0
reduced_pairs => 0
eliminated_by_truncation => 0
removed_by_autoreduction => 0
eliminated_by_gcd => 120
Project-and-Lift Stats: 
lifts => 1
lift_time => 0.010775418
optimize_time => 0.0
Algorithm statistics:
zero_reductions => 260090
max_basis_size => 10025
queued_pairs => 0
built_pairs => 286625
reduced_pairs => 286625
eliminated_by_truncation => 16211
removed_by_autoreduction => 336
eliminated_by_gcd => 50343738
time => 5.032940344
memory => 1.8038714081048965
4ti2 results
4ti2 time => 18.550938219
