IPGBs, no binary truncation
Algorithm statistics:
zero_reductions => 0
max_basis_size => 0
queued_pairs => 0
built_pairs => 0
reduced_pairs => 0
eliminated_by_truncation => 0
removed_by_autoreduction => 0
eliminated_by_gcd => 153
Project-and-Lift Stats: 
lifts => 1
lift_time => 0.082633167
optimize_time => 0.0
Algorithm statistics:
zero_reductions => 83663
max_basis_size => 1543
queued_pairs => 0
built_pairs => 91237
reduced_pairs => 91237
eliminated_by_truncation => 6043
removed_by_autoreduction => 0
eliminated_by_gcd => 1098416
time => 0.364976368
memory => 0.1612960770726204
IPGBs, with binary truncation
Algorithm statistics:
zero_reductions => 0
max_basis_size => 0
queued_pairs => 0
built_pairs => 0
reduced_pairs => 0
eliminated_by_truncation => 0
removed_by_autoreduction => 0
eliminated_by_gcd => 153
Project-and-Lift Stats: 
lifts => 1
lift_time => 0.012198046
optimize_time => 0.0
Algorithm statistics:
zero_reductions => 20134
max_basis_size => 1543
queued_pairs => 0
built_pairs => 21685
reduced_pairs => 21685
eliminated_by_truncation => 20
removed_by_autoreduction => 0
eliminated_by_gcd => 1167968
time => 0.194063577
memory => 0.12252450734376907
4ti2 results
4ti2 time => 0.518331569
