IPGBs, no binary truncation
Algorithm statistics:
zero_reductions => 0
max_basis_size => 0
queued_pairs => 0
built_pairs => 0
reduced_pairs => 0
eliminated_by_truncation => 0
removed_by_autoreduction => 0
eliminated_by_gcd => 153
Project-and-Lift Stats: 
lifts => 1
lift_time => 0.048777901
optimize_time => 0.0
Algorithm statistics:
zero_reductions => 579338
max_basis_size => 3664
queued_pairs => 0
built_pairs => 610861
reduced_pairs => 610861
eliminated_by_truncation => 27794
removed_by_autoreduction => 139
eliminated_by_gcd => 6141180
time => 1.338856122
memory => 0.5052872598171234
IPGBs, with binary truncation
Algorithm statistics:
zero_reductions => 0
max_basis_size => 0
queued_pairs => 0
built_pairs => 0
reduced_pairs => 0
eliminated_by_truncation => 0
removed_by_autoreduction => 0
eliminated_by_gcd => 153
Project-and-Lift Stats: 
lifts => 1
lift_time => 0.010572583
optimize_time => 0.0
Algorithm statistics:
zero_reductions => 111155
max_basis_size => 3664
queued_pairs => 0
built_pairs => 115893
reduced_pairs => 115893
eliminated_by_truncation => 1009
removed_by_autoreduction => 139
eliminated_by_gcd => 6636148
time => 0.658711046
memory => 0.3176939934492111
4ti2 results
4ti2 time => 2.363809445
