IPGBs, no binary truncation
Algorithm statistics:
zero_reductions => 0
max_basis_size => 0
queued_pairs => 0
built_pairs => 0
reduced_pairs => 0
eliminated_by_truncation => 0
removed_by_autoreduction => 0
eliminated_by_gcd => 136
Project-and-Lift Stats: 
lifts => 1
lift_time => 0.051456317
optimize_time => 0.0
Algorithm statistics:
zero_reductions => 629995
max_basis_size => 3807
queued_pairs => 0
built_pairs => 677455
reduced_pairs => 677455
eliminated_by_truncation => 43558
removed_by_autoreduction => 110
eliminated_by_gcd => 6785850
time => 2.110978675
memory => 0.6159053444862366
IPGBs, with binary truncation
Algorithm statistics:
zero_reductions => 0
max_basis_size => 0
queued_pairs => 0
built_pairs => 0
reduced_pairs => 0
eliminated_by_truncation => 0
removed_by_autoreduction => 0
eliminated_by_gcd => 136
Project-and-Lift Stats: 
lifts => 1
lift_time => 0.012266657
optimize_time => 0.0
Algorithm statistics:
zero_reductions => 93186
max_basis_size => 3807
queued_pairs => 0
built_pairs => 102257
reduced_pairs => 102257
eliminated_by_truncation => 5169
removed_by_autoreduction => 110
eliminated_by_gcd => 7361048
time => 0.835548021
memory => 0.36515288054943085
4ti2 results
4ti2 time => 3.643347072
