IPGBs, no binary truncation
Algorithm statistics:
zero_reductions => 0
max_basis_size => 0
queued_pairs => 0
built_pairs => 0
reduced_pairs => 0
eliminated_by_truncation => 0
removed_by_autoreduction => 0
eliminated_by_gcd => 153
Project-and-Lift Stats: 
lifts => 1
lift_time => 0.01250546
optimize_time => 0.0
Algorithm statistics:
zero_reductions => 26899568
max_basis_size => 36514
queued_pairs => 0
built_pairs => 27653756
reduced_pairs => 27653756
eliminated_by_truncation => 715682
removed_by_autoreduction => 2008
eliminated_by_gcd => 643725832
time => 146.794626225
memory => 26.8257022947073
IPGBs, with binary truncation
Algorithm statistics:
zero_reductions => 0
max_basis_size => 0
queued_pairs => 0
built_pairs => 0
reduced_pairs => 0
eliminated_by_truncation => 0
removed_by_autoreduction => 0
eliminated_by_gcd => 153
Project-and-Lift Stats: 
lifts => 1
lift_time => 0.061642566
optimize_time => 0.0
Algorithm statistics:
zero_reductions => 1317145
max_basis_size => 36514
queued_pairs => 0
built_pairs => 1381629
reduced_pairs => 1381629
eliminated_by_truncation => 25978
removed_by_autoreduction => 2008
eliminated_by_gcd => 669997959
time => 69.375432385
memory => 20.9934558942914
4ti2 results
4ti2 time => 118.72467862
