IPGBs, no binary truncation
Algorithm statistics:
zero_reductions => 0
max_basis_size => 0
queued_pairs => 0
built_pairs => 0
reduced_pairs => 0
eliminated_by_truncation => 0
removed_by_autoreduction => 0
eliminated_by_gcd => 120
Project-and-Lift Stats: 
lifts => 1
lift_time => 0.010009257
optimize_time => 0.0
Algorithm statistics:
zero_reductions => 26712
max_basis_size => 799
queued_pairs => 0
built_pairs => 30548
reduced_pairs => 30548
eliminated_by_truncation => 3048
removed_by_autoreduction => 0
eliminated_by_gcd => 288253
time => 0.198583604
memory => 0.09455293416976929
IPGBs, with binary truncation
Algorithm statistics:
zero_reductions => 0
max_basis_size => 0
queued_pairs => 0
built_pairs => 0
reduced_pairs => 0
eliminated_by_truncation => 0
removed_by_autoreduction => 0
eliminated_by_gcd => 120
Project-and-Lift Stats: 
lifts => 1
lift_time => 0.011489175
optimize_time => 0.0
Algorithm statistics:
zero_reductions => 5606
max_basis_size => 799
queued_pairs => 0
built_pairs => 6516
reduced_pairs => 6516
eliminated_by_truncation => 122
removed_by_autoreduction => 0
eliminated_by_gcd => 312285
time => 0.123077316
memory => 0.07737131416797638
4ti2 results
4ti2 time => 0.24958252
