IPGBs, no binary truncation
Algorithm statistics:
zero_reductions => 0
max_basis_size => 0
queued_pairs => 0
built_pairs => 0
reduced_pairs => 0
eliminated_by_truncation => 0
removed_by_autoreduction => 0
eliminated_by_gcd => 120
Project-and-Lift Stats: 
lifts => 1
lift_time => 0.037266804
optimize_time => 0.0
Algorithm statistics:
zero_reductions => 54281
max_basis_size => 1085
queued_pairs => 0
built_pairs => 61513
reduced_pairs => 61513
eliminated_by_truncation => 6159
removed_by_autoreduction => 0
eliminated_by_gcd => 526557
time => 0.223784097
memory => 0.11577970534563065
IPGBs, with binary truncation
Algorithm statistics:
zero_reductions => 0
max_basis_size => 0
queued_pairs => 0
built_pairs => 0
reduced_pairs => 0
eliminated_by_truncation => 0
removed_by_autoreduction => 0
eliminated_by_gcd => 120
Project-and-Lift Stats: 
lifts => 1
lift_time => 0.008239299
optimize_time => 0.0
Algorithm statistics:
zero_reductions => 12174
max_basis_size => 1085
queued_pairs => 0
built_pairs => 13805
reduced_pairs => 13805
eliminated_by_truncation => 558
removed_by_autoreduction => 0
eliminated_by_gcd => 574265
time => 0.114761935
memory => 0.08276330679655075
4ti2 results
4ti2 time => 0.443266087
