IPGBs, no binary truncation
Algorithm statistics:
zero_reductions => 0
max_basis_size => 0
queued_pairs => 0
built_pairs => 0
reduced_pairs => 0
eliminated_by_truncation => 0
removed_by_autoreduction => 0
eliminated_by_gcd => 136
Project-and-Lift Stats: 
lifts => 1
lift_time => 0.063867076
optimize_time => 0.0
Algorithm statistics:
zero_reductions => 25570986
max_basis_size => 30912
queued_pairs => 0
built_pairs => 26778673
reduced_pairs => 26778673
eliminated_by_truncation => 1175568
removed_by_autoreduction => 1223
eliminated_by_gcd => 453493407
time => 215.343829148
memory => 23.268287241458893
IPGBs, with binary truncation
Algorithm statistics:
zero_reductions => 0
max_basis_size => 0
queued_pairs => 0
built_pairs => 0
reduced_pairs => 0
eliminated_by_truncation => 0
removed_by_autoreduction => 0
eliminated_by_gcd => 136
Project-and-Lift Stats: 
lifts => 1
lift_time => 0.070570629
optimize_time => 0.0
Algorithm statistics:
zero_reductions => 1475433
max_basis_size => 30912
queued_pairs => 0
built_pairs => 1593012
reduced_pairs => 1593012
eliminated_by_truncation => 85460
removed_by_autoreduction => 1223
eliminated_by_gcd => 478679068
time => 53.672693457
memory => 15.495038442313671
4ti2 results
4ti2 time => 183.634957192
