IPGBs, no binary truncation
Algorithm statistics:
zero_reductions => 0
max_basis_size => 0
queued_pairs => 0
built_pairs => 0
reduced_pairs => 0
eliminated_by_truncation => 0
removed_by_autoreduction => 0
eliminated_by_gcd => 105
Project-and-Lift Stats: 
lifts => 1
lift_time => 0.006970193
optimize_time => 0.0
Algorithm statistics:
zero_reductions => 40636
max_basis_size => 921
queued_pairs => 0
built_pairs => 44400
reduced_pairs => 44400
eliminated_by_truncation => 2855
removed_by_autoreduction => 0
eliminated_by_gcd => 379260
time => 0.165768664
memory => 0.08353729546070099
IPGBs, with binary truncation
Algorithm statistics:
zero_reductions => 0
max_basis_size => 0
queued_pairs => 0
built_pairs => 0
reduced_pairs => 0
eliminated_by_truncation => 0
removed_by_autoreduction => 0
eliminated_by_gcd => 105
Project-and-Lift Stats: 
lifts => 1
lift_time => 0.006993993
optimize_time => 0.0
Algorithm statistics:
zero_reductions => 10417
max_basis_size => 921
queued_pairs => 0
built_pairs => 11759
reduced_pairs => 11759
eliminated_by_truncation => 433
removed_by_autoreduction => 0
eliminated_by_gcd => 411901
time => 0.078985472
memory => 0.06858383119106293
4ti2 results
4ti2 time => 0.243391519
