IPGBs, no binary truncation
Algorithm statistics:
zero_reductions => 0
max_basis_size => 0
queued_pairs => 0
built_pairs => 0
reduced_pairs => 0
eliminated_by_truncation => 0
removed_by_autoreduction => 0
eliminated_by_gcd => 105
Project-and-Lift Stats: 
lifts => 1
lift_time => 0.017114837
optimize_time => 0.0
Algorithm statistics:
zero_reductions => 5220418
max_basis_size => 14504
queued_pairs => 0
built_pairs => 5604295
reduced_pairs => 5604295
eliminated_by_truncation => 368991
removed_by_autoreduction => 396
eliminated_by_gcd => 100146708
time => 32.168135077
memory => 5.721736788749695
IPGBs, with binary truncation
Algorithm statistics:
zero_reductions => 0
max_basis_size => 0
queued_pairs => 0
built_pairs => 0
reduced_pairs => 0
eliminated_by_truncation => 0
removed_by_autoreduction => 0
eliminated_by_gcd => 105
Project-and-Lift Stats: 
lifts => 1
lift_time => 0.010395177
optimize_time => 0.0
Algorithm statistics:
zero_reductions => 300961
max_basis_size => 14504
queued_pairs => 0
built_pairs => 338538
reduced_pairs => 338538
eliminated_by_truncation => 22691
removed_by_autoreduction => 396
eliminated_by_gcd => 105412465
time => 9.706578219
memory => 3.5387928932905197
4ti2 results
4ti2 time => 36.224568614
