IPGBs, no binary truncation
Algorithm statistics:
zero_reductions => 0
max_basis_size => 0
queued_pairs => 0
built_pairs => 0
reduced_pairs => 0
eliminated_by_truncation => 0
removed_by_autoreduction => 0
eliminated_by_gcd => 153
Project-and-Lift Stats: 
lifts => 1
lift_time => 0.049807564
optimize_time => 0.0
Algorithm statistics:
zero_reductions => 7209911
max_basis_size => 15134
queued_pairs => 0
built_pairs => 7442299
reduced_pairs => 7442299
eliminated_by_truncation => 216422
removed_by_autoreduction => 879
eliminated_by_gcd => 108276801
time => 30.25749588
memory => 5.4944066777825356
IPGBs, with binary truncation
Algorithm statistics:
zero_reductions => 0
max_basis_size => 0
queued_pairs => 0
built_pairs => 0
reduced_pairs => 0
eliminated_by_truncation => 0
removed_by_autoreduction => 0
eliminated_by_gcd => 153
Project-and-Lift Stats: 
lifts => 1
lift_time => 0.011101191
optimize_time => 0.0
Algorithm statistics:
zero_reductions => 544093
max_basis_size => 15134
queued_pairs => 0
built_pairs => 576235
reduced_pairs => 576235
eliminated_by_truncation => 16176
removed_by_autoreduction => 879
eliminated_by_gcd => 115142865
time => 11.121740532
memory => 3.8579174652695656
4ti2 results
4ti2 time => 30.254404212
