IPGBs, no binary truncation
Algorithm statistics:
zero_reductions => 0
max_basis_size => 0
queued_pairs => 0
built_pairs => 0
reduced_pairs => 0
eliminated_by_truncation => 0
removed_by_autoreduction => 0
eliminated_by_gcd => 120
Project-and-Lift Stats: 
lifts => 1
lift_time => 0.011012879
optimize_time => 0.0
Algorithm statistics:
zero_reductions => 153569
max_basis_size => 2020
queued_pairs => 0
built_pairs => 168669
reduced_pairs => 168669
eliminated_by_truncation => 13092
removed_by_autoreduction => 0
eliminated_by_gcd => 1870521
time => 0.582566902
memory => 0.22681592404842377
IPGBs, with binary truncation
Algorithm statistics:
zero_reductions => 0
max_basis_size => 0
queued_pairs => 0
built_pairs => 0
reduced_pairs => 0
eliminated_by_truncation => 0
removed_by_autoreduction => 0
eliminated_by_gcd => 120
Project-and-Lift Stats: 
lifts => 1
lift_time => 0.010823147
optimize_time => 0.0
Algorithm statistics:
zero_reductions => 21566
max_basis_size => 2020
queued_pairs => 0
built_pairs => 24699
reduced_pairs => 24699
eliminated_by_truncation => 1125
removed_by_autoreduction => 0
eliminated_by_gcd => 2014491
time => 0.269864995
memory => 0.1531435251235962
4ti2 results
4ti2 time => 0.990303614
