IPGBs, no binary truncation
Algorithm statistics:
zero_reductions => 0
max_basis_size => 0
queued_pairs => 0
built_pairs => 0
reduced_pairs => 0
eliminated_by_truncation => 0
removed_by_autoreduction => 0
eliminated_by_gcd => 105
Project-and-Lift Stats: 
lifts => 1
lift_time => 0.008695128
optimize_time => 0.0
Algorithm statistics:
zero_reductions => 200845
max_basis_size => 2224
queued_pairs => 0
built_pairs => 216713
reduced_pairs => 216713
eliminated_by_truncation => 13656
removed_by_autoreduction => 0
eliminated_by_gcd => 2255263
time => 0.604181679
memory => 0.23041250556707382
IPGBs, with binary truncation
Algorithm statistics:
zero_reductions => 0
max_basis_size => 0
queued_pairs => 0
built_pairs => 0
reduced_pairs => 0
eliminated_by_truncation => 0
removed_by_autoreduction => 0
eliminated_by_gcd => 105
Project-and-Lift Stats: 
lifts => 1
lift_time => 0.038669244
optimize_time => 0.0
Algorithm statistics:
zero_reductions => 31797
max_basis_size => 2224
queued_pairs => 0
built_pairs => 34383
reduced_pairs => 34383
eliminated_by_truncation => 374
removed_by_autoreduction => 0
eliminated_by_gcd => 2437593
time => 0.269198237
memory => 0.14815057069063187
4ti2 results
4ti2 time => 1.059842087
