IPGBs, no binary truncation
Algorithm statistics:
zero_reductions => 0
max_basis_size => 0
queued_pairs => 0
built_pairs => 0
reduced_pairs => 0
eliminated_by_truncation => 0
removed_by_autoreduction => 0
eliminated_by_gcd => 120
Project-and-Lift Stats: 
lifts => 1
lift_time => 0.013285263
optimize_time => 0.0
Algorithm statistics:
zero_reductions => 1640876
max_basis_size => 7501
queued_pairs => 0
built_pairs => 1765006
reduced_pairs => 1765006
eliminated_by_truncation => 116445
removed_by_autoreduction => 214
eliminated_by_gcd => 26570036
time => 7.273028071
memory => 1.751929648220539
IPGBs, with binary truncation
Algorithm statistics:
zero_reductions => 0
max_basis_size => 0
queued_pairs => 0
built_pairs => 0
reduced_pairs => 0
eliminated_by_truncation => 0
removed_by_autoreduction => 0
eliminated_by_gcd => 120
Project-and-Lift Stats: 
lifts => 1
lift_time => 0.013380463
optimize_time => 0.0
Algorithm statistics:
zero_reductions => 147607
max_basis_size => 7501
queued_pairs => 0
built_pairs => 163805
reduced_pairs => 163805
eliminated_by_truncation => 8513
removed_by_autoreduction => 214
eliminated_by_gcd => 28171237
time => 2.785881823
memory => 1.0651428028941154
4ti2 results
4ti2 time => 10.130760949
