IPGBs, no binary truncation
Algorithm statistics:
zero_reductions => 0
max_basis_size => 0
queued_pairs => 0
built_pairs => 0
reduced_pairs => 0
eliminated_by_truncation => 0
removed_by_autoreduction => 0
eliminated_by_gcd => 136
Project-and-Lift Stats: 
lifts => 1
lift_time => 0.054936176
optimize_time => 0.0
Algorithm statistics:
zero_reductions => 11658722
max_basis_size => 21278
queued_pairs => 0
built_pairs => 12090466
reduced_pairs => 12090466
eliminated_by_truncation => 409791
removed_by_autoreduction => 691
eliminated_by_gcd => 215029121
time => 62.635651473
memory => 10.254405327141285
IPGBs, with binary truncation
Algorithm statistics:
zero_reductions => 0
max_basis_size => 0
queued_pairs => 0
built_pairs => 0
reduced_pairs => 0
eliminated_by_truncation => 0
removed_by_autoreduction => 0
eliminated_by_gcd => 136
Project-and-Lift Stats: 
lifts => 1
lift_time => 0.010754373
optimize_time => 0.0
Algorithm statistics:
zero_reductions => 726632
max_basis_size => 21278
queued_pairs => 0
built_pairs => 777392
reduced_pairs => 777392
eliminated_by_truncation => 28807
removed_by_autoreduction => 691
eliminated_by_gcd => 226342195
time => 21.393841416
memory => 7.35072685778141
4ti2 results
4ti2 time => 57.940910768
