IPGBs, no binary truncation
Algorithm statistics:
zero_reductions => 0
max_basis_size => 0
queued_pairs => 0
built_pairs => 0
reduced_pairs => 0
eliminated_by_truncation => 0
removed_by_autoreduction => 0
eliminated_by_gcd => 136
Project-and-Lift Stats: 
lifts => 1
lift_time => 0.009066829
optimize_time => 0.0
Algorithm statistics:
zero_reductions => 2733311
max_basis_size => 9055
queued_pairs => 0
built_pairs => 2880959
reduced_pairs => 2880959
eliminated_by_truncation => 138202
removed_by_autoreduction => 405
eliminated_by_gcd => 38720730
time => 11.091729552
memory => 2.365761511027813
IPGBs, with binary truncation
Algorithm statistics:
zero_reductions => 0
max_basis_size => 0
queued_pairs => 0
built_pairs => 0
reduced_pairs => 0
eliminated_by_truncation => 0
removed_by_autoreduction => 0
eliminated_by_gcd => 136
Project-and-Lift Stats: 
lifts => 1
lift_time => 0.009002664
optimize_time => 0.0
Algorithm statistics:
zero_reductions => 293001
max_basis_size => 9055
queued_pairs => 0
built_pairs => 308026
reduced_pairs => 308026
eliminated_by_truncation => 5579
removed_by_autoreduction => 405
eliminated_by_gcd => 41293663
time => 3.961677148
memory => 1.4566910788416862
4ti2 results
4ti2 time => 13.227273466
