IPGBs, no binary truncation
Algorithm statistics:
zero_reductions => 0
max_basis_size => 0
queued_pairs => 0
built_pairs => 0
reduced_pairs => 0
eliminated_by_truncation => 0
removed_by_autoreduction => 0
eliminated_by_gcd => 120
Project-and-Lift Stats: 
lifts => 1
lift_time => 0.011395612
optimize_time => 0.0
Algorithm statistics:
zero_reductions => 139935
max_basis_size => 1788
queued_pairs => 0
built_pairs => 155304
reduced_pairs => 155304
eliminated_by_truncation => 13592
removed_by_autoreduction => 0
eliminated_by_gcd => 1442274
time => 0.671769536
memory => 0.21920014172792435
IPGBs, with binary truncation
Algorithm statistics:
zero_reductions => 0
max_basis_size => 0
queued_pairs => 0
built_pairs => 0
reduced_pairs => 0
eliminated_by_truncation => 0
removed_by_autoreduction => 0
eliminated_by_gcd => 120
Project-and-Lift Stats: 
lifts => 1
lift_time => 0.011240912
optimize_time => 0.0
Algorithm statistics:
zero_reductions => 22513
max_basis_size => 1788
queued_pairs => 0
built_pairs => 24745
reduced_pairs => 24745
eliminated_by_truncation => 455
removed_by_autoreduction => 0
eliminated_by_gcd => 1572833
time => 0.24286041
memory => 0.13988231867551804
4ti2 results
4ti2 time => 1.10038622
