IPGBs, no binary truncation
Algorithm statistics:
zero_reductions => 0
max_basis_size => 0
queued_pairs => 0
built_pairs => 0
reduced_pairs => 0
eliminated_by_truncation => 0
removed_by_autoreduction => 0
eliminated_by_gcd => 105
Project-and-Lift Stats: 
lifts => 1
lift_time => 0.010343922
optimize_time => 0.0
Algorithm statistics:
zero_reductions => 356185
max_basis_size => 3108
queued_pairs => 0
built_pairs => 402132
reduced_pairs => 402132
eliminated_by_truncation => 42807
removed_by_autoreduction => 44
eliminated_by_gcd => 4508118
time => 1.606931638
memory => 0.4889683350920677
IPGBs, with binary truncation
Algorithm statistics:
zero_reductions => 0
max_basis_size => 0
queued_pairs => 0
built_pairs => 0
reduced_pairs => 0
eliminated_by_truncation => 0
removed_by_autoreduction => 0
eliminated_by_gcd => 105
Project-and-Lift Stats: 
lifts => 1
lift_time => 0.009992964
optimize_time => 0.0
Algorithm statistics:
zero_reductions => 40655
max_basis_size => 3108
queued_pairs => 0
built_pairs => 47622
reduced_pairs => 47622
eliminated_by_truncation => 3827
removed_by_autoreduction => 44
eliminated_by_gcd => 4862628
time => 0.521552982
memory => 0.2610032185912132
4ti2 results
4ti2 time => 3.081907891
