IPGBs, no binary truncation
Algorithm statistics:
zero_reductions => 0
max_basis_size => 0
queued_pairs => 0
built_pairs => 0
reduced_pairs => 0
eliminated_by_truncation => 0
removed_by_autoreduction => 0
eliminated_by_gcd => 153
Project-and-Lift Stats: 
lifts => 1
lift_time => 0.016260189
optimize_time => 0.0
Algorithm statistics:
zero_reductions => 304178
max_basis_size => 2652
queued_pairs => 0
built_pairs => 327808
reduced_pairs => 327808
eliminated_by_truncation => 20987
removed_by_autoreduction => 37
eliminated_by_gcd => 3194916
time => 1.069250869
memory => 0.35764023661613464
IPGBs, with binary truncation
Algorithm statistics:
zero_reductions => 0
max_basis_size => 0
queued_pairs => 0
built_pairs => 0
reduced_pairs => 0
eliminated_by_truncation => 0
removed_by_autoreduction => 0
eliminated_by_gcd => 153
Project-and-Lift Stats: 
lifts => 1
lift_time => 0.062711193
optimize_time => 0.0
Algorithm statistics:
zero_reductions => 50295
max_basis_size => 2652
queued_pairs => 0
built_pairs => 54241
reduced_pairs => 54241
eliminated_by_truncation => 1303
removed_by_autoreduction => 37
eliminated_by_gcd => 3468483
time => 0.450319816
memory => 0.22692252695560455
4ti2 results
4ti2 time => 1.931467854
