IPGBs, no binary truncation
Algorithm statistics:
zero_reductions => 0
max_basis_size => 0
queued_pairs => 0
built_pairs => 0
reduced_pairs => 0
eliminated_by_truncation => 0
removed_by_autoreduction => 0
eliminated_by_gcd => 153
Project-and-Lift Stats: 
lifts => 1
lift_time => 0.057663962
optimize_time => 0.0
Algorithm statistics:
zero_reductions => 42855902
max_basis_size => 45364
queued_pairs => 0
built_pairs => 44165020
reduced_pairs => 44165020
eliminated_by_truncation => 1261224
removed_by_autoreduction => 2546
eliminated_by_gcd => 992165896
time => 317.684529634
memory => 42.26793175190687
IPGBs, with binary truncation
Algorithm statistics:
zero_reductions => 0
max_basis_size => 0
queued_pairs => 0
built_pairs => 0
reduced_pairs => 0
eliminated_by_truncation => 0
removed_by_autoreduction => 0
eliminated_by_gcd => 153
Project-and-Lift Stats: 
lifts => 1
lift_time => 0.016030795
optimize_time => 0.0
Algorithm statistics:
zero_reductions => 2153067
max_basis_size => 45364
queued_pairs => 0
built_pairs => 2235820
reduced_pairs => 2235820
eliminated_by_truncation => 34859
removed_by_autoreduction => 2546
eliminated_by_gcd => 1034095096
time => 130.021613077
memory => 32.255054250359535
4ti2 results
4ti2 time => 242.476698567
