IPGBs, no binary truncation
Algorithm statistics:
zero_reductions => 0
max_basis_size => 0
queued_pairs => 0
built_pairs => 0
reduced_pairs => 0
eliminated_by_truncation => 0
removed_by_autoreduction => 0
eliminated_by_gcd => 136
Project-and-Lift Stats: 
lifts => 1
lift_time => 0.016627819
optimize_time => 0.0
Algorithm statistics:
zero_reductions => 86674932
max_basis_size => 70473
queued_pairs => 0
built_pairs => 89625854
reduced_pairs => 89625854
eliminated_by_truncation => 2875634
removed_by_autoreduction => 4831
eliminated_by_gcd => 2426766648
time => 915.745403522
memory => 99.05917336791754
IPGBs, with binary truncation
Algorithm statistics:
zero_reductions => 0
max_basis_size => 0
queued_pairs => 0
built_pairs => 0
reduced_pairs => 0
eliminated_by_truncation => 0
removed_by_autoreduction => 0
eliminated_by_gcd => 136
Project-and-Lift Stats: 
lifts => 1
lift_time => 0.087747497
optimize_time => 0.0
Algorithm statistics:
zero_reductions => 2690979
max_basis_size => 70473
queued_pairs => 0
built_pairs => 2888533
reduced_pairs => 2888533
eliminated_by_truncation => 122266
removed_by_autoreduction => 4831
eliminated_by_gcd => 2513503969
time => 376.091232229
memory => 77.70343725383282
4ti2 results
4ti2 time => 624.020028152
