IPGBs, no binary truncation
Algorithm statistics:
zero_reductions => 0
max_basis_size => 0
queued_pairs => 0
built_pairs => 0
reduced_pairs => 0
eliminated_by_truncation => 0
removed_by_autoreduction => 0
eliminated_by_gcd => 136
Project-and-Lift Stats: 
lifts => 1
lift_time => 0.020115197
optimize_time => 0.0
Algorithm statistics:
zero_reductions => 5976820
max_basis_size => 14592
queued_pairs => 0
built_pairs => 6261743
reduced_pairs => 6261743
eliminated_by_truncation => 269434
removed_by_autoreduction => 912
eliminated_by_gcd => 101241108
time => 28.136635874
memory => 5.389109052717686
IPGBs, with binary truncation
Algorithm statistics:
zero_reductions => 0
max_basis_size => 0
queued_pairs => 0
built_pairs => 0
reduced_pairs => 0
eliminated_by_truncation => 0
removed_by_autoreduction => 0
eliminated_by_gcd => 136
Project-and-Lift Stats: 
lifts => 1
lift_time => 0.015947215
optimize_time => 0.0
Algorithm statistics:
zero_reductions => 461361
max_basis_size => 14592
queued_pairs => 0
built_pairs => 501286
reduced_pairs => 501286
eliminated_by_truncation => 24436
removed_by_autoreduction => 912
eliminated_by_gcd => 107001565
time => 10.327256328
memory => 3.6346976086497307
4ti2 results
4ti2 time => 30.258684846
