IPGBs, no binary truncation
Algorithm statistics:
zero_reductions => 0
max_basis_size => 0
queued_pairs => 0
built_pairs => 0
reduced_pairs => 0
eliminated_by_truncation => 0
removed_by_autoreduction => 0
eliminated_by_gcd => 136
Project-and-Lift Stats: 
lifts => 1
lift_time => 0.053051578
optimize_time => 0.0
Algorithm statistics:
zero_reductions => 1028468
max_basis_size => 5114
queued_pairs => 0
built_pairs => 1115751
reduced_pairs => 1115751
eliminated_by_truncation => 82063
removed_by_autoreduction => 137
eliminated_by_gcd => 12123084
time => 4.220865483
memory => 1.0357878282666206
IPGBs, with binary truncation
Algorithm statistics:
zero_reductions => 0
max_basis_size => 0
queued_pairs => 0
built_pairs => 0
reduced_pairs => 0
eliminated_by_truncation => 0
removed_by_autoreduction => 0
eliminated_by_gcd => 136
Project-and-Lift Stats: 
lifts => 1
lift_time => 0.037137285
optimize_time => 0.0
Algorithm statistics:
zero_reductions => 130246
max_basis_size => 5114
queued_pairs => 0
built_pairs => 143097
reduced_pairs => 143097
eliminated_by_truncation => 7631
removed_by_autoreduction => 137
eliminated_by_gcd => 13095738
time => 1.566641216
memory => 0.5609518960118294
4ti2 results
4ti2 time => 6.582525817
