IPGBs, no binary truncation
Algorithm statistics:
zero_reductions => 0
max_basis_size => 0
queued_pairs => 0
built_pairs => 0
reduced_pairs => 0
eliminated_by_truncation => 0
removed_by_autoreduction => 0
eliminated_by_gcd => 105
Project-and-Lift Stats: 
lifts => 1
lift_time => 0.012369924
optimize_time => 0.0
Algorithm statistics:
zero_reductions => 447314
max_basis_size => 3211
queued_pairs => 0
built_pairs => 477578
reduced_pairs => 477578
eliminated_by_truncation => 27021
removed_by_autoreduction => 94
eliminated_by_gcd => 4716803
time => 1.555301484
memory => 0.4094617888331413
IPGBs, with binary truncation
Algorithm statistics:
zero_reductions => 0
max_basis_size => 0
queued_pairs => 0
built_pairs => 0
reduced_pairs => 0
eliminated_by_truncation => 0
removed_by_autoreduction => 0
eliminated_by_gcd => 105
Project-and-Lift Stats: 
lifts => 1
lift_time => 0.011466456
optimize_time => 0.0
Algorithm statistics:
zero_reductions => 54873
max_basis_size => 3211
queued_pairs => 0
built_pairs => 61131
reduced_pairs => 61131
eliminated_by_truncation => 3015
removed_by_autoreduction => 94
eliminated_by_gcd => 5133250
time => 0.712898602
memory => 0.25424181669950485
4ti2 results
4ti2 time => 2.295015661
