IPGBs, no binary truncation
Algorithm statistics:
zero_reductions => 0
max_basis_size => 0
queued_pairs => 0
built_pairs => 0
reduced_pairs => 0
eliminated_by_truncation => 0
removed_by_autoreduction => 0
eliminated_by_gcd => 153
Project-and-Lift Stats: 
lifts => 1
lift_time => 0.015082843
optimize_time => 0.0
Algorithm statistics:
zero_reductions => 3863443
max_basis_size => 11927
queued_pairs => 0
built_pairs => 4027861
reduced_pairs => 4027861
eliminated_by_truncation => 152114
removed_by_autoreduction => 392
eliminated_by_gcd => 67690937
time => 19.048760952
memory => 3.5236358419060707
IPGBs, with binary truncation
Algorithm statistics:
zero_reductions => 0
max_basis_size => 0
queued_pairs => 0
built_pairs => 0
reduced_pairs => 0
eliminated_by_truncation => 0
removed_by_autoreduction => 0
eliminated_by_gcd => 153
Project-and-Lift Stats: 
lifts => 1
lift_time => 0.014621824
optimize_time => 0.0
Algorithm statistics:
zero_reductions => 327687
max_basis_size => 11927
queued_pairs => 0
built_pairs => 344489
reduced_pairs => 344489
eliminated_by_truncation => 4498
removed_by_autoreduction => 392
eliminated_by_gcd => 71374309
time => 6.70365597
memory => 2.4196930304169655
4ti2 results
4ti2 time => 19.727827198
