IPGBs, no binary truncation
Algorithm statistics:
zero_reductions => 0
max_basis_size => 0
queued_pairs => 0
built_pairs => 0
reduced_pairs => 0
eliminated_by_truncation => 0
removed_by_autoreduction => 0
eliminated_by_gcd => 136
Project-and-Lift Stats: 
lifts => 1
lift_time => 0.013178769
optimize_time => 0.0
Algorithm statistics:
zero_reductions => 5041649
max_basis_size => 14981
queued_pairs => 0
built_pairs => 5252285
reduced_pairs => 5252285
eliminated_by_truncation => 195122
removed_by_autoreduction => 593
eliminated_by_gcd => 107555049
time => 22.238579225
memory => 5.0805294290184975
IPGBs, with binary truncation
Algorithm statistics:
zero_reductions => 0
max_basis_size => 0
queued_pairs => 0
built_pairs => 0
reduced_pairs => 0
eliminated_by_truncation => 0
removed_by_autoreduction => 0
eliminated_by_gcd => 136
Project-and-Lift Stats: 
lifts => 1
lift_time => 0.012006722
optimize_time => 0.0
Algorithm statistics:
zero_reductions => 331403
max_basis_size => 14981
queued_pairs => 0
built_pairs => 363261
reduced_pairs => 363261
eliminated_by_truncation => 16344
removed_by_autoreduction => 593
eliminated_by_gcd => 112444073
time => 9.641532511
memory => 3.7494790628552437
4ti2 results
4ti2 time => 22.445728869
