IPGBs, no binary truncation
Algorithm statistics:
zero_reductions => 0
max_basis_size => 0
queued_pairs => 0
built_pairs => 0
reduced_pairs => 0
eliminated_by_truncation => 0
removed_by_autoreduction => 0
eliminated_by_gcd => 153
Project-and-Lift Stats: 
lifts => 1
lift_time => 0.052574289
optimize_time => 0.0
Algorithm statistics:
zero_reductions => 10456412
max_basis_size => 17771
queued_pairs => 0
built_pairs => 10778773
reduced_pairs => 10778773
eliminated_by_truncation => 303963
removed_by_autoreduction => 643
eliminated_by_gcd => 148028047
time => 56.866091792
memory => 7.56862972676754
IPGBs, with binary truncation
Algorithm statistics:
zero_reductions => 0
max_basis_size => 0
queued_pairs => 0
built_pairs => 0
reduced_pairs => 0
eliminated_by_truncation => 0
removed_by_autoreduction => 0
eliminated_by_gcd => 153
Project-and-Lift Stats: 
lifts => 1
lift_time => 0.012146138
optimize_time => 0.0
Algorithm statistics:
zero_reductions => 780036
max_basis_size => 17771
queued_pairs => 0
built_pairs => 807103
reduced_pairs => 807103
eliminated_by_truncation => 8669
removed_by_autoreduction => 643
eliminated_by_gcd => 157999717
time => 16.290880865
memory => 5.166555903851986
4ti2 results
4ti2 time => 52.66722331
