IPGBs, no binary truncation
Algorithm statistics:
zero_reductions => 0
max_basis_size => 0
queued_pairs => 0
built_pairs => 0
reduced_pairs => 0
eliminated_by_truncation => 0
removed_by_autoreduction => 0
eliminated_by_gcd => 120
Project-and-Lift Stats: 
lifts => 1
lift_time => 0.009804524
optimize_time => 0.0
Algorithm statistics:
zero_reductions => 7016
max_basis_size => 370
queued_pairs => 0
built_pairs => 8131
reduced_pairs => 8131
eliminated_by_truncation => 756
removed_by_autoreduction => 0
eliminated_by_gcd => 60134
time => 0.096407316
memory => 0.06607075780630112
IPGBs, with binary truncation
Algorithm statistics:
zero_reductions => 0
max_basis_size => 0
queued_pairs => 0
built_pairs => 0
reduced_pairs => 0
eliminated_by_truncation => 0
removed_by_autoreduction => 0
eliminated_by_gcd => 120
Project-and-Lift Stats: 
lifts => 1
lift_time => 0.052468079
optimize_time => 0.0
Algorithm statistics:
zero_reductions => 2811
max_basis_size => 370
queued_pairs => 0
built_pairs => 3261
reduced_pairs => 3261
eliminated_by_truncation => 91
removed_by_autoreduction => 0
eliminated_by_gcd => 65004
time => 0.09462704
memory => 0.062209926545619965
4ti2 results
4ti2 time => 0.079766903
