IPGBs, no binary truncation
Algorithm statistics:
zero_reductions => 0
max_basis_size => 0
queued_pairs => 0
built_pairs => 0
reduced_pairs => 0
eliminated_by_truncation => 0
removed_by_autoreduction => 0
eliminated_by_gcd => 153
Project-and-Lift Stats: 
lifts => 1
lift_time => 0.047681924
optimize_time => 0.0
Algorithm statistics:
zero_reductions => 45614989
max_basis_size => 45944
queued_pairs => 0
built_pairs => 46912760
reduced_pairs => 46912760
eliminated_by_truncation => 1250182
removed_by_autoreduction => 1662
eliminated_by_gcd => 1012199958
time => 403.456143159
memory => 43.08190567791462
IPGBs, with binary truncation
Algorithm statistics:
zero_reductions => 0
max_basis_size => 0
queued_pairs => 0
built_pairs => 0
reduced_pairs => 0
eliminated_by_truncation => 0
removed_by_autoreduction => 0
eliminated_by_gcd => 153
Project-and-Lift Stats: 
lifts => 1
lift_time => 0.060838189
optimize_time => 0.0
Algorithm statistics:
zero_reductions => 2787755
max_basis_size => 45944
queued_pairs => 0
built_pairs => 2891301
reduced_pairs => 2891301
eliminated_by_truncation => 55957
removed_by_autoreduction => 1662
eliminated_by_gcd => 1056221417
time => 144.415737934
memory => 33.092718206346035
4ti2 results
4ti2 time => 297.548015495
