IPGBs, no binary truncation
Algorithm statistics:
zero_reductions => 0
max_basis_size => 0
queued_pairs => 0
built_pairs => 0
reduced_pairs => 0
eliminated_by_truncation => 0
removed_by_autoreduction => 0
eliminated_by_gcd => 105
Project-and-Lift Stats: 
lifts => 1
lift_time => 0.498627624
optimize_time => 0.0
Algorithm statistics:
zero_reductions => 16477
max_basis_size => 530
queued_pairs => 0
built_pairs => 18851
reduced_pairs => 18851
eliminated_by_truncation => 1855
removed_by_autoreduction => 0
eliminated_by_gcd => 121334
time => 1.030504172
memory => 0.11369963735342026
IPGBs, with binary truncation
Algorithm statistics:
zero_reductions => 0
max_basis_size => 0
queued_pairs => 0
built_pairs => 0
reduced_pairs => 0
eliminated_by_truncation => 0
removed_by_autoreduction => 0
eliminated_by_gcd => 105
Project-and-Lift Stats: 
lifts => 1
lift_time => 0.009166778
optimize_time => 0.0
Algorithm statistics:
zero_reductions => 4477
max_basis_size => 530
queued_pairs => 0
built_pairs => 5283
reduced_pairs => 5283
eliminated_by_truncation => 287
removed_by_autoreduction => 0
eliminated_by_gcd => 134902
time => 0.06093397
memory => 0.06120194494724274
4ti2 results
4ti2 time => 0.149945188
