IPGBs, no binary truncation
Algorithm statistics:
zero_reductions => 0
max_basis_size => 0
queued_pairs => 0
built_pairs => 0
reduced_pairs => 0
eliminated_by_truncation => 0
removed_by_autoreduction => 0
eliminated_by_gcd => 105
Project-and-Lift Stats: 
lifts => 1
lift_time => 0.006989192
optimize_time => 0.0
Algorithm statistics:
zero_reductions => 1010
max_basis_size => 122
queued_pairs => 0
built_pairs => 1228
reduced_pairs => 1228
eliminated_by_truncation => 106
removed_by_autoreduction => 0
eliminated_by_gcd => 6153
time => 0.087189923
memory => 0.04221211373806
IPGBs, with binary truncation
Algorithm statistics:
zero_reductions => 0
max_basis_size => 0
queued_pairs => 0
built_pairs => 0
reduced_pairs => 0
eliminated_by_truncation => 0
removed_by_autoreduction => 0
eliminated_by_gcd => 105
Project-and-Lift Stats: 
lifts => 1
lift_time => 0.042289665
optimize_time => 0.0
Algorithm statistics:
zero_reductions => 533
max_basis_size => 122
queued_pairs => 0
built_pairs => 684
reduced_pairs => 684
eliminated_by_truncation => 39
removed_by_autoreduction => 0
eliminated_by_gcd => 6697
time => 0.072835154
memory => 0.04182514548301697
4ti2 results
4ti2 time => 0.029885904
