IPGBs, no binary truncation
Algorithm statistics:
zero_reductions => 0
max_basis_size => 0
queued_pairs => 0
built_pairs => 0
reduced_pairs => 0
eliminated_by_truncation => 0
removed_by_autoreduction => 0
eliminated_by_gcd => 136
Project-and-Lift Stats: 
lifts => 1
lift_time => 0.010719422
optimize_time => 0.0
Algorithm statistics:
zero_reductions => 1487957
max_basis_size => 7135
queued_pairs => 0
built_pairs => 1580134
reduced_pairs => 1580134
eliminated_by_truncation => 84752
removed_by_autoreduction => 304
eliminated_by_gcd => 24251008
time => 5.64405919
memory => 1.490500845015049
IPGBs, with binary truncation
Algorithm statistics:
zero_reductions => 0
max_basis_size => 0
queued_pairs => 0
built_pairs => 0
reduced_pairs => 0
eliminated_by_truncation => 0
removed_by_autoreduction => 0
eliminated_by_gcd => 136
Project-and-Lift Stats: 
lifts => 1
lift_time => 0.01084124
optimize_time => 0.0
Algorithm statistics:
zero_reductions => 137435
max_basis_size => 7135
queued_pairs => 0
built_pairs => 149969
reduced_pairs => 149969
eliminated_by_truncation => 5109
removed_by_autoreduction => 304
eliminated_by_gcd => 25681173
time => 2.348940308
memory => 0.9529024139046669
4ti2 results
4ti2 time => 8.116836469
