IPGBs, no binary truncation
Algorithm statistics:
zero_reductions => 0
max_basis_size => 0
queued_pairs => 0
built_pairs => 0
reduced_pairs => 0
eliminated_by_truncation => 0
removed_by_autoreduction => 0
eliminated_by_gcd => 136
Project-and-Lift Stats: 
lifts => 1
lift_time => 0.015756445
optimize_time => 0.0
Algorithm statistics:
zero_reductions => 10564945
max_basis_size => 20046
queued_pairs => 0
built_pairs => 11005700
reduced_pairs => 11005700
eliminated_by_truncation => 420265
removed_by_autoreduction => 473
eliminated_by_gcd => 190447445
time => 74.934370195
memory => 9.462326295673847
IPGBs, with binary truncation
Algorithm statistics:
zero_reductions => 0
max_basis_size => 0
queued_pairs => 0
built_pairs => 0
reduced_pairs => 0
eliminated_by_truncation => 0
removed_by_autoreduction => 0
eliminated_by_gcd => 136
Project-and-Lift Stats: 
lifts => 1
lift_time => 0.012573131
optimize_time => 0.0
Algorithm statistics:
zero_reductions => 644901
max_basis_size => 20046
queued_pairs => 0
built_pairs => 675684
reduced_pairs => 675684
eliminated_by_truncation => 10293
removed_by_autoreduction => 473
eliminated_by_gcd => 200777461
time => 20.215784781
memory => 6.475335910916328
4ti2 results
4ti2 time => 66.345679915
