IPGBs, no binary truncation
Algorithm statistics:
zero_reductions => 0
max_basis_size => 0
queued_pairs => 0
built_pairs => 0
reduced_pairs => 0
eliminated_by_truncation => 0
removed_by_autoreduction => 0
eliminated_by_gcd => 120
Project-and-Lift Stats: 
lifts => 1
lift_time => 0.009506738
optimize_time => 0.0
Algorithm statistics:
zero_reductions => 844371
max_basis_size => 4669
queued_pairs => 0
built_pairs => 908056
reduced_pairs => 908056
eliminated_by_truncation => 58896
removed_by_autoreduction => 134
eliminated_by_gcd => 10181387
time => 2.980486731
memory => 0.8132290467619896
IPGBs, with binary truncation
Algorithm statistics:
zero_reductions => 0
max_basis_size => 0
queued_pairs => 0
built_pairs => 0
reduced_pairs => 0
eliminated_by_truncation => 0
removed_by_autoreduction => 0
eliminated_by_gcd => 120
Project-and-Lift Stats: 
lifts => 1
lift_time => 0.009059064
optimize_time => 0.0
Algorithm statistics:
zero_reductions => 99135
max_basis_size => 4669
queued_pairs => 0
built_pairs => 108574
reduced_pairs => 108574
eliminated_by_truncation => 4650
removed_by_autoreduction => 134
eliminated_by_gcd => 10980869
time => 1.053520549
memory => 0.4680789038538933
4ti2 results
4ti2 time => 5.019464092
