IPGBs, no binary truncation
Algorithm statistics:
zero_reductions => 0
max_basis_size => 0
queued_pairs => 0
built_pairs => 0
reduced_pairs => 0
eliminated_by_truncation => 0
removed_by_autoreduction => 0
eliminated_by_gcd => 120
Project-and-Lift Stats: 
lifts => 1
lift_time => 0.007902148
optimize_time => 0.0
Algorithm statistics:
zero_reductions => 4434
max_basis_size => 298
queued_pairs => 0
built_pairs => 5252
reduced_pairs => 5252
eliminated_by_truncation => 530
removed_by_autoreduction => 0
eliminated_by_gcd => 39001
time => 0.108188596
memory => 0.056808196008205414
IPGBs, with binary truncation
Algorithm statistics:
zero_reductions => 0
max_basis_size => 0
queued_pairs => 0
built_pairs => 0
reduced_pairs => 0
eliminated_by_truncation => 0
removed_by_autoreduction => 0
eliminated_by_gcd => 120
Project-and-Lift Stats: 
lifts => 1
lift_time => 0.007226892
optimize_time => 0.0
Algorithm statistics:
zero_reductions => 1749
max_basis_size => 298
queued_pairs => 0
built_pairs => 2046
reduced_pairs => 2046
eliminated_by_truncation => 9
removed_by_autoreduction => 0
eliminated_by_gcd => 42207
time => 0.090456178
memory => 0.05358269065618515
4ti2 results
4ti2 time => 0.07645373
