IPGBs, no binary truncation
Algorithm statistics:
zero_reductions => 0
max_basis_size => 0
queued_pairs => 0
built_pairs => 0
reduced_pairs => 0
eliminated_by_truncation => 0
removed_by_autoreduction => 0
eliminated_by_gcd => 171
Project-and-Lift Stats: 
lifts => 1
lift_time => 0.014114251
optimize_time => 0.0
Algorithm statistics:
zero_reductions => 25291784
max_basis_size => 27516
queued_pairs => 0
built_pairs => 25927633
reduced_pairs => 25927633
eliminated_by_truncation => 607533
removed_by_autoreduction => 820
eliminated_by_gcd => 353579187
time => 142.884798218
memory => 17.226390458643436
IPGBs, with binary truncation
Algorithm statistics:
zero_reductions => 0
max_basis_size => 0
queued_pairs => 0
built_pairs => 0
reduced_pairs => 0
eliminated_by_truncation => 0
removed_by_autoreduction => 0
eliminated_by_gcd => 171
Project-and-Lift Stats: 
lifts => 1
lift_time => 0.015645434
optimize_time => 0.0
Algorithm statistics:
zero_reductions => 2282593
max_basis_size => 27516
queued_pairs => 0
built_pairs => 2330782
reduced_pairs => 2330782
eliminated_by_truncation => 19873
removed_by_autoreduction => 820
eliminated_by_gcd => 377176038
time => 44.515722365
memory => 12.140699744224548
4ti2 results
4ti2 time => 122.945349898
