IPGBs, no binary truncation
Algorithm statistics:
zero_reductions => 1062
max_basis_size => 121
queued_pairs => 0
built_pairs => 1276
reduced_pairs => 1274
eliminated_by_truncation => 101
removed_by_autoreduction => 0
eliminated_by_gcd => 5984
time => 0.030393261
memory => 0.00555826723575592
IPGBs, with binary truncation
Algorithm statistics:
zero_reductions => 845
max_basis_size => 121
queued_pairs => 0
built_pairs => 956
reduced_pairs => 956
eliminated_by_truncation => 0
removed_by_autoreduction => 0
eliminated_by_gcd => 6304
time => 0.00596858
memory => 0.00406898558139801
4ti2 results
4ti2 time => 0.020444077
