IPGBs, no binary truncation
Algorithm statistics:
zero_reductions => 313531
max_basis_size => 2017
queued_pairs => 0
built_pairs => 318614
reduced_pairs => 318614
eliminated_by_truncation => 3096
removed_by_autoreduction => 0
eliminated_by_gcd => 1714522
time => 0.178417799
memory => 0.13540337979793549
IPGBs, with binary truncation
Algorithm statistics:
zero_reductions => 247936
max_basis_size => 2017
queued_pairs => 0
built_pairs => 249923
reduced_pairs => 249923
eliminated_by_truncation => 0
removed_by_autoreduction => 0
eliminated_by_gcd => 1783213
time => 0.329338526
memory => 0.1252107471227646
4ti2 results
4ti2 time => 0.307180852
