IPGBs, no binary truncation
Algorithm statistics:
zero_reductions => 207879842
max_basis_size => 46641
queued_pairs => 0
built_pairs => 208126861
reduced_pairs => 208126861
eliminated_by_truncation => 200420
removed_by_autoreduction => 8
eliminated_by_gcd => 879541259
time => 218.346396303
memory => 49.604824647307396
IPGBs, with binary truncation
Algorithm statistics:
zero_reductions => 157339686
max_basis_size => 46641
queued_pairs => 0
built_pairs => 157386285
reduced_pairs => 157386285
eliminated_by_truncation => 0
removed_by_autoreduction => 8
eliminated_by_gcd => 930281835
time => 213.589812803
memory => 45.298732817173004
4ti2 results
4ti2 time => 209.523504802
