IPGBs, no binary truncation
Algorithm statistics:
zero_reductions => 19
max_basis_size => 17
queued_pairs => 0
built_pairs => 40
reduced_pairs => 36
eliminated_by_truncation => 5
removed_by_autoreduction => 0
eliminated_by_gcd => 96
time => 0.004946587
memory => 0.0011882707476615906
IPGBs, with binary truncation
Algorithm statistics:
zero_reductions => 18
max_basis_size => 17
queued_pairs => 0
built_pairs => 32
reduced_pairs => 30
eliminated_by_truncation => 0
removed_by_autoreduction => 0
eliminated_by_gcd => 104
time => 0.00316285
memory => 0.001185290515422821
4ti2 results
4ti2 time => 0.013175171
