IPGBs, no binary truncation
Algorithm statistics:
zero_reductions => 42275
max_basis_size => 726
queued_pairs => 0
built_pairs => 43935
reduced_pairs => 43935
eliminated_by_truncation => 954
removed_by_autoreduction => 0
eliminated_by_gcd => 219240
time => 0.030380687
memory => 0.026825107634067535
IPGBs, with binary truncation
Algorithm statistics:
zero_reductions => 33126
max_basis_size => 726
queued_pairs => 0
built_pairs => 33832
reduced_pairs => 33832
eliminated_by_truncation => 0
removed_by_autoreduction => 0
eliminated_by_gcd => 229343
time => 0.027239669
memory => 0.024963535368442535
4ti2 results
4ti2 time => 0.070351145
