IPGBs, no binary truncation
Algorithm statistics:
zero_reductions => 15
max_basis_size => 16
queued_pairs => 0
built_pairs => 30
reduced_pairs => 29
eliminated_by_truncation => 3
removed_by_autoreduction => 0
eliminated_by_gcd => 90
time => 0.004574933
memory => 0.0011151358485221863
IPGBs, with binary truncation
Algorithm statistics:
zero_reductions => 13
max_basis_size => 16
queued_pairs => 0
built_pairs => 24
reduced_pairs => 24
eliminated_by_truncation => 0
removed_by_autoreduction => 0
eliminated_by_gcd => 96
time => 0.003121866
memory => 0.0011132583022117615
4ti2 results
4ti2 time => 0.013142133
