IPGBs, no binary truncation
Algorithm statistics:
zero_reductions => 70228846
max_basis_size => 27055
queued_pairs => 0
built_pairs => 70349738
reduced_pairs => 70349738
eliminated_by_truncation => 93871
removed_by_autoreduction => 6
eliminated_by_gcd => 295623247
time => 54.873544655
memory => 16.750745683908463
IPGBs, with binary truncation
Algorithm statistics:
zero_reductions => 50133568
max_basis_size => 27055
queued_pairs => 0
built_pairs => 50160589
reduced_pairs => 50160589
eliminated_by_truncation => 0
removed_by_autoreduction => 6
eliminated_by_gcd => 315812396
time => 53.871915521
memory => 15.053504258394241
4ti2 results
4ti2 time => 59.335077197
