IPGBs, no binary truncation
Algorithm statistics:
zero_reductions => 74987058
max_basis_size => 28396
queued_pairs => 0
built_pairs => 75089398
reduced_pairs => 75089398
eliminated_by_truncation => 73989
removed_by_autoreduction => 5
eliminated_by_gcd => 328062812
time => 61.719385022
memory => 18.35598785430193
IPGBs, with binary truncation
Algorithm statistics:
zero_reductions => 58156796
max_basis_size => 28396
queued_pairs => 0
built_pairs => 58185147
reduced_pairs => 58185147
eliminated_by_truncation => 0
removed_by_autoreduction => 5
eliminated_by_gcd => 344967063
time => 63.830170414
memory => 16.90248105674982
4ti2 results
4ti2 time => 70.006052054
