IPGBs, no binary truncation
Algorithm statistics:
zero_reductions => 48834
max_basis_size => 812
queued_pairs => 0
built_pairs => 50720
reduced_pairs => 50720
eliminated_by_truncation => 1094
removed_by_autoreduction => 0
eliminated_by_gcd => 278546
time => 0.03370638
memory => 0.02933385968208313
IPGBs, with binary truncation
Algorithm statistics:
zero_reductions => 37605
max_basis_size => 812
queued_pairs => 0
built_pairs => 38397
reduced_pairs => 38397
eliminated_by_truncation => 0
removed_by_autoreduction => 0
eliminated_by_gcd => 290869
time => 0.059789127
memory => 0.027144163846969604
4ti2 results
4ti2 time => 0.078454441
