IPGBs, no binary truncation
Algorithm statistics:
zero_reductions => 77734
max_basis_size => 920
queued_pairs => 0
built_pairs => 80591
reduced_pairs => 80561
eliminated_by_truncation => 1927
removed_by_autoreduction => 0
eliminated_by_gcd => 342149
time => 0.067055079
memory => 0.03720099478960037
IPGBs, with binary truncation
Algorithm statistics:
zero_reductions => 54911
max_basis_size => 920
queued_pairs => 0
built_pairs => 55811
reduced_pairs => 55811
eliminated_by_truncation => 0
removed_by_autoreduction => 0
eliminated_by_gcd => 366929
time => 0.039419357
memory => 0.03311499208211899
4ti2 results
4ti2 time => 0.092928193
