IPGBs, no binary truncation
Algorithm statistics:
zero_reductions => 107154700
max_basis_size => 33449
queued_pairs => 0
built_pairs => 107273813
reduced_pairs => 107273813
eliminated_by_truncation => 85709
removed_by_autoreduction => 5
eliminated_by_gcd => 452127263
time => 96.487538219
memory => 25.571623884141445
IPGBs, with binary truncation
Algorithm statistics:
zero_reductions => 86927858
max_basis_size => 33449
queued_pairs => 0
built_pairs => 86961262
reduced_pairs => 86961262
eliminated_by_truncation => 0
removed_by_autoreduction => 5
eliminated_by_gcd => 472439814
time => 100.166401908
memory => 23.833442024886608
4ti2 results
4ti2 time => 101.860309859
