IPGBs, no binary truncation
Algorithm statistics:
zero_reductions => 27223652
max_basis_size => 15946
queued_pairs => 0
built_pairs => 27287074
reduced_pairs => 27287074
eliminated_by_truncation => 47516
removed_by_autoreduction => 0
eliminated_by_gcd => 99842411
time => 16.440887044
memory => 6.137614361941814
IPGBs, with binary truncation
Algorithm statistics:
zero_reductions => 22319897
max_basis_size => 15946
queued_pairs => 0
built_pairs => 22335803
reduced_pairs => 22335803
eliminated_by_truncation => 0
removed_by_autoreduction => 0
eliminated_by_gcd => 104793682
time => 15.446817974
memory => 5.671005897223949
4ti2 results
4ti2 time => 21.57366488
