IPGBs, no binary truncation
Algorithm statistics:
zero_reductions => 17053321
max_basis_size => 13303
queued_pairs => 0
built_pairs => 17119060
reduced_pairs => 17119060
eliminated_by_truncation => 52476
removed_by_autoreduction => 0
eliminated_by_gcd => 71359193
time => 10.481724597
memory => 4.208447694778442
IPGBs, with binary truncation
Algorithm statistics:
zero_reductions => 13735117
max_basis_size => 13303
queued_pairs => 0
built_pairs => 13748380
reduced_pairs => 13748380
eliminated_by_truncation => 0
removed_by_autoreduction => 0
eliminated_by_gcd => 74729873
time => 9.610740963
memory => 3.849402889609337
4ti2 results
4ti2 time => 14.062739891
