IPGBs, no binary truncation
Algorithm statistics:
zero_reductions => 6397016
max_basis_size => 8800
queued_pairs => 0
built_pairs => 6454842
reduced_pairs => 6425866
eliminated_by_truncation => 20068
removed_by_autoreduction => 22
eliminated_by_gcd => 32260758
time => 3.918736091
memory => 1.8084504827857018
IPGBs, with binary truncation
Algorithm statistics:
zero_reductions => 4875285
max_basis_size => 8800
queued_pairs => 0
built_pairs => 4884067
reduced_pairs => 4884067
eliminated_by_truncation => 0
removed_by_autoreduction => 22
eliminated_by_gcd => 33831533
time => 3.536587058
memory => 1.6501515731215477
4ti2 results
4ti2 time => 5.204013685
