IPGBs, no binary truncation
Algorithm statistics:
zero_reductions => 55985898
max_basis_size => 25298
queued_pairs => 0
built_pairs => 56093568
reduced_pairs => 56093568
eliminated_by_truncation => 82416
removed_by_autoreduction => 6
eliminated_by_gcd => 263888185
time => 44.688039798
memory => 14.425865665078163
IPGBs, with binary truncation
Algorithm statistics:
zero_reductions => 43858041
max_basis_size => 25298
queued_pairs => 0
built_pairs => 43883295
reduced_pairs => 43883295
eliminated_by_truncation => 0
removed_by_autoreduction => 6
eliminated_by_gcd => 276098458
time => 44.219416044
memory => 13.29998292028904
4ti2 results
4ti2 time => 51.07634729
