IPGBs, no binary truncation
Algorithm statistics:
zero_reductions => 6156527
max_basis_size => 8784
queued_pairs => 0
built_pairs => 6186974
reduced_pairs => 6186974
eliminated_by_truncation => 21692
removed_by_autoreduction => 1
eliminated_by_gcd => 32387962
time => 4.058960193
memory => 1.7326661199331284
IPGBs, with binary truncation
Algorithm statistics:
zero_reductions => 4265851
max_basis_size => 8784
queued_pairs => 0
built_pairs => 4274606
reduced_pairs => 4274606
eliminated_by_truncation => 0
removed_by_autoreduction => 1
eliminated_by_gcd => 34300330
time => 3.690354358
memory => 1.5546276271343231
4ti2 results
4ti2 time => 4.561165163
