IPGBs, no binary truncation
Algorithm statistics:
zero_reductions => 34
max_basis_size => 26
queued_pairs => 0
built_pairs => 82
reduced_pairs => 71
eliminated_by_truncation => 16
removed_by_autoreduction => 0
eliminated_by_gcd => 243
time => 0.004689452
memory => 0.001158691942691803
IPGBs, with binary truncation
Algorithm statistics:
zero_reductions => 32
max_basis_size => 26
queued_pairs => 0
built_pairs => 55
reduced_pairs => 53
eliminated_by_truncation => 0
removed_by_autoreduction => 0
eliminated_by_gcd => 270
time => 0.00312594
memory => 0.0011490508913993835
4ti2 results
4ti2 time => 0.014108421
