IPGBs, no binary truncation
Algorithm statistics:
zero_reductions => 43119720
max_basis_size => 20353
queued_pairs => 0
built_pairs => 43233888
reduced_pairs => 43233888
eliminated_by_truncation => 93854
removed_by_autoreduction => 1
eliminated_by_gcd => 163878240
time => 30.880400918
memory => 9.880079679191113
IPGBs, with binary truncation
Algorithm statistics:
zero_reductions => 31770909
max_basis_size => 20353
queued_pairs => 0
built_pairs => 31791223
reduced_pairs => 31791223
eliminated_by_truncation => 0
removed_by_autoreduction => 1
eliminated_by_gcd => 175320905
time => 27.812220634
memory => 8.8345370516181
4ti2 results
4ti2 time => 36.893129375
