IPGBs, no binary truncation
Algorithm statistics:
zero_reductions => 347
max_basis_size => 79
queued_pairs => 0
built_pairs => 454
reduced_pairs => 454
eliminated_by_truncation => 38
removed_by_autoreduction => 0
eliminated_by_gcd => 2627
time => 0.005061728
memory => 0.0034214332699775696
IPGBs, with binary truncation
Algorithm statistics:
zero_reductions => 301
max_basis_size => 79
queued_pairs => 0
built_pairs => 370
reduced_pairs => 370
eliminated_by_truncation => 0
removed_by_autoreduction => 0
eliminated_by_gcd => 2711
time => 0.004905741
memory => 0.003389127552509308
4ti2 results
4ti2 time => 0.016551256
