IPGBs, no binary truncation
Algorithm statistics:
zero_reductions => 157323
max_basis_size => 1431
queued_pairs => 0
built_pairs => 160839
reduced_pairs => 160839
eliminated_by_truncation => 2105
removed_by_autoreduction => 0
eliminated_by_gcd => 862326
time => 0.086027089
memory => 0.06222914159297943
IPGBs, with binary truncation
Algorithm statistics:
zero_reductions => 108849
max_basis_size => 1431
queued_pairs => 0
built_pairs => 110260
reduced_pairs => 110260
eliminated_by_truncation => 0
removed_by_autoreduction => 0
eliminated_by_gcd => 912905
time => 0.099739415
memory => 0.05601407587528229
4ti2 results
4ti2 time => 0.155009035
