IPGBs, no binary truncation
Algorithm statistics:
zero_reductions => 1137542
max_basis_size => 3859
queued_pairs => 0
built_pairs => 1149688
reduced_pairs => 1149688
eliminated_by_truncation => 8316
removed_by_autoreduction => 1
eliminated_by_gcd => 6294323
time => 0.663596338
memory => 0.37308498471975327
IPGBs, with binary truncation
Algorithm statistics:
zero_reductions => 872062
max_basis_size => 3859
queued_pairs => 0
built_pairs => 875892
reduced_pairs => 875892
eliminated_by_truncation => 0
removed_by_autoreduction => 1
eliminated_by_gcd => 6568119
time => 0.601599333
memory => 0.33905357867479324
4ti2 results
4ti2 time => 0.885706182
