IPGBs, no binary truncation
Algorithm statistics:
zero_reductions => 204291103
max_basis_size => 46781
queued_pairs => 0
built_pairs => 204564046
reduced_pairs => 204564046
eliminated_by_truncation => 226108
removed_by_autoreduction => 104
eliminated_by_gcd => 889643544
time => 220.118370181
memory => 49.59338887780905
IPGBs, with binary truncation
Algorithm statistics:
zero_reductions => 146692973
max_basis_size => 46781
queued_pairs => 0
built_pairs => 146739808
reduced_pairs => 146739808
eliminated_by_truncation => 0
removed_by_autoreduction => 104
eliminated_by_gcd => 947467782
time => 209.718191332
memory => 44.692155577242374
4ti2 results
4ti2 time => 210.158359649
