IPGBs, no binary truncation
Algorithm statistics:
zero_reductions => 13182145
max_basis_size => 12166
queued_pairs => 0
built_pairs => 13260233
reduced_pairs => 13260233
eliminated_by_truncation => 65950
removed_by_autoreduction => 2
eliminated_by_gcd => 60739462
time => 9.30384022
memory => 3.416195049881935
IPGBs, with binary truncation
Algorithm statistics:
zero_reductions => 8245071
max_basis_size => 12166
queued_pairs => 0
built_pairs => 8257209
reduced_pairs => 8257209
eliminated_by_truncation => 0
removed_by_autoreduction => 2
eliminated_by_gcd => 65742486
time => 7.459802876
memory => 2.935340203344822
4ti2 results
4ti2 time => 10.574762373
