IPGBs, no binary truncation
Algorithm statistics:
zero_reductions => 5778597
max_basis_size => 7525
queued_pairs => 0
built_pairs => 5813652
reduced_pairs => 5804270
eliminated_by_truncation => 18177
removed_by_autoreduction => 1
eliminated_by_gcd => 22495398
time => 3.277566235
memory => 1.3838637471199036
IPGBs, with binary truncation
Algorithm statistics:
zero_reductions => 4480084
max_basis_size => 7525
queued_pairs => 0
built_pairs => 4487580
reduced_pairs => 4487580
eliminated_by_truncation => 0
removed_by_autoreduction => 1
eliminated_by_gcd => 23821470
time => 2.697401322
memory => 1.25526924431324
4ti2 results
4ti2 time => 3.828788574
