IPGBs, no binary truncation
Algorithm statistics:
zero_reductions => 229549731
max_basis_size => 51362
queued_pairs => 0
built_pairs => 229844888
reduced_pairs => 229844888
eliminated_by_truncation => 243840
removed_by_autoreduction => 5
eliminated_by_gcd => 1089156953
time => 256.85660395
memory => 58.39809922128916
IPGBs, with binary truncation
Algorithm statistics:
zero_reductions => 164002261
max_basis_size => 51362
queued_pairs => 0
built_pairs => 164053578
reduced_pairs => 164053578
eliminated_by_truncation => 0
removed_by_autoreduction => 5
eliminated_by_gcd => 1154948263
time => 240.85909609
memory => 52.85677071660757
4ti2 results
4ti2 time => 231.819135783
