IPGBs, no binary truncation
Algorithm statistics:
zero_reductions => 90397
max_basis_size => 1068
queued_pairs => 0
built_pairs => 93108
reduced_pairs => 93108
eliminated_by_truncation => 1663
removed_by_autoreduction => 0
eliminated_by_gcd => 476670
time => 0.070554264
memory => 0.04149097949266434
IPGBs, with binary truncation
Algorithm statistics:
zero_reductions => 64759
max_basis_size => 1068
queued_pairs => 0
built_pairs => 65807
reduced_pairs => 65807
eliminated_by_truncation => 0
removed_by_autoreduction => 0
eliminated_by_gcd => 503971
time => 0.066160271
memory => 0.037523992359638214
4ti2 results
4ti2 time => 0.110561817
