IPGBs, no binary truncation
Algorithm statistics:
zero_reductions => 2034
max_basis_size => 133
queued_pairs => 0
built_pairs => 2317
reduced_pairs => 2317
eliminated_by_truncation => 160
removed_by_autoreduction => 0
eliminated_by_gcd => 6461
time => 0.012117454
memory => 0.0040666162967681885
IPGBs, with binary truncation
Algorithm statistics:
zero_reductions => 1612
max_basis_size => 133
queued_pairs => 0
built_pairs => 1735
reduced_pairs => 1735
eliminated_by_truncation => 0
removed_by_autoreduction => 0
eliminated_by_gcd => 7043
time => 0.005386
memory => 0.003913581371307373
4ti2 results
4ti2 time => 0.024219236
