IPGBs, no binary truncation
Algorithm statistics:
zero_reductions => 2224772
max_basis_size => 5301
queued_pairs => 0
built_pairs => 2239041
reduced_pairs => 2239041
eliminated_by_truncation => 8997
removed_by_autoreduction => 1
eliminated_by_gcd => 11813609
time => 1.358926534
memory => 0.6685564815998077
IPGBs, with binary truncation
Algorithm statistics:
zero_reductions => 1573438
max_basis_size => 5301
queued_pairs => 0
built_pairs => 1578710
reduced_pairs => 1578710
eliminated_by_truncation => 0
removed_by_autoreduction => 1
eliminated_by_gcd => 12473940
time => 1.189653989
memory => 0.6046107411384583
4ti2 results
4ti2 time => 1.669982344
