IPGBs, no binary truncation
Algorithm statistics:
zero_reductions => 2405050
max_basis_size => 5372
queued_pairs => 0
built_pairs => 2419929
reduced_pairs => 2419929
eliminated_by_truncation => 9537
removed_by_autoreduction => 0
eliminated_by_gcd => 12006577
time => 1.294393402
memory => 0.6887781172990799
IPGBs, with binary truncation
Algorithm statistics:
zero_reductions => 1707986
max_basis_size => 5372
queued_pairs => 0
built_pairs => 1713328
reduced_pairs => 1713328
eliminated_by_truncation => 0
removed_by_autoreduction => 0
eliminated_by_gcd => 12713178
time => 1.269720203
memory => 0.6205008774995804
4ti2 results
4ti2 time => 1.734721167
