IPGBs, no binary truncation
Algorithm statistics:
zero_reductions => 27
max_basis_size => 25
queued_pairs => 0
built_pairs => 101
reduced_pairs => 61
eliminated_by_truncation => 14
removed_by_autoreduction => 0
eliminated_by_gcd => 199
time => 0.003833718
memory => 0.0011863559484481812
IPGBs, with binary truncation
Algorithm statistics:
zero_reductions => 23
max_basis_size => 25
queued_pairs => 0
built_pairs => 58
reduced_pairs => 43
eliminated_by_truncation => 0
removed_by_autoreduction => 0
eliminated_by_gcd => 242
time => 0.0035589
memory => 0.0011764764785766602
4ti2 results
4ti2 time => 0.013250474
