IPGBs, no binary truncation
Algorithm statistics:
zero_reductions => 990
max_basis_size => 110
queued_pairs => 0
built_pairs => 1174
reduced_pairs => 1174
eliminated_by_truncation => 84
removed_by_autoreduction => 0
eliminated_by_gcd => 4821
time => 0.006433951
memory => 0.0035481899976730347
IPGBs, with binary truncation
Algorithm statistics:
zero_reductions => 755
max_basis_size => 110
queued_pairs => 0
built_pairs => 855
reduced_pairs => 855
eliminated_by_truncation => 0
removed_by_autoreduction => 0
eliminated_by_gcd => 5140
time => 0.004284108
memory => 0.0034668445587158203
4ti2 results
4ti2 time => 0.017127042
