IPGBs, no binary truncation
Algorithm statistics:
zero_reductions => 101091623
max_basis_size => 33419
queued_pairs => 0
built_pairs => 101212795
reduced_pairs => 101212795
eliminated_by_truncation => 87776
removed_by_autoreduction => 27
eliminated_by_gcd => 457185276
time => 88.692085634
memory => 25.101094588637352
IPGBs, with binary truncation
Algorithm statistics:
zero_reductions => 81213218
max_basis_size => 33419
queued_pairs => 0
built_pairs => 81246614
reduced_pairs => 81246614
eliminated_by_truncation => 0
removed_by_autoreduction => 27
eliminated_by_gcd => 477151457
time => 94.890440799
memory => 23.383296445012093
4ti2 results
4ti2 time => 94.972617941
