IPGBs, no binary truncation
Algorithm statistics:
zero_reductions => 63743584
max_basis_size => 27181
queued_pairs => 0
built_pairs => 63939967
reduced_pairs => 63939967
eliminated_by_truncation => 169242
removed_by_autoreduction => 0
eliminated_by_gcd => 305449823
time => 58.290336461
memory => 16.53363461792469
IPGBs, with binary truncation
Algorithm statistics:
zero_reductions => 37741376
max_basis_size => 27181
queued_pairs => 0
built_pairs => 37768517
reduced_pairs => 37768517
eliminated_by_truncation => 0
removed_by_autoreduction => 0
eliminated_by_gcd => 331621273
time => 50.504831032
memory => 14.235687106847763
4ti2 results
4ti2 time => 60.107842507
