IPGBs, no binary truncation
Algorithm statistics:
zero_reductions => 1712785
max_basis_size => 4283
queued_pairs => 0
built_pairs => 1724577
reduced_pairs => 1724577
eliminated_by_truncation => 7539
removed_by_autoreduction => 0
eliminated_by_gcd => 7445326
time => 0.929320155
memory => 0.4678466096520424
IPGBs, with binary truncation
Algorithm statistics:
zero_reductions => 1331288
max_basis_size => 4283
queued_pairs => 0
built_pairs => 1335541
reduced_pairs => 1335541
eliminated_by_truncation => 0
removed_by_autoreduction => 0
eliminated_by_gcd => 7834362
time => 0.881703899
memory => 0.42650478333234787
4ti2 results
4ti2 time => 1.303302741
