IPGBs, no binary truncation
Algorithm statistics:
zero_reductions => 3924872
max_basis_size => 7112
queued_pairs => 0
built_pairs => 3947634
reduced_pairs => 3947634
eliminated_by_truncation => 15687
removed_by_autoreduction => 3
eliminated_by_gcd => 21339082
time => 2.431834416
memory => 1.199167162179947
IPGBs, with binary truncation
Algorithm statistics:
zero_reductions => 3032559
max_basis_size => 7112
queued_pairs => 0
built_pairs => 3039634
reduced_pairs => 3039634
eliminated_by_truncation => 0
removed_by_autoreduction => 3
eliminated_by_gcd => 22247082
time => 2.24873613
memory => 1.0992577522993088
4ti2 results
4ti2 time => 3.354922566
