IPGBs, no binary truncation
Algorithm statistics:
zero_reductions => 373
max_basis_size => 76
queued_pairs => 0
built_pairs => 488
reduced_pairs => 488
eliminated_by_truncation => 49
removed_by_autoreduction => 0
eliminated_by_gcd => 2362
time => 0.007173902
memory => 0.00320424884557724
IPGBs, with binary truncation
Algorithm statistics:
zero_reductions => 299
max_basis_size => 76
queued_pairs => 0
built_pairs => 365
reduced_pairs => 365
eliminated_by_truncation => 0
removed_by_autoreduction => 0
eliminated_by_gcd => 2485
time => 0.005113548
memory => 0.003161497414112091
4ti2 results
4ti2 time => 0.018439106
