IPGBs, no binary truncation
Algorithm statistics:
zero_reductions => 99582908
max_basis_size => 33394
queued_pairs => 0
built_pairs => 99772489
reduced_pairs => 99772489
eliminated_by_truncation => 156212
removed_by_autoreduction => 15
eliminated_by_gcd => 457790432
time => 82.348473924
memory => 24.929591827094555
IPGBs, with binary truncation
Algorithm statistics:
zero_reductions => 63918479
max_basis_size => 33394
queued_pairs => 0
built_pairs => 63951848
reduced_pairs => 63951848
eliminated_by_truncation => 0
removed_by_autoreduction => 15
eliminated_by_gcd => 493611073
time => 81.654122038
memory => 21.939517937600613
4ti2 results
4ti2 time => 86.448415436
