IPGBs, no binary truncation
Algorithm statistics:
zero_reductions => 19
max_basis_size => 19
queued_pairs => 0
built_pairs => 55
reduced_pairs => 38
eliminated_by_truncation => 5
removed_by_autoreduction => 0
eliminated_by_gcd => 116
time => 0.004262245
memory => 0.0011294111609458923
IPGBs, with binary truncation
Algorithm statistics:
zero_reductions => 19
max_basis_size => 19
queued_pairs => 0
built_pairs => 38
reduced_pairs => 33
eliminated_by_truncation => 0
removed_by_autoreduction => 0
eliminated_by_gcd => 133
time => 0.002915912
memory => 0.0011257603764533997
4ti2 results
4ti2 time => 0.013575196
