IPGBs, no binary truncation
Algorithm statistics:
zero_reductions => 91479
max_basis_size => 1042
queued_pairs => 0
built_pairs => 95012
reduced_pairs => 95012
eliminated_by_truncation => 2511
removed_by_autoreduction => 0
eliminated_by_gcd => 447349
time => 0.055868296
memory => 0.04304080456495285
IPGBs, with binary truncation
Algorithm statistics:
zero_reductions => 67198
max_basis_size => 1042
queued_pairs => 0
built_pairs => 68220
reduced_pairs => 68220
eliminated_by_truncation => 0
removed_by_autoreduction => 0
eliminated_by_gcd => 474141
time => 0.093194857
memory => 0.03812611848115921
4ti2 results
4ti2 time => 0.112702579
