IPGBs, no binary truncation
Algorithm statistics:
zero_reductions => 624
max_basis_size => 85
queued_pairs => 0
built_pairs => 774
reduced_pairs => 774
eliminated_by_truncation => 75
removed_by_autoreduction => 0
eliminated_by_gcd => 2796
time => 0.004953562
memory => 0.003420688211917877
IPGBs, with binary truncation
Algorithm statistics:
zero_reductions => 529
max_basis_size => 85
queued_pairs => 0
built_pairs => 604
reduced_pairs => 604
eliminated_by_truncation => 0
removed_by_autoreduction => 0
eliminated_by_gcd => 2966
time => 0.004517596
memory => 0.0033566132187843323
4ti2 results
4ti2 time => 0.01653652
