IPGBs, no binary truncation
Algorithm statistics:
zero_reductions => 43
max_basis_size => 26
queued_pairs => 0
built_pairs => 118
reduced_pairs => 84
eliminated_by_truncation => 20
removed_by_autoreduction => 0
eliminated_by_gcd => 207
time => 0.003947837
memory => 0.0011643841862678528
IPGBs, with binary truncation
Algorithm statistics:
zero_reductions => 33
max_basis_size => 26
queued_pairs => 0
built_pairs => 73
reduced_pairs => 54
eliminated_by_truncation => 0
removed_by_autoreduction => 0
eliminated_by_gcd => 252
time => 0.003016107
memory => 0.0011514946818351746
4ti2 results
4ti2 time => 0.01334115
