IPGBs, no binary truncation
Algorithm statistics:
zero_reductions => 77541012
max_basis_size => 29462
queued_pairs => 0
built_pairs => 77681906
reduced_pairs => 77681906
eliminated_by_truncation => 111462
removed_by_autoreduction => 20
eliminated_by_gcd => 356308085
time => 69.284723476
memory => 19.59450750052929
IPGBs, with binary truncation
Algorithm statistics:
zero_reductions => 57839298
max_basis_size => 29462
queued_pairs => 0
built_pairs => 57868730
reduced_pairs => 57868730
eliminated_by_truncation => 0
removed_by_autoreduction => 20
eliminated_by_gcd => 376121261
time => 68.107573738
memory => 17.825988173484802
4ti2 results
4ti2 time => 75.33240575
