IPGBs, no binary truncation
Algorithm statistics:
zero_reductions => 73620310
max_basis_size => 26534
queued_pairs => 0
built_pairs => 73845339
reduced_pairs => 73734722
eliminated_by_truncation => 87925
removed_by_autoreduction => 3
eliminated_by_gcd => 278167972
time => 56.749999766
memory => 16.731130495667458
IPGBs, with binary truncation
Algorithm statistics:
zero_reductions => 59486767
max_basis_size => 26534
queued_pairs => 0
built_pairs => 59513254
reduced_pairs => 59513254
eliminated_by_truncation => 0
removed_by_autoreduction => 3
eliminated_by_gcd => 292500057
time => 57.215134058
memory => 15.432714447379112
4ti2 results
4ti2 time => 64.688156731
