IPGBs, no binary truncation
Algorithm statistics:
zero_reductions => 87825
max_basis_size => 1091
queued_pairs => 0
built_pairs => 90598
reduced_pairs => 90162
eliminated_by_truncation => 1266
removed_by_autoreduction => 0
eliminated_by_gcd => 503997
time => 0.074379102
memory => 0.04246390610933304
IPGBs, with binary truncation
Algorithm statistics:
zero_reductions => 72094
max_basis_size => 1091
queued_pairs => 0
built_pairs => 73165
reduced_pairs => 73165
eliminated_by_truncation => 0
removed_by_autoreduction => 0
eliminated_by_gcd => 521430
time => 0.062196756
memory => 0.039693571627140045
4ti2 results
4ti2 time => 0.098738988
