IPGBs, no binary truncation
Algorithm statistics:
zero_reductions => 99546
max_basis_size => 1177
queued_pairs => 0
built_pairs => 103056
reduced_pairs => 103056
eliminated_by_truncation => 2353
removed_by_autoreduction => 0
eliminated_by_gcd => 589020
time => 0.056998841
memory => 0.048347681760787964
IPGBs, with binary truncation
Algorithm statistics:
zero_reductions => 71809
max_basis_size => 1177
queued_pairs => 0
built_pairs => 72966
reduced_pairs => 72966
eliminated_by_truncation => 0
removed_by_autoreduction => 0
eliminated_by_gcd => 619110
time => 0.075620358
memory => 0.043370917439460754
4ti2 results
4ti2 time => 0.121357056
