IPGBs, no binary truncation
Algorithm statistics:
zero_reductions => 53231051
max_basis_size => 25079
queued_pairs => 0
built_pairs => 53318701
reduced_pairs => 53318701
eliminated_by_truncation => 62603
removed_by_autoreduction => 18
eliminated_by_gcd => 261146880
time => 45.030885997
memory => 14.02026192098856
IPGBs, with binary truncation
Algorithm statistics:
zero_reductions => 40378803
max_basis_size => 25079
queued_pairs => 0
built_pairs => 40403850
reduced_pairs => 40403850
eliminated_by_truncation => 0
removed_by_autoreduction => 18
eliminated_by_gcd => 274061731
time => 43.839592625
memory => 12.89384762197733
4ti2 results
4ti2 time => 49.657950747
