IPGBs, no binary truncation
Algorithm statistics:
zero_reductions => 957
max_basis_size => 109
queued_pairs => 0
built_pairs => 1170
reduced_pairs => 1138
eliminated_by_truncation => 82
removed_by_autoreduction => 0
eliminated_by_gcd => 4716
time => 0.009054216
memory => 0.003614291548728943
IPGBs, with binary truncation
Algorithm statistics:
zero_reductions => 820
max_basis_size => 109
queued_pairs => 0
built_pairs => 919
reduced_pairs => 919
eliminated_by_truncation => 0
removed_by_autoreduction => 0
eliminated_by_gcd => 4967
time => 0.004713404
memory => 0.0035393834114074707
4ti2 results
4ti2 time => 0.01980265
