IPGBs, no binary truncation
Algorithm statistics:
zero_reductions => 139
max_basis_size => 60
queued_pairs => 0
built_pairs => 204
reduced_pairs => 204
eliminated_by_truncation => 15
removed_by_autoreduction => 0
eliminated_by_gcd => 1566
time => 0.007425178
memory => 0.0029906556010246277
IPGBs, with binary truncation
Algorithm statistics:
zero_reductions => 128
max_basis_size => 60
queued_pairs => 0
built_pairs => 178
reduced_pairs => 178
eliminated_by_truncation => 0
removed_by_autoreduction => 0
eliminated_by_gcd => 1592
time => 0.003754629
memory => 0.0029784366488456726
4ti2 results
4ti2 time => 0.020757958
