IPGBs, no binary truncation
Algorithm statistics:
zero_reductions => 25697
max_basis_size => 551
queued_pairs => 0
built_pairs => 27144
reduced_pairs => 26841
eliminated_by_truncation => 613
removed_by_autoreduction => 0
eliminated_by_gcd => 124381
time => 0.071542249
memory => 0.02319987863302231
IPGBs, with binary truncation
Algorithm statistics:
zero_reductions => 21770
max_basis_size => 551
queued_pairs => 0
built_pairs => 22301
reduced_pairs => 22301
eliminated_by_truncation => 0
removed_by_autoreduction => 0
eliminated_by_gcd => 129224
time => 0.020867195
memory => 0.02212654799222946
4ti2 results
4ti2 time => 0.047498567
