IPGBs, no binary truncation
Algorithm statistics:
zero_reductions => 35
max_basis_size => 19
queued_pairs => 0
built_pairs => 62
reduced_pairs => 55
eliminated_by_truncation => 6
removed_by_autoreduction => 0
eliminated_by_gcd => 109
time => 0.00477208
memory => 0.0011649057269096375
IPGBs, with binary truncation
Algorithm statistics:
zero_reductions => 32
max_basis_size => 19
queued_pairs => 0
built_pairs => 46
reduced_pairs => 46
eliminated_by_truncation => 0
removed_by_autoreduction => 0
eliminated_by_gcd => 125
time => 0.002964411
memory => 0.0011608526110649109
4ti2 results
4ti2 time => 0.013025726
