IPGBs, no binary truncation
Algorithm statistics:
zero_reductions => 41042421
max_basis_size => 21000
queued_pairs => 0
built_pairs => 41124962
reduced_pairs => 41124962
eliminated_by_truncation => 61581
removed_by_autoreduction => 0
eliminated_by_gcd => 179364538
time => 31.868841383
memory => 10.060638137161732
IPGBs, with binary truncation
Algorithm statistics:
zero_reductions => 30265998
max_basis_size => 21000
queued_pairs => 0
built_pairs => 30286958
reduced_pairs => 30286958
eliminated_by_truncation => 0
removed_by_autoreduction => 0
eliminated_by_gcd => 190202542
time => 30.184129129
memory => 9.126511178910732
4ti2 results
4ti2 time => 35.226464554
