IPGBs, no binary truncation
Algorithm statistics:
zero_reductions => 17
max_basis_size => 17
queued_pairs => 0
built_pairs => 35
reduced_pairs => 35
eliminated_by_truncation => 6
removed_by_autoreduction => 0
eliminated_by_gcd => 101
time => 0.004676779
memory => 0.0011219009757041931
IPGBs, with binary truncation
Algorithm statistics:
zero_reductions => 17
max_basis_size => 17
queued_pairs => 0
built_pairs => 29
reduced_pairs => 29
eliminated_by_truncation => 0
removed_by_autoreduction => 0
eliminated_by_gcd => 107
time => 0.003600851
memory => 0.001118592917919159
4ti2 results
4ti2 time => 0.016477675
