IPGBs, no binary truncation
Algorithm statistics:
zero_reductions => 4197806
max_basis_size => 6945
queued_pairs => 0
built_pairs => 4227201
reduced_pairs => 4227201
eliminated_by_truncation => 22480
removed_by_autoreduction => 0
eliminated_by_gcd => 19885839
time => 2.534309669
memory => 1.1444940119981766
IPGBs, with binary truncation
Algorithm statistics:
zero_reductions => 2959760
max_basis_size => 6945
queued_pairs => 0
built_pairs => 2966675
reduced_pairs => 2966675
eliminated_by_truncation => 0
removed_by_autoreduction => 0
eliminated_by_gcd => 21146365
time => 2.374366445
memory => 1.0136655420064926
4ti2 results
4ti2 time => 3.308226649
