IPGBs, no binary truncation
Algorithm statistics:
zero_reductions => 4080615
max_basis_size => 6762
queued_pairs => 0
built_pairs => 4107004
reduced_pairs => 4107004
eliminated_by_truncation => 19650
removed_by_autoreduction => 7
eliminated_by_gcd => 18751937
time => 2.276775915
memory => 1.0899695828557014
IPGBs, with binary truncation
Algorithm statistics:
zero_reductions => 2774228
max_basis_size => 6762
queued_pairs => 0
built_pairs => 2780967
reduced_pairs => 2780967
eliminated_by_truncation => 0
removed_by_autoreduction => 7
eliminated_by_gcd => 20077974
time => 1.95491023
memory => 0.9589632526040077
4ti2 results
4ti2 time => 3.019110705
