IPGBs, no binary truncation
Algorithm statistics:
zero_reductions => 2121
max_basis_size => 166
queued_pairs => 0
built_pairs => 2522
reduced_pairs => 2517
eliminated_by_truncation => 240
removed_by_autoreduction => 0
eliminated_by_gcd => 11173
time => 0.012048888
memory => 0.004249773919582367
IPGBs, with binary truncation
Algorithm statistics:
zero_reductions => 1282
max_basis_size => 166
queued_pairs => 0
built_pairs => 1438
reduced_pairs => 1438
eliminated_by_truncation => 0
removed_by_autoreduction => 0
eliminated_by_gcd => 12257
time => 0.005249871
memory => 0.0040045008063316345
4ti2 results
4ti2 time => 0.022313261
