IPGBs, no binary truncation
Algorithm statistics:
zero_reductions => 4704078
max_basis_size => 7392
queued_pairs => 0
built_pairs => 4737108
reduced_pairs => 4737108
eliminated_by_truncation => 25677
removed_by_autoreduction => 1
eliminated_by_gcd => 22580028
time => 2.935168093
memory => 1.3404810652136803
IPGBs, with binary truncation
Algorithm statistics:
zero_reductions => 3636793
max_basis_size => 7392
queued_pairs => 0
built_pairs => 3644146
reduced_pairs => 3644146
eliminated_by_truncation => 0
removed_by_autoreduction => 1
eliminated_by_gcd => 23672990
time => 2.653454915
memory => 1.20649204403162
4ti2 results
4ti2 time => 4.231984781
