IPGBs, no binary truncation
Algorithm statistics:
zero_reductions => 65011
max_basis_size => 908
queued_pairs => 0
built_pairs => 69026
reduced_pairs => 67480
eliminated_by_truncation => 1581
removed_by_autoreduction => 0
eliminated_by_gcd => 342752
time => 0.041716822
memory => 0.035310328006744385
IPGBs, with binary truncation
Algorithm statistics:
zero_reductions => 45911
max_basis_size => 908
queued_pairs => 0
built_pairs => 46799
reduced_pairs => 46799
eliminated_by_truncation => 0
removed_by_autoreduction => 0
eliminated_by_gcd => 364979
time => 0.066587896
memory => 0.031816691160202026
4ti2 results
4ti2 time => 0.088216464
