IPGBs, no binary truncation
Algorithm statistics:
zero_reductions => 855
max_basis_size => 113
queued_pairs => 0
built_pairs => 1081
reduced_pairs => 1023
eliminated_by_truncation => 65
removed_by_autoreduction => 0
eliminated_by_gcd => 5247
time => 0.007731778
memory => 0.003545507788658142
IPGBs, with binary truncation
Algorithm statistics:
zero_reductions => 659
max_basis_size => 113
queued_pairs => 0
built_pairs => 762
reduced_pairs => 762
eliminated_by_truncation => 0
removed_by_autoreduction => 0
eliminated_by_gcd => 5566
time => 0.004429085
memory => 0.0034771859645843506
4ti2 results
4ti2 time => 0.017160801
