IPGBs, no binary truncation
Algorithm statistics:
zero_reductions => 13
max_basis_size => 21
queued_pairs => 0
built_pairs => 24
reduced_pairs => 24
eliminated_by_truncation => 0
removed_by_autoreduction => 0
eliminated_by_gcd => 186
time => 0.00611084
memory => 0.001102536916732788
IPGBs, with binary truncation
Algorithm statistics:
zero_reductions => 13
max_basis_size => 21
queued_pairs => 0
built_pairs => 24
reduced_pairs => 24
eliminated_by_truncation => 0
removed_by_autoreduction => 0
eliminated_by_gcd => 186
time => 0.003733029
memory => 0.001102536916732788
4ti2 results
4ti2 time => 0.015225369
