IPGBs, no binary truncation
Algorithm statistics:
zero_reductions => 5
max_basis_size => 18
queued_pairs => 0
built_pairs => 13
reduced_pairs => 13
eliminated_by_truncation => 0
removed_by_autoreduction => 0
eliminated_by_gcd => 140
time => 0.005738056
memory => 0.0010722801089286804
IPGBs, with binary truncation
Algorithm statistics:
zero_reductions => 5
max_basis_size => 18
queued_pairs => 0
built_pairs => 13
reduced_pairs => 13
eliminated_by_truncation => 0
removed_by_autoreduction => 0
eliminated_by_gcd => 140
time => 0.003522609
memory => 0.0010722801089286804
4ti2 results
4ti2 time => 0.015175169
