IPGBs, no binary truncation
Algorithm statistics:
zero_reductions => 1
max_basis_size => 51
queued_pairs => 0
built_pairs => 2
reduced_pairs => 2
eliminated_by_truncation => 0
removed_by_autoreduction => 0
eliminated_by_gcd => 1273
time => 0.010810988
memory => 0.015481747686862946
IPGBs, with binary truncation
Algorithm statistics:
zero_reductions => 1
max_basis_size => 51
queued_pairs => 0
built_pairs => 2
reduced_pairs => 2
eliminated_by_truncation => 0
removed_by_autoreduction => 0
eliminated_by_gcd => 1273
time => 0.010923719
memory => 0.015483684837818146
4ti2 results
4ti2 time => 0.01795896
