IPGBs, no binary truncation
Algorithm statistics:
zero_reductions => 142
max_basis_size => 124
queued_pairs => 0
built_pairs => 166
reduced_pairs => 166
eliminated_by_truncation => 0
removed_by_autoreduction => 0
eliminated_by_gcd => 7460
time => 0.356720548
memory => 0.12386611104011536
IPGBs, with binary truncation
Algorithm statistics:
zero_reductions => 142
max_basis_size => 124
queued_pairs => 0
built_pairs => 166
reduced_pairs => 166
eliminated_by_truncation => 0
removed_by_autoreduction => 0
eliminated_by_gcd => 7460
time => 0.100063013
memory => 0.08190049231052399
4ti2 results
4ti2 time => 0.030953251
