IPGBs, no binary truncation
Algorithm statistics:
zero_reductions => 2
max_basis_size => 12
queued_pairs => 0
built_pairs => 4
reduced_pairs => 4
eliminated_by_truncation => 0
removed_by_autoreduction => 0
eliminated_by_gcd => 62
time => 0.003526817
memory => 0.001102536916732788
IPGBs, with binary truncation
Algorithm statistics:
zero_reductions => 2
max_basis_size => 12
queued_pairs => 0
built_pairs => 4
reduced_pairs => 4
eliminated_by_truncation => 0
removed_by_autoreduction => 0
eliminated_by_gcd => 62
time => 0.002602703
memory => 0.001102536916732788
4ti2 results
4ti2 time => 0.013004491
