IPGBs, no binary truncation
Algorithm statistics:
zero_reductions => 3
max_basis_size => 33
queued_pairs => 0
built_pairs => 6
reduced_pairs => 6
eliminated_by_truncation => 0
removed_by_autoreduction => 0
eliminated_by_gcd => 522
time => 0.006036555
memory => 0.004773415625095367
IPGBs, with binary truncation
Algorithm statistics:
zero_reductions => 3
max_basis_size => 33
queued_pairs => 0
built_pairs => 6
reduced_pairs => 6
eliminated_by_truncation => 0
removed_by_autoreduction => 0
eliminated_by_gcd => 522
time => 0.004518501
memory => 0.004773415625095367
4ti2 results
4ti2 time => 0.014948735
