IPGBs, no binary truncation
Algorithm statistics:
zero_reductions => 4
max_basis_size => 54
queued_pairs => 0
built_pairs => 8
reduced_pairs => 8
eliminated_by_truncation => 0
removed_by_autoreduction => 0
eliminated_by_gcd => 1423
time => 0.010641364
memory => 0.014246270060539246
IPGBs, with binary truncation
Algorithm statistics:
zero_reductions => 4
max_basis_size => 54
queued_pairs => 0
built_pairs => 8
reduced_pairs => 8
eliminated_by_truncation => 0
removed_by_autoreduction => 0
eliminated_by_gcd => 1423
time => 0.010038325
memory => 0.014246270060539246
4ti2 results
4ti2 time => 0.01797632
