IPGBs, no binary truncation
Algorithm statistics:
zero_reductions => 0
max_basis_size => 0
queued_pairs => 0
built_pairs => 0
reduced_pairs => 0
eliminated_by_truncation => 0
removed_by_autoreduction => 0
eliminated_by_gcd => 2775
time => 0.025995483
memory => 0.03876620531082153
IPGBs, with binary truncation
Algorithm statistics:
zero_reductions => 0
max_basis_size => 0
queued_pairs => 0
built_pairs => 0
reduced_pairs => 0
eliminated_by_truncation => 0
removed_by_autoreduction => 0
eliminated_by_gcd => 2775
time => 0.024007981
memory => 0.03876620531082153
4ti2 results
4ti2 time => 0.025784712
