IPGBs, no binary truncation
Algorithm statistics:
zero_reductions => 46
max_basis_size => 62
queued_pairs => 0
built_pairs => 58
reduced_pairs => 58
eliminated_by_truncation => 0
removed_by_autoreduction => 0
eliminated_by_gcd => 1833
time => 0.010409102
memory => 0.014852553606033325
IPGBs, with binary truncation
Algorithm statistics:
zero_reductions => 46
max_basis_size => 62
queued_pairs => 0
built_pairs => 58
reduced_pairs => 58
eliminated_by_truncation => 0
removed_by_autoreduction => 0
eliminated_by_gcd => 1833
time => 0.009887886
memory => 0.014852553606033325
4ti2 results
4ti2 time => 0.018281942
