IPGBs, no binary truncation
Algorithm statistics:
zero_reductions => 23
max_basis_size => 19
queued_pairs => 0
built_pairs => 32
reduced_pairs => 32
eliminated_by_truncation => 0
removed_by_autoreduction => 0
eliminated_by_gcd => 139
time => 0.006325856
memory => 0.0010978654026985168
IPGBs, with binary truncation
Algorithm statistics:
zero_reductions => 23
max_basis_size => 19
queued_pairs => 0
built_pairs => 32
reduced_pairs => 32
eliminated_by_truncation => 0
removed_by_autoreduction => 0
eliminated_by_gcd => 139
time => 0.003748876
memory => 0.0010978654026985168
4ti2 results
4ti2 time => 0.01464424
