IPGBs, no binary truncation
Algorithm statistics:
zero_reductions => 8
max_basis_size => 80
queued_pairs => 0
built_pairs => 13
reduced_pairs => 13
eliminated_by_truncation => 0
removed_by_autoreduction => 0
eliminated_by_gcd => 3147
time => 0.028689977
memory => 0.03989214450120926
IPGBs, with binary truncation
Algorithm statistics:
zero_reductions => 8
max_basis_size => 80
queued_pairs => 0
built_pairs => 13
reduced_pairs => 13
eliminated_by_truncation => 0
removed_by_autoreduction => 0
eliminated_by_gcd => 3147
time => 0.265850706
memory => 0.03989214450120926
4ti2 results
4ti2 time => 0.024320791
