IPGBs, no binary truncation
Algorithm statistics:
zero_reductions => 230
max_basis_size => 44
queued_pairs => 0
built_pairs => 266
reduced_pairs => 264
eliminated_by_truncation => 0
removed_by_autoreduction => 0
eliminated_by_gcd => 680
time => 0.006359283
memory => 0.0011881962418556213
IPGBs, with binary truncation
Algorithm statistics:
zero_reductions => 230
max_basis_size => 44
queued_pairs => 0
built_pairs => 266
reduced_pairs => 264
eliminated_by_truncation => 0
removed_by_autoreduction => 0
eliminated_by_gcd => 680
time => 0.003760892
memory => 0.0011881962418556213
4ti2 results
4ti2 time => 0.016554561
