IPGBs, no binary truncation
Algorithm statistics:
zero_reductions => 244
max_basis_size => 141
queued_pairs => 0
built_pairs => 285
reduced_pairs => 285
eliminated_by_truncation => 0
removed_by_autoreduction => 0
eliminated_by_gcd => 9585
time => 0.174784744
memory => 0.07751643657684326
IPGBs, with binary truncation
Algorithm statistics:
zero_reductions => 244
max_basis_size => 141
queued_pairs => 0
built_pairs => 285
reduced_pairs => 285
eliminated_by_truncation => 0
removed_by_autoreduction => 0
eliminated_by_gcd => 9585
time => 0.048799309
memory => 0.07752028107643127
4ti2 results
4ti2 time => 0.033026267
