IPGBs, no binary truncation
Algorithm statistics:
zero_reductions => 6
max_basis_size => 15
queued_pairs => 0
built_pairs => 11
reduced_pairs => 11
eliminated_by_truncation => 0
removed_by_autoreduction => 0
eliminated_by_gcd => 94
time => 0.006466186
memory => 0.0010817870497703552
IPGBs, with binary truncation
Algorithm statistics:
zero_reductions => 6
max_basis_size => 15
queued_pairs => 0
built_pairs => 11
reduced_pairs => 11
eliminated_by_truncation => 0
removed_by_autoreduction => 0
eliminated_by_gcd => 94
time => 0.00381076
memory => 0.0010817870497703552
4ti2 results
4ti2 time => 0.015684435
