IPGBs, no binary truncation
Algorithm statistics:
zero_reductions => 1
max_basis_size => 51
queued_pairs => 0
built_pairs => 2
reduced_pairs => 2
eliminated_by_truncation => 0
removed_by_autoreduction => 0
eliminated_by_gcd => 1273
time => 0.011176776
memory => 0.015113793313503265
IPGBs, with binary truncation
Algorithm statistics:
zero_reductions => 1
max_basis_size => 51
queued_pairs => 0
built_pairs => 2
reduced_pairs => 2
eliminated_by_truncation => 0
removed_by_autoreduction => 0
eliminated_by_gcd => 1273
time => 0.010811902
memory => 0.015111856162548065
4ti2 results
4ti2 time => 0.018367076
