IPGBs, no binary truncation
Algorithm statistics:
zero_reductions => 100
max_basis_size => 122
queued_pairs => 0
built_pairs => 122
reduced_pairs => 122
eliminated_by_truncation => 0
removed_by_autoreduction => 0
eliminated_by_gcd => 7259
time => 0.117514605
memory => 0.08240967243909836
IPGBs, with binary truncation
Algorithm statistics:
zero_reductions => 100
max_basis_size => 122
queued_pairs => 0
built_pairs => 122
reduced_pairs => 122
eliminated_by_truncation => 0
removed_by_autoreduction => 0
eliminated_by_gcd => 7259
time => 0.138352985
memory => 0.08240967243909836
4ti2 results
4ti2 time => 0.030498569
