IPGBs, no binary truncation
Algorithm statistics:
zero_reductions => 23
max_basis_size => 59
queued_pairs => 0
built_pairs => 32
reduced_pairs => 32
eliminated_by_truncation => 0
removed_by_autoreduction => 0
eliminated_by_gcd => 1679
time => 0.011393932
memory => 0.014496654272079468
IPGBs, with binary truncation
Algorithm statistics:
zero_reductions => 23
max_basis_size => 59
queued_pairs => 0
built_pairs => 32
reduced_pairs => 32
eliminated_by_truncation => 0
removed_by_autoreduction => 0
eliminated_by_gcd => 1679
time => 0.010134744
memory => 0.014496654272079468
4ti2 results
4ti2 time => 0.017855094
