IPGBs, no binary truncation
Algorithm statistics:
zero_reductions => 1
max_basis_size => 31
queued_pairs => 0
built_pairs => 2
reduced_pairs => 2
eliminated_by_truncation => 0
removed_by_autoreduction => 0
eliminated_by_gcd => 463
time => 0.005337641
memory => 0.004875078797340393
IPGBs, with binary truncation
Algorithm statistics:
zero_reductions => 1
max_basis_size => 31
queued_pairs => 0
built_pairs => 2
reduced_pairs => 2
eliminated_by_truncation => 0
removed_by_autoreduction => 0
eliminated_by_gcd => 463
time => 0.004629554
memory => 0.004876092076301575
4ti2 results
4ti2 time => 0.015031452
