IPGBs, no binary truncation
Algorithm statistics:
zero_reductions => 30
max_basis_size => 84
queued_pairs => 0
built_pairs => 39
reduced_pairs => 39
eliminated_by_truncation => 0
removed_by_autoreduction => 0
eliminated_by_gcd => 3447
time => 0.02496275
memory => 0.03905858099460602
IPGBs, with binary truncation
Algorithm statistics:
zero_reductions => 30
max_basis_size => 84
queued_pairs => 0
built_pairs => 39
reduced_pairs => 39
eliminated_by_truncation => 0
removed_by_autoreduction => 0
eliminated_by_gcd => 3447
time => 0.026201301
memory => 0.03905858099460602
4ti2 results
4ti2 time => 0.026455093
