IPGBs, no binary truncation
Algorithm statistics:
zero_reductions => 7
max_basis_size => 34
queued_pairs => 0
built_pairs => 11
reduced_pairs => 11
eliminated_by_truncation => 0
removed_by_autoreduction => 0
eliminated_by_gcd => 550
time => 0.007387802
memory => 0.005193442106246948
IPGBs, with binary truncation
Algorithm statistics:
zero_reductions => 7
max_basis_size => 34
queued_pairs => 0
built_pairs => 11
reduced_pairs => 11
eliminated_by_truncation => 0
removed_by_autoreduction => 0
eliminated_by_gcd => 550
time => 0.005096451
memory => 0.005193442106246948
4ti2 results
4ti2 time => 0.014575976
