IPGBs, no binary truncation
Algorithm statistics:
zero_reductions => 32
max_basis_size => 109
queued_pairs => 0
built_pairs => 41
reduced_pairs => 41
eliminated_by_truncation => 0
removed_by_autoreduction => 0
eliminated_by_gcd => 5845
time => 0.146731282
memory => 0.07369478046894073
IPGBs, with binary truncation
Algorithm statistics:
zero_reductions => 32
max_basis_size => 109
queued_pairs => 0
built_pairs => 41
reduced_pairs => 41
eliminated_by_truncation => 0
removed_by_autoreduction => 0
eliminated_by_gcd => 5845
time => 0.150111912
memory => 0.07369478046894073
4ti2 results
4ti2 time => 0.029368319
