IPGBs, no binary truncation
Algorithm statistics:
zero_reductions => 9
max_basis_size => 54
queued_pairs => 0
built_pairs => 13
reduced_pairs => 13
eliminated_by_truncation => 0
removed_by_autoreduction => 0
eliminated_by_gcd => 1418
time => 0.010630657
memory => 0.014656953513622284
IPGBs, with binary truncation
Algorithm statistics:
zero_reductions => 9
max_basis_size => 54
queued_pairs => 0
built_pairs => 13
reduced_pairs => 13
eliminated_by_truncation => 0
removed_by_autoreduction => 0
eliminated_by_gcd => 1418
time => 0.011775389
memory => 0.014655016362667084
4ti2 results
4ti2 time => 0.01871776
