IPGBs, no binary truncation
Algorithm statistics:
zero_reductions => 7
max_basis_size => 103
queued_pairs => 0
built_pairs => 10
reduced_pairs => 10
eliminated_by_truncation => 0
removed_by_autoreduction => 0
eliminated_by_gcd => 5243
time => 0.05012483
memory => 0.07720673084259033
IPGBs, with binary truncation
Algorithm statistics:
zero_reductions => 7
max_basis_size => 103
queued_pairs => 0
built_pairs => 10
reduced_pairs => 10
eliminated_by_truncation => 0
removed_by_autoreduction => 0
eliminated_by_gcd => 5243
time => 0.164902547
memory => 0.07720673084259033
4ti2 results
4ti2 time => 0.028603668
