IPGBs, no binary truncation
Algorithm statistics:
zero_reductions => 205
max_basis_size => 106
queued_pairs => 0
built_pairs => 236
reduced_pairs => 236
eliminated_by_truncation => 0
removed_by_autoreduction => 0
eliminated_by_gcd => 5329
time => 0.027151765
memory => 0.036599330604076385
IPGBs, with binary truncation
Algorithm statistics:
zero_reductions => 205
max_basis_size => 106
queued_pairs => 0
built_pairs => 236
reduced_pairs => 236
eliminated_by_truncation => 0
removed_by_autoreduction => 0
eliminated_by_gcd => 5329
time => 0.27911266
memory => 0.036599330604076385
4ti2 results
4ti2 time => 0.024777829
