IPGBs, no binary truncation
Algorithm statistics:
zero_reductions => 1
max_basis_size => 11
queued_pairs => 0
built_pairs => 2
reduced_pairs => 2
eliminated_by_truncation => 0
removed_by_autoreduction => 0
eliminated_by_gcd => 53
time => 0.006467886
memory => 0.0010422393679618835
IPGBs, with binary truncation
Algorithm statistics:
zero_reductions => 1
max_basis_size => 11
queued_pairs => 0
built_pairs => 2
reduced_pairs => 2
eliminated_by_truncation => 0
removed_by_autoreduction => 0
eliminated_by_gcd => 53
time => 0.003807997
memory => 0.0010422393679618835
4ti2 results
4ti2 time => 0.015944385
