IPGBs, no binary truncation
Algorithm statistics:
zero_reductions => 0
max_basis_size => 0
queued_pairs => 0
built_pairs => 0
reduced_pairs => 0
eliminated_by_truncation => 0
removed_by_autoreduction => 0
eliminated_by_gcd => 0
time => 0.20389705
memory => 0.07635056227445602
IPGBs, with binary truncation
Algorithm statistics:
zero_reductions => 0
max_basis_size => 0
queued_pairs => 0
built_pairs => 0
reduced_pairs => 0
eliminated_by_truncation => 0
removed_by_autoreduction => 0
eliminated_by_gcd => 0
time => 0.046302171
memory => 0.07635056227445602
4ti2 results
4ti2 time => 0.020310237
