IPGBs, no binary truncation
Algorithm statistics:
zero_reductions => 1
max_basis_size => 31
queued_pairs => 0
built_pairs => 2
reduced_pairs => 2
eliminated_by_truncation => 0
removed_by_autoreduction => 0
eliminated_by_gcd => 463
time => 0.006603361
memory => 0.00490686297416687
IPGBs, with binary truncation
Algorithm statistics:
zero_reductions => 1
max_basis_size => 31
queued_pairs => 0
built_pairs => 2
reduced_pairs => 2
eliminated_by_truncation => 0
removed_by_autoreduction => 0
eliminated_by_gcd => 463
time => 0.004579443
memory => 0.00490686297416687
4ti2 results
4ti2 time => 0.015418646
