IPGBs, no binary truncation
Algorithm statistics:
zero_reductions => 15
max_basis_size => 38
queued_pairs => 0
built_pairs => 23
reduced_pairs => 23
eliminated_by_truncation => 0
removed_by_autoreduction => 0
eliminated_by_gcd => 680
time => 0.006357447
memory => 0.004959903657436371
IPGBs, with binary truncation
Algorithm statistics:
zero_reductions => 15
max_basis_size => 38
queued_pairs => 0
built_pairs => 23
reduced_pairs => 23
eliminated_by_truncation => 0
removed_by_autoreduction => 0
eliminated_by_gcd => 680
time => 0.004668694
memory => 0.004959903657436371
4ti2 results
4ti2 time => 0.014952011
