IPGBs, no binary truncation
Algorithm statistics:
zero_reductions => 1
max_basis_size => 76
queued_pairs => 0
built_pairs => 2
reduced_pairs => 2
eliminated_by_truncation => 0
removed_by_autoreduction => 0
eliminated_by_gcd => 2848
time => 0.025210834
memory => 0.037940844893455505
IPGBs, with binary truncation
Algorithm statistics:
zero_reductions => 1
max_basis_size => 76
queued_pairs => 0
built_pairs => 2
reduced_pairs => 2
eliminated_by_truncation => 0
removed_by_autoreduction => 0
eliminated_by_gcd => 2848
time => 0.023227569
memory => 0.037940844893455505
4ti2 results
4ti2 time => 0.037515672
