IPGBs, no binary truncation
Algorithm statistics:
zero_reductions => 2
max_basis_size => 77
queued_pairs => 0
built_pairs => 4
reduced_pairs => 4
eliminated_by_truncation => 0
removed_by_autoreduction => 0
eliminated_by_gcd => 2922
time => 0.023619519
memory => 0.037548281252384186
IPGBs, with binary truncation
Algorithm statistics:
zero_reductions => 2
max_basis_size => 77
queued_pairs => 0
built_pairs => 4
reduced_pairs => 4
eliminated_by_truncation => 0
removed_by_autoreduction => 0
eliminated_by_gcd => 2922
time => 0.023134772
memory => 0.037548281252384186
4ti2 results
4ti2 time => 0.023076191
