IPGBs, no binary truncation
Algorithm statistics:
zero_reductions => 0
max_basis_size => 76
queued_pairs => 0
built_pairs => 1
reduced_pairs => 1
eliminated_by_truncation => 0
removed_by_autoreduction => 0
eliminated_by_gcd => 2849
time => 0.087384584
memory => 0.03740315139293671
IPGBs, with binary truncation
Algorithm statistics:
zero_reductions => 0
max_basis_size => 76
queued_pairs => 0
built_pairs => 1
reduced_pairs => 1
eliminated_by_truncation => 0
removed_by_autoreduction => 0
eliminated_by_gcd => 2849
time => 0.023762749
memory => 0.03740315139293671
4ti2 results
4ti2 time => 0.022546021
