IPGBs, no binary truncation
Algorithm statistics:
zero_reductions => 9
max_basis_size => 82
queued_pairs => 0
built_pairs => 16
reduced_pairs => 16
eliminated_by_truncation => 0
removed_by_autoreduction => 0
eliminated_by_gcd => 3305
time => 0.025065233
memory => 0.03721629083156586
IPGBs, with binary truncation
Algorithm statistics:
zero_reductions => 9
max_basis_size => 82
queued_pairs => 0
built_pairs => 16
reduced_pairs => 16
eliminated_by_truncation => 0
removed_by_autoreduction => 0
eliminated_by_gcd => 3305
time => 0.024913784
memory => 0.03721629083156586
4ti2 results
4ti2 time => 0.025869565
