IPGBs, no binary truncation
Algorithm statistics:
zero_reductions => 0
max_basis_size => 51
queued_pairs => 0
built_pairs => 1
reduced_pairs => 1
eliminated_by_truncation => 0
removed_by_autoreduction => 0
eliminated_by_gcd => 1274
time => 0.011292816
memory => 0.014226347208023071
IPGBs, with binary truncation
Algorithm statistics:
zero_reductions => 0
max_basis_size => 51
queued_pairs => 0
built_pairs => 1
reduced_pairs => 1
eliminated_by_truncation => 0
removed_by_autoreduction => 0
eliminated_by_gcd => 1274
time => 0.009875028
memory => 0.014226347208023071
4ti2 results
4ti2 time => 0.018673972
