IPGBs, no binary truncation
Algorithm statistics:
zero_reductions => 0
max_basis_size => 12
queued_pairs => 0
built_pairs => 2
reduced_pairs => 2
eliminated_by_truncation => 0
removed_by_autoreduction => 0
eliminated_by_gcd => 64
time => 0.006219876
memory => 0.0010600537061691284
IPGBs, with binary truncation
Algorithm statistics:
zero_reductions => 0
max_basis_size => 12
queued_pairs => 0
built_pairs => 2
reduced_pairs => 2
eliminated_by_truncation => 0
removed_by_autoreduction => 0
eliminated_by_gcd => 64
time => 0.003774308
memory => 0.0010600537061691284
4ti2 results
4ti2 time => 0.016610068
