IPGBs, no binary truncation
Algorithm statistics:
zero_reductions => 498
max_basis_size => 129
queued_pairs => 0
built_pairs => 552
reduced_pairs => 552
eliminated_by_truncation => 0
removed_by_autoreduction => 0
eliminated_by_gcd => 7704
time => 0.251488245
memory => 0.03883066028356552
IPGBs, with binary truncation
Algorithm statistics:
zero_reductions => 498
max_basis_size => 129
queued_pairs => 0
built_pairs => 552
reduced_pairs => 552
eliminated_by_truncation => 0
removed_by_autoreduction => 0
eliminated_by_gcd => 7704
time => 0.025317377
memory => 0.03882681578397751
4ti2 results
4ti2 time => 0.025360529
