IPGBs, no binary truncation
Algorithm statistics:
zero_reductions => 0
max_basis_size => 32
queued_pairs => 0
built_pairs => 2
reduced_pairs => 2
eliminated_by_truncation => 0
removed_by_autoreduction => 0
eliminated_by_gcd => 494
time => 0.006693032
memory => 0.004818335175514221
IPGBs, with binary truncation
Algorithm statistics:
zero_reductions => 0
max_basis_size => 32
queued_pairs => 0
built_pairs => 2
reduced_pairs => 2
eliminated_by_truncation => 0
removed_by_autoreduction => 0
eliminated_by_gcd => 494
time => 0.005309324
memory => 0.0048173218965530396
4ti2 results
4ti2 time => 0.01518189
