IPGBs, no binary truncation
Algorithm statistics:
zero_reductions => 12737
max_basis_size => 380
queued_pairs => 0
built_pairs => 13067
reduced_pairs => 13067
eliminated_by_truncation => 0
removed_by_autoreduction => 0
eliminated_by_gcd => 58943
time => 0.016310452
memory => 0.019510000944137573
IPGBs, with binary truncation
Algorithm statistics:
zero_reductions => 12737
max_basis_size => 380
queued_pairs => 0
built_pairs => 13067
reduced_pairs => 13067
eliminated_by_truncation => 0
removed_by_autoreduction => 0
eliminated_by_gcd => 58943
time => 0.016313007
memory => 0.019511938095092773
4ti2 results
4ti2 time => 0.020081766
