IPGBs, no binary truncation
Algorithm statistics:
zero_reductions => 0
max_basis_size => 78
queued_pairs => 0
built_pairs => 3
reduced_pairs => 3
eliminated_by_truncation => 0
removed_by_autoreduction => 0
eliminated_by_gcd => 3000
time => 0.027818604
memory => 0.0407421812415123
IPGBs, with binary truncation
Algorithm statistics:
zero_reductions => 0
max_basis_size => 78
queued_pairs => 0
built_pairs => 3
reduced_pairs => 3
eliminated_by_truncation => 0
removed_by_autoreduction => 0
eliminated_by_gcd => 3000
time => 0.029180005
memory => 0.0407421812415123
4ti2 results
4ti2 time => 0.024031038
