IPGBs, no binary truncation
Algorithm statistics:
zero_reductions => 33
max_basis_size => 60
queued_pairs => 0
built_pairs => 43
reduced_pairs => 43
eliminated_by_truncation => 0
removed_by_autoreduction => 0
eliminated_by_gcd => 1727
time => 0.01174996
memory => 0.01502564549446106
IPGBs, with binary truncation
Algorithm statistics:
zero_reductions => 33
max_basis_size => 60
queued_pairs => 0
built_pairs => 43
reduced_pairs => 43
eliminated_by_truncation => 0
removed_by_autoreduction => 0
eliminated_by_gcd => 1727
time => 0.01108692
memory => 0.01502564549446106
4ti2 results
4ti2 time => 0.01907809
