IPGBs, no binary truncation
Algorithm statistics:
zero_reductions => 48
max_basis_size => 115
queued_pairs => 0
built_pairs => 63
reduced_pairs => 63
eliminated_by_truncation => 0
removed_by_autoreduction => 0
eliminated_by_gcd => 6492
time => 0.143419588
memory => 0.07811245322227478
IPGBs, with binary truncation
Algorithm statistics:
zero_reductions => 48
max_basis_size => 115
queued_pairs => 0
built_pairs => 63
reduced_pairs => 63
eliminated_by_truncation => 0
removed_by_autoreduction => 0
eliminated_by_gcd => 6492
time => 0.049322028
memory => 0.07811245322227478
4ti2 results
4ti2 time => 0.0287121
