IPGBs, no binary truncation
Algorithm statistics:
zero_reductions => 14
max_basis_size => 16
queued_pairs => 0
built_pairs => 20
reduced_pairs => 20
eliminated_by_truncation => 0
removed_by_autoreduction => 0
eliminated_by_gcd => 100
time => 0.004889544
memory => 0.0010309666395187378
IPGBs, with binary truncation
Algorithm statistics:
zero_reductions => 14
max_basis_size => 16
queued_pairs => 0
built_pairs => 20
reduced_pairs => 20
eliminated_by_truncation => 0
removed_by_autoreduction => 0
eliminated_by_gcd => 100
time => 0.003228285
memory => 0.0010309666395187378
4ti2 results
4ti2 time => 0.014633812
