IPGBs, no binary truncation
Algorithm statistics:
zero_reductions => 4
max_basis_size => 102
queued_pairs => 0
built_pairs => 6
reduced_pairs => 6
eliminated_by_truncation => 0
removed_by_autoreduction => 0
eliminated_by_gcd => 5145
time => 0.152886826
memory => 0.07682032138109207
IPGBs, with binary truncation
Algorithm statistics:
zero_reductions => 4
max_basis_size => 102
queued_pairs => 0
built_pairs => 6
reduced_pairs => 6
eliminated_by_truncation => 0
removed_by_autoreduction => 0
eliminated_by_gcd => 5145
time => 0.108923381
memory => 0.07682032138109207
4ti2 results
4ti2 time => 0.027133277
