IPGBs, no binary truncation
Algorithm statistics:
zero_reductions => 11
max_basis_size => 18
queued_pairs => 0
built_pairs => 19
reduced_pairs => 19
eliminated_by_truncation => 0
removed_by_autoreduction => 0
eliminated_by_gcd => 134
time => 0.006275154
memory => 0.0010333433747291565
IPGBs, with binary truncation
Algorithm statistics:
zero_reductions => 11
max_basis_size => 18
queued_pairs => 0
built_pairs => 19
reduced_pairs => 19
eliminated_by_truncation => 0
removed_by_autoreduction => 0
eliminated_by_gcd => 134
time => 0.0038641
memory => 0.0010333433747291565
4ti2 results
4ti2 time => 0.015466627
