IPGBs, no binary truncation
Algorithm statistics:
zero_reductions => 3
max_basis_size => 12
queued_pairs => 0
built_pairs => 5
reduced_pairs => 5
eliminated_by_truncation => 0
removed_by_autoreduction => 0
eliminated_by_gcd => 61
time => 0.006305785
memory => 0.0011114701628684998
IPGBs, with binary truncation
Algorithm statistics:
zero_reductions => 3
max_basis_size => 12
queued_pairs => 0
built_pairs => 5
reduced_pairs => 5
eliminated_by_truncation => 0
removed_by_autoreduction => 0
eliminated_by_gcd => 61
time => 0.003762791
memory => 0.0011114701628684998
4ti2 results
4ti2 time => 0.015628801
