IPGBs, no binary truncation
Algorithm statistics:
zero_reductions => 11564929
max_basis_size => 24844
queued_pairs => 0
built_pairs => 28888515
reduced_pairs => 12809248
eliminated_by_truncation => 1219453
removed_by_autoreduction => 52
eliminated_by_gcd => 279731231
time => 104.92740752
memory => 17.75263100117445
IPGBs, with binary truncation
Algorithm statistics:
zero_reductions => 2239923
max_basis_size => 24844
queued_pairs => 0
built_pairs => 5035414
reduced_pairs => 2979141
eliminated_by_truncation => 714352
removed_by_autoreduction => 52
eliminated_by_gcd => 303584332
time => 50.119713957
memory => 13.61208675801754
4ti2 results
4ti2 time => 166.598521226
