IPGBs, no binary truncation
Algorithm statistics:
zero_reductions => 536165
max_basis_size => 5137
queued_pairs => 0
built_pairs => 1826085
reduced_pairs => 622058
eliminated_by_truncation => 80777
removed_by_autoreduction => 4
eliminated_by_gcd => 11375730
time => 3.28262331
memory => 1.0508430451154709
IPGBs, with binary truncation
Algorithm statistics:
zero_reductions => 116094
max_basis_size => 5137
queued_pairs => 0
built_pairs => 464973
reduced_pairs => 175167
eliminated_by_truncation => 53957
removed_by_autoreduction => 4
eliminated_by_gcd => 12736842
time => 2.07349668
memory => 0.8295375555753708
4ti2 results
4ti2 time => 17.560437895
