IPGBs, no binary truncation
Algorithm statistics:
zero_reductions => 1573048
max_basis_size => 7211
queued_pairs => 0
built_pairs => 2483163
reduced_pairs => 1765184
eliminated_by_truncation => 184947
removed_by_autoreduction => 8
eliminated_by_gcd => 23512492
time => 8.018764965
memory => 2.0279721319675446
IPGBs, with binary truncation
Algorithm statistics:
zero_reductions => 275288
max_basis_size => 7211
queued_pairs => 0
built_pairs => 445083
reduced_pairs => 404469
eliminated_by_truncation => 121992
removed_by_autoreduction => 8
eliminated_by_gcd => 25550572
time => 4.441619887
memory => 1.5815591216087341
4ti2 results
4ti2 time => 99.868064069
