IPGBs, no binary truncation
Algorithm statistics:
zero_reductions => 1098895
max_basis_size => 9488
queued_pairs => 0
built_pairs => 4518928
reduced_pairs => 1198310
eliminated_by_truncation => 89899
removed_by_autoreduction => 58
eliminated_by_gcd => 40569822
time => 7.42632652
memory => 2.3430448174476624
IPGBs, with binary truncation
Algorithm statistics:
zero_reductions => 206461
max_basis_size => 9488
queued_pairs => 0
built_pairs => 532707
reduced_pairs => 280878
eliminated_by_truncation => 64901
removed_by_autoreduction => 58
eliminated_by_gcd => 44556043
time => 5.155976638
memory => 1.929083451628685
4ti2 results
4ti2 time => 17.609126504
