IPGBs, no binary truncation
Algorithm statistics:
zero_reductions => 2199972
max_basis_size => 11905
queued_pairs => 0
built_pairs => 7728586
reduced_pairs => 2437283
eliminated_by_truncation => 225386
removed_by_autoreduction => 50
eliminated_by_gcd => 63194929
time => 15.551246808
memory => 4.046164885163307
IPGBs, with binary truncation
Algorithm statistics:
zero_reductions => 320340
max_basis_size => 11905
queued_pairs => 0
built_pairs => 929307
reduced_pairs => 469617
eliminated_by_truncation => 137352
removed_by_autoreduction => 50
eliminated_by_gcd => 69994208
time => 8.599240708
memory => 3.1276711523532867
4ti2 results
4ti2 time => 28.696499896
