IPGBs, no binary truncation
Algorithm statistics:
zero_reductions => 13613
max_basis_size => 973
queued_pairs => 0
built_pairs => 64309
reduced_pairs => 17370
eliminated_by_truncation => 2809
removed_by_autoreduction => 0
eliminated_by_gcd => 408569
time => 0.134016813
memory => 0.10749595612287521
IPGBs, with binary truncation
Algorithm statistics:
zero_reductions => 5879
max_basis_size => 973
queued_pairs => 0
built_pairs => 24689
reduced_pairs => 9065
eliminated_by_truncation => 2238
removed_by_autoreduction => 0
eliminated_by_gcd => 448189
time => 0.147138616
memory => 0.10199146717786789
4ti2 results
4ti2 time => 0.914475955
