IPGBs, no binary truncation
Algorithm statistics:
zero_reductions => 70355
max_basis_size => 1778
queued_pairs => 0
built_pairs => 182188
reduced_pairs => 90674
eliminated_by_truncation => 18571
removed_by_autoreduction => 0
eliminated_by_gcd => 1397565
time => 0.569361371
memory => 0.2548168674111366
IPGBs, with binary truncation
Algorithm statistics:
zero_reductions => 27345
max_basis_size => 1778
queued_pairs => 0
built_pairs => 80146
reduced_pairs => 45770
eliminated_by_truncation => 16677
removed_by_autoreduction => 0
eliminated_by_gcd => 1499607
time => 0.508669578
memory => 0.2383521869778633
4ti2 results
4ti2 time => 1.485032952
