IPGBs, no binary truncation
Algorithm statistics:
zero_reductions => 4947349
max_basis_size => 14709
queued_pairs => 0
built_pairs => 9602643
reduced_pairs => 5566803
eliminated_by_truncation => 604732
removed_by_autoreduction => 43
eliminated_by_gcd => 98632328
time => 36.326226016
memory => 7.152709558606148
IPGBs, with binary truncation
Algorithm statistics:
zero_reductions => 1265005
max_basis_size => 14709
queued_pairs => 0
built_pairs => 2343613
reduced_pairs => 1662949
eliminated_by_truncation => 383222
removed_by_autoreduction => 43
eliminated_by_gcd => 105891358
time => 18.69428329
memory => 5.575432226061821
4ti2 results
4ti2 time => 63.106528223
