IPGBs, no binary truncation
Algorithm statistics:
zero_reductions => 108344758
max_basis_size => 137102
queued_pairs => 0
built_pairs => 706375226
reduced_pairs => 115928689
eliminated_by_truncation => 7445918
removed_by_autoreduction => 946
eliminated_by_gcd => 8697365297
time => 2768.119962711
memory => 381.8475221991539
IPGBs, with binary truncation
Algorithm statistics:
zero_reductions => 22022422
max_basis_size => 137102
queued_pairs => 0
built_pairs => 108368865
reduced_pairs => 26354612
eliminated_by_truncation => 4194177
removed_by_autoreduction => 946
eliminated_by_gcd => 9295371658
time => 2024.475989787
memory => 320.8179725855589
4ti2 results
4ti2 time => 2320.400781198
