IPGBs, no binary truncation
Algorithm statistics:
zero_reductions => 129236
max_basis_size => 2581
queued_pairs => 0
built_pairs => 416853
reduced_pairs => 155164
eliminated_by_truncation => 23370
removed_by_autoreduction => 10
eliminated_by_gcd => 2916980
time => 0.785974058
memory => 0.3391146883368492
IPGBs, with binary truncation
Algorithm statistics:
zero_reductions => 40718
max_basis_size => 2581
queued_pairs => 0
built_pairs => 96480
reduced_pairs => 62848
eliminated_by_truncation => 19572
removed_by_autoreduction => 10
eliminated_by_gcd => 3237353
time => 0.665334301
memory => 0.2982666566967964
4ti2 results
4ti2 time => 2.083061336
