IPGBs, no binary truncation
Algorithm statistics:
zero_reductions => 143865
max_basis_size => 4125
queued_pairs => 0
built_pairs => 808968
reduced_pairs => 179916
eliminated_by_truncation => 31947
removed_by_autoreduction => 9
eliminated_by_gcd => 7696782
time => 1.312598406
memory => 0.5998739525675774
IPGBs, with binary truncation
Algorithm statistics:
zero_reductions => 60141
max_basis_size => 4125
queued_pairs => 0
built_pairs => 279466
reduced_pairs => 90828
eliminated_by_truncation => 26583
removed_by_autoreduction => 9
eliminated_by_gcd => 8226284
time => 1.142904346
memory => 0.5353250131011009
4ti2 results
4ti2 time => 8.369402918
