IPGBs, no binary truncation
Algorithm statistics:
zero_reductions => 3355049
max_basis_size => 17254
queued_pairs => 0
built_pairs => 12026190
reduced_pairs => 3667074
eliminated_by_truncation => 294655
removed_by_autoreduction => 146
eliminated_by_gcd => 137085090
time => 27.758935743
memory => 7.16217914968729
IPGBs, with binary truncation
Algorithm statistics:
zero_reductions => 616449
max_basis_size => 17254
queued_pairs => 0
built_pairs => 1665164
reduced_pairs => 819785
eliminated_by_truncation => 185966
removed_by_autoreduction => 146
eliminated_by_gcd => 147446116
time => 17.415178577
memory => 5.881670564413071
4ti2 results
4ti2 time => 42.44210247
