IPGBs, no binary truncation
Algorithm statistics:
zero_reductions => 54229
max_basis_size => 2481
queued_pairs => 0
built_pairs => 371194
reduced_pairs => 68969
eliminated_by_truncation => 12284
removed_by_autoreduction => 0
eliminated_by_gcd => 2705246
time => 0.704163121
memory => 0.27713363617658615
IPGBs, with binary truncation
Algorithm statistics:
zero_reductions => 30330
max_basis_size => 2481
queued_pairs => 0
built_pairs => 132165
reduced_pairs => 42951
eliminated_by_truncation => 10165
removed_by_autoreduction => 0
eliminated_by_gcd => 2944275
time => 0.54275328
memory => 0.24985191971063614
4ti2 results
4ti2 time => 1.452276669
