IPGBs, no binary truncation
Algorithm statistics:
zero_reductions => 18290854
max_basis_size => 17000
queued_pairs => 0
built_pairs => 18429750
reduced_pairs => 18427838
eliminated_by_truncation => 119752
removed_by_autoreduction => 252
eliminated_by_gcd => 126134235
time => 18.632552248
memory => 5.989843748509884
IPGBs, with binary truncation
Algorithm statistics:
zero_reductions => 6398984
max_basis_size => 17000
queued_pairs => 0
built_pairs => 6416337
reduced_pairs => 6416216
eliminated_by_truncation => 0
removed_by_autoreduction => 252
eliminated_by_gcd => 138147648
time => 13.992795572
memory => 4.941312521696091
4ti2 results
4ti2 time => 16.748317152
