IPGBs, no binary truncation
Algorithm statistics:
zero_reductions => 29122462
max_basis_size => 21418
queued_pairs => 0
built_pairs => 29460864
reduced_pairs => 29427000
eliminated_by_truncation => 282787
removed_by_autoreduction => 353
eliminated_by_gcd => 199913788
time => 38.115483521
memory => 9.598671704530716
IPGBs, with binary truncation
Algorithm statistics:
zero_reductions => 8534963
max_basis_size => 21418
queued_pairs => 0
built_pairs => 8556947
reduced_pairs => 8556714
eliminated_by_truncation => 0
removed_by_autoreduction => 353
eliminated_by_gcd => 220817705
time => 24.254543018
memory => 7.678816981613636
4ti2 results
4ti2 time => 33.246490877
