IPGBs, no binary truncation
Algorithm statistics:
zero_reductions => 187719
max_basis_size => 1734
queued_pairs => 0
built_pairs => 195278
reduced_pairs => 194879
eliminated_by_truncation => 5441
removed_by_autoreduction => 0
eliminated_by_gcd => 1307233
time => 0.115277045
memory => 0.08079151809215546
IPGBs, with binary truncation
Algorithm statistics:
zero_reductions => 99039
max_basis_size => 1734
queued_pairs => 0
built_pairs => 100793
reduced_pairs => 100758
eliminated_by_truncation => 0
removed_by_autoreduction => 0
eliminated_by_gcd => 1401718
time => 0.202341422
memory => 0.06846179068088531
4ti2 results
4ti2 time => 0.216370277
