IPGBs, no binary truncation
Algorithm statistics:
zero_reductions => 66411797
max_basis_size => 30218
queued_pairs => 0
built_pairs => 66692763
reduced_pairs => 66692191
eliminated_by_truncation => 249699
removed_by_autoreduction => 502
eliminated_by_gcd => 389875890
time => 75.168647951
memory => 19.299513190984726
IPGBs, with binary truncation
Algorithm statistics:
zero_reductions => 26168737
max_basis_size => 30218
queued_pairs => 0
built_pairs => 26199435
reduced_pairs => 26199432
eliminated_by_truncation => 0
removed_by_autoreduction => 502
eliminated_by_gcd => 430369218
time => 61.5978293
memory => 15.925327852368355
4ti2 results
4ti2 time => 66.3415051
