IPGBs, no binary truncation
Algorithm statistics:
zero_reductions => 286929
max_basis_size => 1730
queued_pairs => 0
built_pairs => 296470
reduced_pairs => 293931
eliminated_by_truncation => 5287
removed_by_autoreduction => 0
eliminated_by_gcd => 1199115
time => 0.173702894
memory => 0.0907205268740654
IPGBs, with binary truncation
Algorithm statistics:
zero_reductions => 141358
max_basis_size => 1730
queued_pairs => 0
built_pairs => 143415
reduced_pairs => 143073
eliminated_by_truncation => 0
removed_by_autoreduction => 0
eliminated_by_gcd => 1352170
time => 0.163173931
memory => 0.07405631989240646
4ti2 results
4ti2 time => 0.276098758
