IPGBs, no binary truncation
Algorithm statistics:
zero_reductions => 7316
max_basis_size => 488
queued_pairs => 0
built_pairs => 12732
reduced_pairs => 8796
eliminated_by_truncation => 1002
removed_by_autoreduction => 0
eliminated_by_gcd => 106096
time => 0.015732056
memory => 0.014162681996822357
IPGBs, with binary truncation
Algorithm statistics:
zero_reductions => 3702
max_basis_size => 488
queued_pairs => 0
built_pairs => 4916
reduced_pairs => 4236
eliminated_by_truncation => 56
removed_by_autoreduction => 0
eliminated_by_gcd => 113912
time => 0.013809161
memory => 0.012819118797779083
4ti2 results
4ti2 time => 0.085883305
