IPGBs, no binary truncation
Algorithm statistics:
zero_reductions => 14633664
max_basis_size => 15603
queued_pairs => 0
built_pairs => 14713729
reduced_pairs => 14713729
eliminated_by_truncation => 64291
removed_by_autoreduction => 196
eliminated_by_gcd => 107337339
time => 14.112946213
memory => 4.9789504408836365
IPGBs, with binary truncation
Algorithm statistics:
zero_reductions => 6704920
max_basis_size => 15603
queued_pairs => 0
built_pairs => 6720694
reduced_pairs => 6720694
eliminated_by_truncation => 0
removed_by_autoreduction => 196
eliminated_by_gcd => 115330374
time => 11.699247429
memory => 4.2914528623223305
4ti2 results
4ti2 time => 12.38830143
