IPGBs, no binary truncation
Algorithm statistics:
zero_reductions => 43822
max_basis_size => 670
queued_pairs => 0
built_pairs => 45827
reduced_pairs => 45816
eliminated_by_truncation => 1339
removed_by_autoreduction => 0
eliminated_by_gcd => 178288
time => 0.054626928
memory => 0.023517943918704987
IPGBs, with binary truncation
Algorithm statistics:
zero_reductions => 25876
max_basis_size => 670
queued_pairs => 0
built_pairs => 26532
reduced_pairs => 26531
eliminated_by_truncation => 0
removed_by_autoreduction => 0
eliminated_by_gcd => 197583
time => 0.024856614
memory => 0.02080336958169937
4ti2 results
4ti2 time => 0.06613629
