IPGBs, no binary truncation
Algorithm statistics:
zero_reductions => 2239
max_basis_size => 159
queued_pairs => 0
built_pairs => 2612
reduced_pairs => 2610
eliminated_by_truncation => 222
removed_by_autoreduction => 0
eliminated_by_gcd => 9949
time => 0.050944598
memory => 0.007326878607273102
IPGBs, with binary truncation
Algorithm statistics:
zero_reductions => 1630
max_basis_size => 159
queued_pairs => 0
built_pairs => 1785
reduced_pairs => 1785
eliminated_by_truncation => 6
removed_by_autoreduction => 0
eliminated_by_gcd => 10776
time => 0.007634929
memory => 0.005708120763301849
4ti2 results
4ti2 time => 0.02289983
