IPGBs, no binary truncation
Algorithm statistics:
zero_reductions => 14886622
max_basis_size => 12168
queued_pairs => 0
built_pairs => 14982175
reduced_pairs => 14982175
eliminated_by_truncation => 83281
removed_by_autoreduction => 129
eliminated_by_gcd => 59041853
time => 10.896640369
memory => 3.558010660111904
IPGBs, with binary truncation
Algorithm statistics:
zero_reductions => 7786814
max_basis_size => 12168
queued_pairs => 0
built_pairs => 7799086
reduced_pairs => 7799086
eliminated_by_truncation => 0
removed_by_autoreduction => 129
eliminated_by_gcd => 66224942
time => 8.431946379
memory => 2.903694361448288
4ti2 results
4ti2 time => 12.41712679
