IPGBs, no binary truncation
Algorithm statistics:
zero_reductions => 9920629
max_basis_size => 11193
queued_pairs => 0
built_pairs => 9967402
reduced_pairs => 9967402
eliminated_by_truncation => 35440
removed_by_autoreduction => 165
eliminated_by_gcd => 52845801
time => 7.217333794
memory => 2.7590844854712486
IPGBs, with binary truncation
Algorithm statistics:
zero_reductions => 5449962
max_basis_size => 11193
queued_pairs => 0
built_pairs => 5461295
reduced_pairs => 5461295
eliminated_by_truncation => 0
removed_by_autoreduction => 165
eliminated_by_gcd => 57351908
time => 6.324231897
memory => 2.3737111911177635
4ti2 results
4ti2 time => 7.349213816
