IPGBs, no binary truncation
Algorithm statistics:
zero_reductions => 80486
max_basis_size => 778
queued_pairs => 0
built_pairs => 83588
reduced_pairs => 83586
eliminated_by_truncation => 2337
removed_by_autoreduction => 0
eliminated_by_gcd => 218665
time => 0.056885687
memory => 0.02989654242992401
IPGBs, with binary truncation
Algorithm statistics:
zero_reductions => 48635
max_basis_size => 778
queued_pairs => 0
built_pairs => 49398
reduced_pairs => 49398
eliminated_by_truncation => 0
removed_by_autoreduction => 0
eliminated_by_gcd => 252855
time => 0.033546383
memory => 0.025120437145233154
4ti2 results
4ti2 time => 0.095689095
