IPGBs, no binary truncation
Algorithm statistics:
zero_reductions => 294426
max_basis_size => 1722
queued_pairs => 0
built_pairs => 301949
reduced_pairs => 301949
eliminated_by_truncation => 5821
removed_by_autoreduction => 0
eliminated_by_gcd => 1179832
time => 0.164797415
memory => 0.09655400365591049
IPGBs, with binary truncation
Algorithm statistics:
zero_reductions => 186038
max_basis_size => 1722
queued_pairs => 0
built_pairs => 187740
reduced_pairs => 187740
eliminated_by_truncation => 0
removed_by_autoreduction => 0
eliminated_by_gcd => 1294041
time => 0.119700554
memory => 0.08110558241605759
4ti2 results
4ti2 time => 0.280962108
