IPGBs, no binary truncation
Algorithm statistics:
zero_reductions => 90383
max_basis_size => 1145
queued_pairs => 0
built_pairs => 94809
reduced_pairs => 94268
eliminated_by_truncation => 2755
removed_by_autoreduction => 0
eliminated_by_gcd => 560131
time => 0.059435508
memory => 0.04750329256057739
IPGBs, with binary truncation
Algorithm statistics:
zero_reductions => 49114
max_basis_size => 1145
queued_pairs => 0
built_pairs => 50281
reduced_pairs => 50244
eliminated_by_truncation => 0
removed_by_autoreduction => 0
eliminated_by_gcd => 604659
time => 0.04859554
memory => 0.04139409959316254
4ti2 results
4ti2 time => 0.11757036
