IPGBs, no binary truncation
Algorithm statistics:
zero_reductions => 6528331
max_basis_size => 8717
queued_pairs => 0
built_pairs => 6586804
reduced_pairs => 6584393
eliminated_by_truncation => 47305
removed_by_autoreduction => 60
eliminated_by_gcd => 31406881
time => 4.963978021
memory => 1.7578022703528404
IPGBs, with binary truncation
Algorithm statistics:
zero_reductions => 2963677
max_basis_size => 8717
queued_pairs => 0
built_pairs => 2972463
reduced_pairs => 2972434
eliminated_by_truncation => 0
removed_by_autoreduction => 60
eliminated_by_gcd => 35021222
time => 3.976611726
memory => 1.4278915151953697
4ti2 results
4ti2 time => 5.429264946
