IPGBs, no binary truncation
Algorithm statistics:
zero_reductions => 13637
max_basis_size => 424
queued_pairs => 0
built_pairs => 14604
reduced_pairs => 14604
eliminated_by_truncation => 558
removed_by_autoreduction => 0
eliminated_by_gcd => 75072
time => 0.015631076
memory => 0.01475294679403305
IPGBs, with binary truncation
Algorithm statistics:
zero_reductions => 9664
max_basis_size => 424
queued_pairs => 0
built_pairs => 10073
reduced_pairs => 10073
eliminated_by_truncation => 0
removed_by_autoreduction => 0
eliminated_by_gcd => 79603
time => 0.014183109
memory => 0.01388319581747055
4ti2 results
4ti2 time => 0.047236105
