IPGBs, no binary truncation
Algorithm statistics:
zero_reductions => 63111557
max_basis_size => 28398
queued_pairs => 0
built_pairs => 63350902
reduced_pairs => 63344221
eliminated_by_truncation => 203972
removed_by_autoreduction => 319
eliminated_by_gcd => 340025556
time => 67.445052709
memory => 17.363957852125168
IPGBs, with binary truncation
Algorithm statistics:
zero_reductions => 26123879
max_basis_size => 28398
queued_pairs => 0
built_pairs => 26152573
reduced_pairs => 26152571
eliminated_by_truncation => 0
removed_by_autoreduction => 319
eliminated_by_gcd => 377223885
time => 54.777255217
memory => 14.300682067871094
4ti2 results
4ti2 time => 61.595490659
