IPGBs, no binary truncation
Algorithm statistics:
zero_reductions => 127772
max_basis_size => 1338
queued_pairs => 0
built_pairs => 133745
reduced_pairs => 133311
eliminated_by_truncation => 4216
removed_by_autoreduction => 0
eliminated_by_gcd => 760708
time => 0.076466609
memory => 0.059743836522102356
IPGBs, with binary truncation
Algorithm statistics:
zero_reductions => 61112
max_basis_size => 1338
queued_pairs => 0
built_pairs => 62494
reduced_pairs => 62435
eliminated_by_truncation => 0
removed_by_autoreduction => 0
eliminated_by_gcd => 831959
time => 0.099828318
memory => 0.05010215938091278
4ti2 results
4ti2 time => 0.161548496
