IPGBs, no binary truncation
Algorithm statistics:
zero_reductions => 10922965
max_basis_size => 10777
queued_pairs => 0
built_pairs => 10995392
reduced_pairs => 10995392
eliminated_by_truncation => 61626
removed_by_autoreduction => 49
eliminated_by_gcd => 47071084
time => 8.126033928
memory => 2.7363292053341866
IPGBs, with binary truncation
Algorithm statistics:
zero_reductions => 5546755
max_basis_size => 10777
queued_pairs => 0
built_pairs => 5557556
reduced_pairs => 5557556
eliminated_by_truncation => 0
removed_by_autoreduction => 49
eliminated_by_gcd => 52508920
time => 5.941164118
memory => 2.2448587119579315
4ti2 results
4ti2 time => 8.830042386
