IPGBs, no binary truncation
Algorithm statistics:
zero_reductions => 30845
max_basis_size => 651
queued_pairs => 0
built_pairs => 32814
reduced_pairs => 32814
eliminated_by_truncation => 1333
removed_by_autoreduction => 0
eliminated_by_gcd => 178761
time => 0.039375924
memory => 0.021128445863723755
IPGBs, with binary truncation
Algorithm statistics:
zero_reductions => 19625
max_basis_size => 651
queued_pairs => 0
built_pairs => 20261
reduced_pairs => 20261
eliminated_by_truncation => 0
removed_by_autoreduction => 0
eliminated_by_gcd => 191314
time => 0.02183086
memory => 0.01892191171646118
4ti2 results
4ti2 time => 0.065025238
