IPGBs, no binary truncation
Algorithm statistics:
zero_reductions => 3952999
max_basis_size => 6668
queued_pairs => 0
built_pairs => 3980052
reduced_pairs => 3980052
eliminated_by_truncation => 20378
removed_by_autoreduction => 32
eliminated_by_gcd => 18267720
time => 2.636276969
memory => 1.059547409415245
IPGBs, with binary truncation
Algorithm statistics:
zero_reductions => 2418200
max_basis_size => 6668
queued_pairs => 0
built_pairs => 2424875
reduced_pairs => 2424875
eliminated_by_truncation => 0
removed_by_autoreduction => 32
eliminated_by_gcd => 19822897
time => 2.091047531
memory => 0.9151340276002884
4ti2 results
4ti2 time => 2.997683335
