IPGBs, no binary truncation
Algorithm statistics:
zero_reductions => 6613
max_basis_size => 334
queued_pairs => 0
built_pairs => 8617
reduced_pairs => 7673
eliminated_by_truncation => 736
removed_by_autoreduction => 0
eliminated_by_gcd => 46994
time => 0.012048917
memory => 0.009571217000484467
IPGBs, with binary truncation
Algorithm statistics:
zero_reductions => 3051
max_basis_size => 334
queued_pairs => 0
built_pairs => 3541
reduced_pairs => 3380
eliminated_by_truncation => 5
removed_by_autoreduction => 0
eliminated_by_gcd => 52070
time => 0.010010093
memory => 0.008604802191257477
4ti2 results
4ti2 time => 0.036540533
