IPGBs, no binary truncation
Algorithm statistics:
zero_reductions => 5992224
max_basis_size => 8070
queued_pairs => 0
built_pairs => 6041668
reduced_pairs => 6041667
eliminated_by_truncation => 41333
removed_by_autoreduction => 60
eliminated_by_gcd => 26531746
time => 4.246158031
memory => 1.533914014697075
IPGBs, with binary truncation
Algorithm statistics:
zero_reductions => 2693921
max_basis_size => 8070
queued_pairs => 0
built_pairs => 2702031
reduced_pairs => 2702031
eliminated_by_truncation => 0
removed_by_autoreduction => 60
eliminated_by_gcd => 29871383
time => 3.107412687
memory => 1.2358188778162003
4ti2 results
4ti2 time => 4.804905873
