IPGBs, no binary truncation
Algorithm statistics:
zero_reductions => 10223
max_basis_size => 372
queued_pairs => 0
built_pairs => 14521
reduced_pairs => 11953
eliminated_by_truncation => 1368
removed_by_autoreduction => 0
eliminated_by_gcd => 54485
time => 0.017484495
memory => 0.011161834001541138
IPGBs, with binary truncation
Algorithm statistics:
zero_reductions => 5197
max_basis_size => 372
queued_pairs => 0
built_pairs => 5813
reduced_pairs => 5561
eliminated_by_truncation => 2
removed_by_autoreduction => 0
eliminated_by_gcd => 63193
time => 0.012027819
memory => 0.009413853287696838
4ti2 results
4ti2 time => 0.043210209
