IPGBs, no binary truncation
Algorithm statistics:
zero_reductions => 24635784
max_basis_size => 15791
queued_pairs => 0
built_pairs => 24806003
reduced_pairs => 24801081
eliminated_by_truncation => 149300
removed_by_autoreduction => 226
eliminated_by_gcd => 99863942
time => 19.115849719
memory => 5.874289572238922
IPGBs, with binary truncation
Algorithm statistics:
zero_reductions => 9026932
max_basis_size => 15791
queued_pairs => 0
built_pairs => 9042968
reduced_pairs => 9042929
eliminated_by_truncation => 0
removed_by_autoreduction => 226
eliminated_by_gcd => 115626977
time => 12.833736973
memory => 4.521872438490391
4ti2 results
4ti2 time => 20.218570839
