IPGBs, no binary truncation
Algorithm statistics:
zero_reductions => 9359
max_basis_size => 466
queued_pairs => 0
built_pairs => 15944
reduced_pairs => 11187
eliminated_by_truncation => 1372
removed_by_autoreduction => 0
eliminated_by_gcd => 92401
time => 0.015149211
memory => 0.01151999831199646
IPGBs, with binary truncation
Algorithm statistics:
zero_reductions => 5107
max_basis_size => 466
queued_pairs => 0
built_pairs => 6097
reduced_pairs => 5563
eliminated_by_truncation => 0
removed_by_autoreduction => 0
eliminated_by_gcd => 102248
time => 0.012252041
memory => 0.009764105081558228
4ti2 results
4ti2 time => 0.044716697
