IPGBs, no binary truncation
Algorithm statistics:
zero_reductions => 2551
max_basis_size => 155
queued_pairs => 0
built_pairs => 2958
reduced_pairs => 2914
eliminated_by_truncation => 218
removed_by_autoreduction => 0
eliminated_by_gcd => 8977
time => 0.006636542
memory => 0.004917576909065247
IPGBs, with binary truncation
Algorithm statistics:
zero_reductions => 1659
max_basis_size => 155
queued_pairs => 0
built_pairs => 1815
reduced_pairs => 1804
eliminated_by_truncation => 0
removed_by_autoreduction => 0
eliminated_by_gcd => 10120
time => 0.005683829
memory => 0.004669994115829468
4ti2 results
4ti2 time => 0.018127998
