IPGBs, no binary truncation
Algorithm statistics:
zero_reductions => 1268463
max_basis_size => 3524
queued_pairs => 0
built_pairs => 1287422
reduced_pairs => 1287422
eliminated_by_truncation => 15447
removed_by_autoreduction => 8
eliminated_by_gcd => 4930098
time => 0.729728048
memory => 0.33266620337963104
IPGBs, with binary truncation
Algorithm statistics:
zero_reductions => 693510
max_basis_size => 3524
queued_pairs => 0
built_pairs => 697022
reduced_pairs => 697022
eliminated_by_truncation => 0
removed_by_autoreduction => 8
eliminated_by_gcd => 5520498
time => 0.579720395
memory => 0.2702637016773224
4ti2 results
4ti2 time => 1.052105749
