IPGBs, no binary truncation
Algorithm statistics:
zero_reductions => 1496103
max_basis_size => 3989
queued_pairs => 0
built_pairs => 1514022
reduced_pairs => 1514022
eliminated_by_truncation => 13928
removed_by_autoreduction => 22
eliminated_by_gcd => 6450038
time => 0.835198278
memory => 0.39841610938310623
IPGBs, with binary truncation
Algorithm statistics:
zero_reductions => 845191
max_basis_size => 3989
queued_pairs => 0
built_pairs => 849182
reduced_pairs => 849182
eliminated_by_truncation => 0
removed_by_autoreduction => 22
eliminated_by_gcd => 7114878
time => 0.748992071
memory => 0.33227818459272385
4ti2 results
4ti2 time => 1.133670559
