IPGBs, no binary truncation
Algorithm statistics:
zero_reductions => 22667
max_basis_size => 700
queued_pairs => 0
built_pairs => 38933
reduced_pairs => 26357
eliminated_by_truncation => 3000
removed_by_autoreduction => 0
eliminated_by_gcd => 205717
time => 0.031711176
memory => 0.021612584590911865
IPGBs, with binary truncation
Algorithm statistics:
zero_reductions => 9779
max_basis_size => 700
queued_pairs => 0
built_pairs => 11146
reduced_pairs => 10532
eliminated_by_truncation => 63
removed_by_autoreduction => 0
eliminated_by_gcd => 233504
time => 0.022023882
memory => 0.017178982496261597
4ti2 results
4ti2 time => 0.081622629
