IPGBs, no binary truncation
Algorithm statistics:
zero_reductions => 812605
max_basis_size => 2964
queued_pairs => 0
built_pairs => 826974
reduced_pairs => 826944
eliminated_by_truncation => 11386
removed_by_autoreduction => 23
eliminated_by_gcd => 3540280
time => 0.573454464
memory => 0.2339813932776451
IPGBs, with binary truncation
Algorithm statistics:
zero_reductions => 420887
max_basis_size => 2964
queued_pairs => 0
built_pairs => 423840
reduced_pairs => 423840
eliminated_by_truncation => 0
removed_by_autoreduction => 23
eliminated_by_gcd => 3943414
time => 0.385077243
memory => 0.19037238508462906
4ti2 results
4ti2 time => 0.70785176
