IPGBs, no binary truncation
Algorithm statistics:
zero_reductions => 6837
max_basis_size => 394
queued_pairs => 0
built_pairs => 9987
reduced_pairs => 8067
eliminated_by_truncation => 846
removed_by_autoreduction => 0
eliminated_by_gcd => 67434
time => 0.013193058
memory => 0.010972119867801666
IPGBs, with binary truncation
Algorithm statistics:
zero_reductions => 3497
max_basis_size => 394
queued_pairs => 0
built_pairs => 4122
reduced_pairs => 3889
eliminated_by_truncation => 8
removed_by_autoreduction => 0
eliminated_by_gcd => 73299
time => 0.0679713
memory => 0.009860821068286896
4ti2 results
4ti2 time => 0.040873697
