IPGBs, no binary truncation
Algorithm statistics:
zero_reductions => 554562
max_basis_size => 2441
queued_pairs => 0
built_pairs => 561577
reduced_pairs => 561577
eliminated_by_truncation => 4599
removed_by_autoreduction => 0
eliminated_by_gcd => 2416443
time => 0.330510661
memory => 0.17649592459201813
IPGBs, with binary truncation
Algorithm statistics:
zero_reductions => 411323
max_basis_size => 2441
queued_pairs => 0
built_pairs => 413739
reduced_pairs => 413739
eliminated_by_truncation => 0
removed_by_autoreduction => 0
eliminated_by_gcd => 2564281
time => 0.324721004
memory => 0.15903925895690918
4ti2 results
4ti2 time => 0.469446292
