IPGBs, no binary truncation
Algorithm statistics:
zero_reductions => 1205569
max_basis_size => 4609
queued_pairs => 0
built_pairs => 1343187
reduced_pairs => 1242406
eliminated_by_truncation => 32191
removed_by_autoreduction => 52
eliminated_by_gcd => 9305883
time => 1.252364814
memory => 0.487350158393383
IPGBs, with binary truncation
Algorithm statistics:
zero_reductions => 374155
max_basis_size => 4609
queued_pairs => 0
built_pairs => 384789
reduced_pairs => 378801
eliminated_by_truncation => 0
removed_by_autoreduction => 52
eliminated_by_gcd => 10264281
time => 0.841511247
memory => 0.3823661059141159
4ti2 results
4ti2 time => 1.452083131
