IPGBs, no binary truncation
Algorithm statistics:
zero_reductions => 7437632
max_basis_size => 9261
queued_pairs => 0
built_pairs => 7478748
reduced_pairs => 7478748
eliminated_by_truncation => 31863
removed_by_autoreduction => 17
eliminated_by_gcd => 35399682
time => 5.621114938
memory => 1.9607888236641884
IPGBs, with binary truncation
Algorithm statistics:
zero_reductions => 4375826
max_basis_size => 9261
queued_pairs => 0
built_pairs => 4385079
reduced_pairs => 4385079
eliminated_by_truncation => 0
removed_by_autoreduction => 17
eliminated_by_gcd => 38493351
time => 4.399339341
memory => 1.6856617107987404
4ti2 results
4ti2 time => 5.853346164
