IPGBs, no binary truncation
Algorithm statistics:
zero_reductions => 102749
max_basis_size => 952
queued_pairs => 0
built_pairs => 105291
reduced_pairs => 105291
eliminated_by_truncation => 1610
removed_by_autoreduction => 0
eliminated_by_gcd => 347385
time => 0.073239279
memory => 0.04275677353143692
IPGBs, with binary truncation
Algorithm statistics:
zero_reductions => 75718
max_basis_size => 952
queued_pairs => 0
built_pairs => 76650
reduced_pairs => 76650
eliminated_by_truncation => 0
removed_by_autoreduction => 0
eliminated_by_gcd => 376026
time => 0.045239061
memory => 0.038703568279743195
4ti2 results
4ti2 time => 0.109853897
