IPGBs, no binary truncation
Algorithm statistics:
zero_reductions => 23373143
max_basis_size => 19144
queued_pairs => 0
built_pairs => 23636806
reduced_pairs => 23582323
eliminated_by_truncation => 189430
removed_by_autoreduction => 626
eliminated_by_gcd => 159762412
time => 25.335708638
memory => 7.6551360711455345
IPGBs, with binary truncation
Algorithm statistics:
zero_reductions => 7294627
max_basis_size => 19144
queued_pairs => 0
built_pairs => 7314985
reduced_pairs => 7314377
eliminated_by_truncation => 0
removed_by_autoreduction => 626
eliminated_by_gcd => 176084233
time => 18.105421262
memory => 6.1963110864162445
4ti2 results
4ti2 time => 22.854738203
