IPGBs, no binary truncation
Algorithm statistics:
zero_reductions => 713209
max_basis_size => 3388
queued_pairs => 0
built_pairs => 778242
reduced_pairs => 742422
eliminated_by_truncation => 25811
removed_by_autoreduction => 35
eliminated_by_gcd => 5011123
time => 0.648504063
memory => 0.2844884544610977
IPGBs, with binary truncation
Algorithm statistics:
zero_reductions => 239428
max_basis_size => 3388
queued_pairs => 0
built_pairs => 243796
reduced_pairs => 242830
eliminated_by_truncation => 0
removed_by_autoreduction => 35
eliminated_by_gcd => 5545569
time => 0.457999201
memory => 0.2184543013572693
4ti2 results
4ti2 time => 0.91351951
