IPGBs, no binary truncation
Algorithm statistics:
zero_reductions => 919215
max_basis_size => 4529
queued_pairs => 0
built_pairs => 987686
reduced_pairs => 951293
eliminated_by_truncation => 27510
removed_by_autoreduction => 54
eliminated_by_gcd => 9355340
time => 1.108714097
memory => 0.4423135966062546
IPGBs, with binary truncation
Algorithm statistics:
zero_reductions => 294562
max_basis_size => 4529
queued_pairs => 0
built_pairs => 299344
reduced_pairs => 299130
eliminated_by_truncation => 0
removed_by_autoreduction => 54
eliminated_by_gcd => 10043682
time => 0.785462234
memory => 0.363213874399662
4ti2 results
4ti2 time => 1.088857219
