IPGBs, no binary truncation
Algorithm statistics:
zero_reductions => 8007
max_basis_size => 378
queued_pairs => 0
built_pairs => 11643
reduced_pairs => 9339
eliminated_by_truncation => 964
removed_by_autoreduction => 0
eliminated_by_gcd => 59610
time => 0.01653532
memory => 0.012139201164245605
IPGBs, with binary truncation
Algorithm statistics:
zero_reductions => 4486
max_basis_size => 378
queued_pairs => 0
built_pairs => 5217
reduced_pairs => 4862
eliminated_by_truncation => 8
removed_by_autoreduction => 0
eliminated_by_gcd => 66036
time => 0.012138767
memory => 0.010891154408454895
4ti2 results
4ti2 time => 0.039583668
