IPGBs, no binary truncation
Algorithm statistics:
zero_reductions => 180817
max_basis_size => 1206
queued_pairs => 0
built_pairs => 188135
reduced_pairs => 187905
eliminated_by_truncation => 5897
removed_by_autoreduction => 0
eliminated_by_gcd => 538480
time => 0.090302602
memory => 0.05718487501144409
IPGBs, with binary truncation
Algorithm statistics:
zero_reductions => 93756
max_basis_size => 1206
queued_pairs => 0
built_pairs => 94991
reduced_pairs => 94947
eliminated_by_truncation => 0
removed_by_autoreduction => 0
eliminated_by_gcd => 631624
time => 0.104086132
memory => 0.04444552958011627
4ti2 results
4ti2 time => 0.205619468
