IPGBs, no binary truncation
Algorithm statistics:
zero_reductions => 1227052
max_basis_size => 3417
queued_pairs => 0
built_pairs => 1244554
reduced_pairs => 1244510
eliminated_by_truncation => 14054
removed_by_autoreduction => 7
eliminated_by_gcd => 4596681
time => 0.642807134
memory => 0.3204724118113518
IPGBs, with binary truncation
Algorithm statistics:
zero_reductions => 751969
max_basis_size => 3417
queued_pairs => 0
built_pairs => 755374
reduced_pairs => 755373
eliminated_by_truncation => 0
removed_by_autoreduction => 7
eliminated_by_gcd => 5085861
time => 0.542032251
memory => 0.2672719731926918
4ti2 results
4ti2 time => 0.976264145
