IPGBs, no binary truncation
Algorithm statistics:
zero_reductions => 710775
max_basis_size => 2943
queued_pairs => 0
built_pairs => 723089
reduced_pairs => 723089
eliminated_by_truncation => 9387
removed_by_autoreduction => 4
eliminated_by_gcd => 3613561
time => 0.444381932
memory => 0.2278531789779663
IPGBs, with binary truncation
Algorithm statistics:
zero_reductions => 396192
max_basis_size => 2943
queued_pairs => 0
built_pairs => 399119
reduced_pairs => 399119
eliminated_by_truncation => 0
removed_by_autoreduction => 4
eliminated_by_gcd => 3937531
time => 0.386694652
memory => 0.19252432882785797
4ti2 results
4ti2 time => 0.634796417
