IPGBs, no binary truncation
Algorithm statistics:
zero_reductions => 137742493
max_basis_size => 53749
queued_pairs => 0
built_pairs => 143300999
reduced_pairs => 138481146
eliminated_by_truncation => 683388
removed_by_autoreduction => 1536
eliminated_by_gcd => 1302251497
time => 230.584514037
memory => 55.429581478238106
IPGBs, with binary truncation
Algorithm statistics:
zero_reductions => 34084499
max_basis_size => 53749
queued_pairs => 0
built_pairs => 34205622
reduced_pairs => 34139764
eliminated_by_truncation => 0
removed_by_autoreduction => 1536
eliminated_by_gcd => 1411346874
time => 221.711444935
memory => 46.425580844283104
4ti2 results
4ti2 time => 161.862800273
