IPGBs, no binary truncation
Algorithm statistics:
zero_reductions => 17475792
max_basis_size => 15674
queued_pairs => 0
built_pairs => 17684765
reduced_pairs => 17586323
eliminated_by_truncation => 94707
removed_by_autoreduction => 170
eliminated_by_gcd => 105152036
time => 18.120947907
memory => 5.218416854739189
IPGBs, with binary truncation
Algorithm statistics:
zero_reductions => 6151924
max_basis_size => 15674
queued_pairs => 0
built_pairs => 6170456
reduced_pairs => 6167748
eliminated_by_truncation => 0
removed_by_autoreduction => 170
eliminated_by_gcd => 116666345
time => 12.31196477
memory => 4.247634403407574
4ti2 results
4ti2 time => 16.016058547
