IPGBs, no binary truncation
Algorithm statistics:
zero_reductions => 19408700
max_basis_size => 16583
queued_pairs => 0
built_pairs => 19577212
reduced_pairs => 19554232
eliminated_by_truncation => 128740
removed_by_autoreduction => 229
eliminated_by_gcd => 118014836
time => 18.48676576
memory => 5.877404719591141
IPGBs, with binary truncation
Algorithm statistics:
zero_reductions => 7151008
max_basis_size => 16583
queued_pairs => 0
built_pairs => 7168636
reduced_pairs => 7167800
eliminated_by_truncation => 0
removed_by_autoreduction => 229
eliminated_by_gcd => 130423412
time => 13.918798385
memory => 4.787913434207439
4ti2 results
4ti2 time => 17.459311716
