IPGBs, no binary truncation
Algorithm statistics:
zero_reductions => 1090419
max_basis_size => 4837
queued_pairs => 0
built_pairs => 1224345
reduced_pairs => 1121105
eliminated_by_truncation => 25802
removed_by_autoreduction => 62
eliminated_by_gcd => 10513885
time => 1.163754875
memory => 0.5063225254416466
IPGBs, with binary truncation
Algorithm statistics:
zero_reductions => 335764
max_basis_size => 4837
queued_pairs => 0
built_pairs => 347847
reduced_pairs => 340651
eliminated_by_truncation => 3
removed_by_autoreduction => 62
eliminated_by_gcd => 11390383
time => 0.933484194
memory => 0.41410786658525467
4ti2 results
4ti2 time => 1.30692739
