IPGBs, no binary truncation
Algorithm statistics:
zero_reductions => 6541690
max_basis_size => 9193
queued_pairs => 0
built_pairs => 6588707
reduced_pairs => 6588707
eliminated_by_truncation => 37758
removed_by_autoreduction => 91
eliminated_by_gcd => 35734755
time => 5.117787976
memory => 1.8892697244882584
IPGBs, with binary truncation
Algorithm statistics:
zero_reductions => 3461229
max_basis_size => 9193
queued_pairs => 0
built_pairs => 3470488
reduced_pairs => 3470488
eliminated_by_truncation => 0
removed_by_autoreduction => 91
eliminated_by_gcd => 38852974
time => 4.193128635
memory => 1.6040563136339188
4ti2 results
4ti2 time => 5.371493254
