IPGBs, no binary truncation
Algorithm statistics:
zero_reductions => 219206
max_basis_size => 2177
queued_pairs => 0
built_pairs => 227786
reduced_pairs => 226870
eliminated_by_truncation => 5502
removed_by_autoreduction => 0
eliminated_by_gcd => 2140790
time => 0.242215873
memory => 0.11356654018163681
IPGBs, with binary truncation
Algorithm statistics:
zero_reductions => 112360
max_basis_size => 2177
queued_pairs => 0
built_pairs => 114578
reduced_pairs => 114522
eliminated_by_truncation => 0
removed_by_autoreduction => 0
eliminated_by_gcd => 2253998
time => 0.16906752
memory => 0.0995568111538887
4ti2 results
4ti2 time => 0.259966039
