IPGBs, no binary truncation
Algorithm statistics:
zero_reductions => 8528
max_basis_size => 336
queued_pairs => 0
built_pairs => 11988
reduced_pairs => 9749
eliminated_by_truncation => 895
removed_by_autoreduction => 0
eliminated_by_gcd => 44292
time => 0.012240917
memory => 0.008775025606155396
IPGBs, with binary truncation
Algorithm statistics:
zero_reductions => 4252
max_basis_size => 336
queued_pairs => 0
built_pairs => 5035
reduced_pairs => 4587
eliminated_by_truncation => 9
removed_by_autoreduction => 0
eliminated_by_gcd => 51245
time => 0.010069004
memory => 0.007596850395202637
4ti2 results
4ti2 time => 0.035666037
