IPGBs, no binary truncation
Algorithm statistics:
zero_reductions => 292051
max_basis_size => 1922
queued_pairs => 0
built_pairs => 304273
reduced_pairs => 300893
eliminated_by_truncation => 6935
removed_by_autoreduction => 0
eliminated_by_gcd => 1541808
time => 0.201398333
memory => 0.11040174216032028
IPGBs, with binary truncation
Algorithm statistics:
zero_reductions => 126515
max_basis_size => 1922
queued_pairs => 0
built_pairs => 128613
reduced_pairs => 128422
eliminated_by_truncation => 0
removed_by_autoreduction => 0
eliminated_by_gcd => 1717468
time => 0.127474658
memory => 0.09008026868104935
4ti2 results
4ti2 time => 0.321042134
