IPGBs, no binary truncation
Algorithm statistics:
zero_reductions => 5639
max_basis_size => 278
queued_pairs => 0
built_pairs => 8006
reduced_pairs => 6624
eliminated_by_truncation => 717
removed_by_autoreduction => 0
eliminated_by_gcd => 30497
time => 0.011172547
memory => 0.008624061942100525
IPGBs, with binary truncation
Algorithm statistics:
zero_reductions => 3195
max_basis_size => 278
queued_pairs => 0
built_pairs => 3590
reduced_pairs => 3466
eliminated_by_truncation => 3
removed_by_autoreduction => 0
eliminated_by_gcd => 34913
time => 0.009650476
memory => 0.007720500230789185
4ti2 results
4ti2 time => 0.032870725
