IPGBs, no binary truncation
Algorithm statistics:
zero_reductions => 14404
max_basis_size => 453
queued_pairs => 0
built_pairs => 22350
reduced_pairs => 16329
eliminated_by_truncation => 1482
removed_by_autoreduction => 0
eliminated_by_gcd => 80028
time => 0.017267785
memory => 0.013260595500469208
IPGBs, with binary truncation
Algorithm statistics:
zero_reductions => 7225
max_basis_size => 453
queued_pairs => 0
built_pairs => 8535
reduced_pairs => 7668
eliminated_by_truncation => 0
removed_by_autoreduction => 0
eliminated_by_gcd => 93843
time => 0.013894092
memory => 0.011038772761821747
4ti2 results
4ti2 time => 0.047912729
