IPGBs, no binary truncation
Algorithm statistics:
zero_reductions => 370109
max_basis_size => 1762
queued_pairs => 0
built_pairs => 384841
reduced_pairs => 383088
eliminated_by_truncation => 11232
removed_by_autoreduction => 0
eliminated_by_gcd => 1166600
time => 0.224680829
memory => 0.10375626385211945
IPGBs, with binary truncation
Algorithm statistics:
zero_reductions => 163410
max_basis_size => 1762
queued_pairs => 0
built_pairs => 165226
reduced_pairs => 165157
eliminated_by_truncation => 0
removed_by_autoreduction => 0
eliminated_by_gcd => 1386215
time => 0.146832937
memory => 0.0763472467660904
4ti2 results
4ti2 time => 0.402477465
