IPGBs, no binary truncation
Algorithm statistics:
zero_reductions => 285755
max_basis_size => 2249
queued_pairs => 0
built_pairs => 300175
reduced_pairs => 295150
eliminated_by_truncation => 7161
removed_by_autoreduction => 0
eliminated_by_gcd => 2227701
time => 0.254398146
memory => 0.12861230224370956
IPGBs, with binary truncation
Algorithm statistics:
zero_reductions => 105497
max_basis_size => 2249
queued_pairs => 0
built_pairs => 108010
reduced_pairs => 107731
eliminated_by_truncation => 0
removed_by_autoreduction => 0
eliminated_by_gcd => 2419866
time => 0.184148745
memory => 0.10697772353887558
4ti2 results
4ti2 time => 0.333566989
