IPGBs, no binary truncation
Algorithm statistics:
zero_reductions => 79711475
max_basis_size => 29983
queued_pairs => 0
built_pairs => 79937780
reduced_pairs => 79937780
eliminated_by_truncation => 196105
removed_by_autoreduction => 242
eliminated_by_gcd => 369594867
time => 74.738976001
memory => 19.98287807404995
IPGBs, with binary truncation
Algorithm statistics:
zero_reductions => 36743707
max_basis_size => 29983
queued_pairs => 0
built_pairs => 36773907
reduced_pairs => 36773907
eliminated_by_truncation => 0
removed_by_autoreduction => 242
eliminated_by_gcd => 412758740
time => 64.618617372
memory => 16.486389473080635
4ti2 results
4ti2 time => 71.605379488
