IPGBs, no binary truncation
Algorithm statistics:
zero_reductions => 1982
max_basis_size => 135
queued_pairs => 0
built_pairs => 2366
reduced_pairs => 2300
eliminated_by_truncation => 193
removed_by_autoreduction => 0
eliminated_by_gcd => 6679
time => 0.007788323
memory => 0.005828365683555603
IPGBs, with binary truncation
Algorithm statistics:
zero_reductions => 1442
max_basis_size => 135
queued_pairs => 0
built_pairs => 1584
reduced_pairs => 1567
eliminated_by_truncation => 0
removed_by_autoreduction => 0
eliminated_by_gcd => 7461
time => 0.006983702
memory => 0.005626305937767029
4ti2 results
4ti2 time => 0.021639469
