IPGBs, no binary truncation
Algorithm statistics:
zero_reductions => 43555
max_basis_size => 634
queued_pairs => 0
built_pairs => 45302
reduced_pairs => 45301
eliminated_by_truncation => 1127
removed_by_autoreduction => 0
eliminated_by_gcd => 155359
time => 0.024815694
memory => 0.02114202082157135
IPGBs, with binary truncation
Algorithm statistics:
zero_reductions => 27164
max_basis_size => 634
queued_pairs => 0
built_pairs => 27783
reduced_pairs => 27783
eliminated_by_truncation => 0
removed_by_autoreduction => 0
eliminated_by_gcd => 172878
time => 0.021057736
memory => 0.018761947751045227
4ti2 results
4ti2 time => 0.089466096
