IPGBs, no binary truncation
Algorithm statistics:
zero_reductions => 4345
max_basis_size => 242
queued_pairs => 0
built_pairs => 5807
reduced_pairs => 5020
eliminated_by_truncation => 443
removed_by_autoreduction => 0
eliminated_by_gcd => 23354
time => 0.00986045
memory => 0.008513331413269043
IPGBs, with binary truncation
Algorithm statistics:
zero_reductions => 2520
max_basis_size => 242
queued_pairs => 0
built_pairs => 2869
reduced_pairs => 2757
eliminated_by_truncation => 5
removed_by_autoreduction => 0
eliminated_by_gcd => 26292
time => 0.00855765
memory => 0.007941991090774536
4ti2 results
4ti2 time => 0.027684329
