IPGBs, no binary truncation
Algorithm statistics:
zero_reductions => 332083
max_basis_size => 2755
queued_pairs => 0
built_pairs => 346135
reduced_pairs => 341960
eliminated_by_truncation => 7121
removed_by_autoreduction => 16
eliminated_by_gcd => 3484895
time => 0.394244756
memory => 0.17646853625774384
IPGBs, with binary truncation
Algorithm statistics:
zero_reductions => 143068
max_basis_size => 2755
queued_pairs => 0
built_pairs => 146333
reduced_pairs => 145831
eliminated_by_truncation => 7
removed_by_autoreduction => 16
eliminated_by_gcd => 3684697
time => 0.270259723
memory => 0.15416163206100464
4ti2 results
4ti2 time => 0.383086459
