IPGBs, no binary truncation
Algorithm statistics:
zero_reductions => 231803
max_basis_size => 1628
queued_pairs => 0
built_pairs => 245922
reduced_pairs => 243146
eliminated_by_truncation => 9730
removed_by_autoreduction => 0
eliminated_by_gcd => 1078456
time => 0.185645475
memory => 0.08826546370983124
IPGBs, with binary truncation
Algorithm statistics:
zero_reductions => 95448
max_basis_size => 1628
queued_pairs => 0
built_pairs => 97300
reduced_pairs => 97061
eliminated_by_truncation => 0
removed_by_autoreduction => 0
eliminated_by_gcd => 1227078
time => 0.097690935
memory => 0.06727197766304016
4ti2 results
4ti2 time => 0.318332235
