IPGBs, no binary truncation
Algorithm statistics:
zero_reductions => 294772
max_basis_size => 2024
queued_pairs => 0
built_pairs => 313186
reduced_pairs => 313116
eliminated_by_truncation => 16335
removed_by_autoreduction => 0
eliminated_by_gcd => 1734090
time => 0.251754132
memory => 0.11874379962682724
IPGBs, with binary truncation
Algorithm statistics:
zero_reductions => 98992
max_basis_size => 2024
queued_pairs => 0
built_pairs => 101003
reduced_pairs => 101001
eliminated_by_truncation => 0
removed_by_autoreduction => 0
eliminated_by_gcd => 1946273
time => 0.156239194
memory => 0.08693089336156845
4ti2 results
4ti2 time => 0.456023462
