IPGBs, no binary truncation
Algorithm statistics:
zero_reductions => 91098
max_basis_size => 893
queued_pairs => 0
built_pairs => 94881
reduced_pairs => 94702
eliminated_by_truncation => 2726
removed_by_autoreduction => 0
eliminated_by_gcd => 303397
time => 0.052146276
memory => 0.03494778275489807
IPGBs, with binary truncation
Algorithm statistics:
zero_reductions => 47887
max_basis_size => 893
queued_pairs => 0
built_pairs => 48765
reduced_pairs => 48765
eliminated_by_truncation => 0
removed_by_autoreduction => 0
eliminated_by_gcd => 349513
time => 0.0377273
memory => 0.028769835829734802
4ti2 results
4ti2 time => 0.118485452
