IPGBs, no binary truncation
Algorithm statistics:
zero_reductions => 26493
max_basis_size => 501
queued_pairs => 0
built_pairs => 27916
reduced_pairs => 27905
eliminated_by_truncation => 926
removed_by_autoreduction => 0
eliminated_by_gcd => 97334
time => 0.036896864
memory => 0.01744607836008072
IPGBs, with binary truncation
Algorithm statistics:
zero_reductions => 19027
max_basis_size => 501
queued_pairs => 0
built_pairs => 19515
reduced_pairs => 19513
eliminated_by_truncation => 0
removed_by_autoreduction => 0
eliminated_by_gcd => 105735
time => 0.018514815
memory => 0.015937037765979767
4ti2 results
4ti2 time => 0.04914266
