IPGBs, no binary truncation
Algorithm statistics:
zero_reductions => 3602
max_basis_size => 258
queued_pairs => 0
built_pairs => 4835
reduced_pairs => 4226
eliminated_by_truncation => 376
removed_by_autoreduction => 0
eliminated_by_gcd => 28318
time => 0.008592397
memory => 0.00676707923412323
IPGBs, with binary truncation
Algorithm statistics:
zero_reductions => 2435
max_basis_size => 258
queued_pairs => 0
built_pairs => 2829
reduced_pairs => 2683
eliminated_by_truncation => 0
removed_by_autoreduction => 0
eliminated_by_gcd => 30324
time => 0.007566269
memory => 0.006337478756904602
4ti2 results
4ti2 time => 0.02740482
