IPGBs, no binary truncation
Algorithm statistics:
zero_reductions => 7101
max_basis_size => 251
queued_pairs => 0
built_pairs => 8664
reduced_pairs => 8052
eliminated_by_truncation => 710
removed_by_autoreduction => 0
eliminated_by_gcd => 22711
time => 0.011674698
memory => 0.0077462345361709595
IPGBs, with binary truncation
Algorithm statistics:
zero_reductions => 3847
max_basis_size => 251
queued_pairs => 0
built_pairs => 4136
reduced_pairs => 4088
eliminated_by_truncation => 0
removed_by_autoreduction => 0
eliminated_by_gcd => 27239
time => 0.06614333
memory => 0.006879866123199463
4ti2 results
4ti2 time => 0.043207363
