IPGBs, no binary truncation
Algorithm statistics:
zero_reductions => 87706275
max_basis_size => 45419
queued_pairs => 0
built_pairs => 89344989
reduced_pairs => 88312165
eliminated_by_truncation => 559175
removed_by_autoreduction => 1316
eliminated_by_gcd => 943730371
time => 154.179638376
memory => 38.76866293698549
IPGBs, with binary truncation
Algorithm statistics:
zero_reductions => 20761100
max_basis_size => 45419
queued_pairs => 0
built_pairs => 20819695
reduced_pairs => 20807815
eliminated_by_truncation => 0
removed_by_autoreduction => 1316
eliminated_by_gcd => 1012255665
time => 145.45860644
memory => 32.946547977626324
4ti2 results
4ti2 time => 107.979971898
