IPGBs, no binary truncation
Algorithm statistics:
zero_reductions => 6446
max_basis_size => 444
queued_pairs => 0
built_pairs => 11026
reduced_pairs => 7683
eliminated_by_truncation => 803
removed_by_autoreduction => 0
eliminated_by_gcd => 87320
time => 0.013511956
memory => 0.01236732304096222
IPGBs, with binary truncation
Algorithm statistics:
zero_reductions => 3300
max_basis_size => 444
queued_pairs => 0
built_pairs => 4387
reduced_pairs => 3736
eliminated_by_truncation => 2
removed_by_autoreduction => 0
eliminated_by_gcd => 93959
time => 0.012002651
memory => 0.011228129267692566
4ti2 results
4ti2 time => 0.042618767
