IPGBs, no binary truncation
Algorithm statistics:
zero_reductions => 26087576
max_basis_size => 17934
queued_pairs => 0
built_pairs => 26185422
reduced_pairs => 26185422
eliminated_by_truncation => 79847
removed_by_autoreduction => 90
eliminated_by_gcd => 134669783
time => 22.794741762
memory => 7.021640099585056
IPGBs, with binary truncation
Algorithm statistics:
zero_reductions => 13688398
max_basis_size => 17934
queued_pairs => 0
built_pairs => 13706397
reduced_pairs => 13706397
eliminated_by_truncation => 0
removed_by_autoreduction => 90
eliminated_by_gcd => 147148808
time => 17.475746684
memory => 5.980037845671177
4ti2 results
4ti2 time => 20.810198263
