IPGBs, no binary truncation
Algorithm statistics:
zero_reductions => 180032462
max_basis_size => 55844
queued_pairs => 0
built_pairs => 181665829
reduced_pairs => 180910524
eliminated_by_truncation => 821064
removed_by_autoreduction => 1176
eliminated_by_gcd => 1377998166
time => 317.535188215
memory => 61.92843881994486
IPGBs, with binary truncation
Algorithm statistics:
zero_reductions => 44925784
max_basis_size => 55844
queued_pairs => 0
built_pairs => 44986894
reduced_pairs => 44982782
eliminated_by_truncation => 0
removed_by_autoreduction => 1176
eliminated_by_gcd => 1514677101
time => 264.283862513
memory => 50.69287119060755
4ti2 results
4ti2 time => 227.792082505
