IPGBs, no binary truncation
Algorithm statistics:
zero_reductions => 18069585
max_basis_size => 14048
queued_pairs => 0
built_pairs => 18157271
reduced_pairs => 18157271
eliminated_by_truncation => 73391
removed_by_autoreduction => 272
eliminated_by_gcd => 80593829
time => 12.520169516
memory => 4.533917061984539
IPGBs, with binary truncation
Algorithm statistics:
zero_reductions => 9624390
max_basis_size => 14048
queued_pairs => 0
built_pairs => 9638685
reduced_pairs => 9638685
eliminated_by_truncation => 0
removed_by_autoreduction => 272
eliminated_by_gcd => 89112415
time => 10.451153674
memory => 3.7942462414503098
4ti2 results
4ti2 time => 13.917542273
