IPGBs, no binary truncation
Algorithm statistics:
zero_reductions => 253706884
max_basis_size => 62379
queued_pairs => 0
built_pairs => 254376839
reduced_pairs => 254376839
eliminated_by_truncation => 605421
removed_by_autoreduction => 2180
eliminated_by_gcd => 1695054342
time => 422.867877291
memory => 79.00316953659058
IPGBs, with binary truncation
Algorithm statistics:
zero_reductions => 87485360
max_basis_size => 62379
queued_pairs => 0
built_pairs => 87549894
reduced_pairs => 87549894
eliminated_by_truncation => 0
removed_by_autoreduction => 2180
eliminated_by_gcd => 1861881287
time => 358.62694143
memory => 65.70753183960915
4ti2 results
4ti2 time => 304.03256106
