IPGBs, no binary truncation
Algorithm statistics:
zero_reductions => 1067505
max_basis_size => 3672
queued_pairs => 0
built_pairs => 1122388
reduced_pairs => 1090425
eliminated_by_truncation => 19234
removed_by_autoreduction => 29
eliminated_by_gcd => 5657448
time => 0.734602792
memory => 0.3345464617013931
IPGBs, with binary truncation
Algorithm statistics:
zero_reductions => 396677
max_basis_size => 3672
queued_pairs => 0
built_pairs => 401352
reduced_pairs => 400363
eliminated_by_truncation => 0
removed_by_autoreduction => 29
eliminated_by_gcd => 6378484
time => 0.538691804
memory => 0.2613323777914047
4ti2 results
4ti2 time => 0.997653144
