IPGBs, no binary truncation
Algorithm statistics:
zero_reductions => 3232
max_basis_size => 300
queued_pairs => 0
built_pairs => 4770
reduced_pairs => 3924
eliminated_by_truncation => 402
removed_by_autoreduction => 0
eliminated_by_gcd => 40080
time => 0.044810597
memory => 0.00949794054031372
IPGBs, with binary truncation
Algorithm statistics:
zero_reductions => 2118
max_basis_size => 300
queued_pairs => 0
built_pairs => 2600
reduced_pairs => 2435
eliminated_by_truncation => 27
removed_by_autoreduction => 0
eliminated_by_gcd => 42250
time => 0.009887919
memory => 0.009034514427185059
4ti2 results
4ti2 time => 0.032627424
