IPGBs, no binary truncation
Algorithm statistics:
zero_reductions => 1610110
max_basis_size => 4340
queued_pairs => 0
built_pairs => 1631924
reduced_pairs => 1631920
eliminated_by_truncation => 17472
removed_by_autoreduction => 18
eliminated_by_gcd => 7783706
time => 1.121676632
memory => 0.46123068779706955
IPGBs, with binary truncation
Algorithm statistics:
zero_reductions => 891883
max_basis_size => 4340
queued_pairs => 0
built_pairs => 896221
reduced_pairs => 896221
eliminated_by_truncation => 0
removed_by_autoreduction => 18
eliminated_by_gcd => 8519409
time => 1.003496421
memory => 0.38558828085660934
4ti2 results
4ti2 time => 1.367661393
