IPGBs, no binary truncation
Algorithm statistics:
zero_reductions => 28974286
max_basis_size => 19986
queued_pairs => 0
built_pairs => 29215756
reduced_pairs => 29203515
eliminated_by_truncation => 209000
removed_by_autoreduction => 263
eliminated_by_gcd => 170561839
time => 30.699691506
memory => 8.547905549407005
IPGBs, with binary truncation
Algorithm statistics:
zero_reductions => 8958964
max_basis_size => 19986
queued_pairs => 0
built_pairs => 8979238
reduced_pairs => 8979193
eliminated_by_truncation => 0
removed_by_autoreduction => 263
eliminated_by_gcd => 190798357
time => 19.829815905
memory => 6.791020013391972
4ti2 results
4ti2 time => 27.833758229
