IPGBs, no binary truncation
Algorithm statistics:
zero_reductions => 6869
max_basis_size => 383
queued_pairs => 0
built_pairs => 9358
reduced_pairs => 7973
eliminated_by_truncation => 731
removed_by_autoreduction => 0
eliminated_by_gcd => 63795
time => 0.013792263
memory => 0.010577082633972168
IPGBs, with binary truncation
Algorithm statistics:
zero_reductions => 3916
max_basis_size => 383
queued_pairs => 0
built_pairs => 4478
reduced_pairs => 4289
eliminated_by_truncation => 0
removed_by_autoreduction => 0
eliminated_by_gcd => 68675
time => 0.011193171
memory => 0.009625270962715149
4ti2 results
4ti2 time => 0.035749539
