IPGBs, no binary truncation
Algorithm statistics:
zero_reductions => 6202641
max_basis_size => 8527
queued_pairs => 0
built_pairs => 6250697
reduced_pairs => 6250442
eliminated_by_truncation => 39220
removed_by_autoreduction => 74
eliminated_by_gcd => 30114903
time => 4.476751358
memory => 1.6662561818957329
IPGBs, with binary truncation
Algorithm statistics:
zero_reductions => 2912858
max_basis_size => 8527
queued_pairs => 0
built_pairs => 2921440
reduced_pairs => 2921439
eliminated_by_truncation => 0
removed_by_autoreduction => 74
eliminated_by_gcd => 33444160
time => 3.362948067
memory => 1.371453307569027
4ti2 results
4ti2 time => 4.781229071
