IPGBs, no binary truncation
Algorithm statistics:
zero_reductions => 5632
max_basis_size => 276
queued_pairs => 0
built_pairs => 7963
reduced_pairs => 6512
eliminated_by_truncation => 614
removed_by_autoreduction => 0
eliminated_by_gcd => 29987
time => 0.010976486
memory => 0.00753340870141983
IPGBs, with binary truncation
Algorithm statistics:
zero_reductions => 3201
max_basis_size => 276
queued_pairs => 0
built_pairs => 3616
reduced_pairs => 3469
eliminated_by_truncation => 2
removed_by_autoreduction => 0
eliminated_by_gcd => 34334
time => 0.055776762
memory => 0.006753541529178619
4ti2 results
4ti2 time => 0.032939247
