IPGBs, no binary truncation
Algorithm statistics:
zero_reductions => 262644
max_basis_size => 1863
queued_pairs => 0
built_pairs => 281896
reduced_pairs => 273289
eliminated_by_truncation => 8797
removed_by_autoreduction => 0
eliminated_by_gcd => 1452557
time => 0.184093104
memory => 0.09877457469701767
IPGBs, with binary truncation
Algorithm statistics:
zero_reductions => 109220
max_basis_size => 1863
queued_pairs => 0
built_pairs => 111365
reduced_pairs => 111068
eliminated_by_truncation => 0
removed_by_autoreduction => 0
eliminated_by_gcd => 1623088
time => 0.127771163
memory => 0.07741736620664597
4ti2 results
4ti2 time => 0.320569934
