IPGBs, no binary truncation
Algorithm statistics:
zero_reductions => 2399
max_basis_size => 156
queued_pairs => 0
built_pairs => 2956
reduced_pairs => 2844
eliminated_by_truncation => 299
removed_by_autoreduction => 0
eliminated_by_gcd => 9134
time => 0.007090438
memory => 0.00525105744600296
IPGBs, with binary truncation
Algorithm statistics:
zero_reductions => 1704
max_basis_size => 156
queued_pairs => 0
built_pairs => 1852
reduced_pairs => 1850
eliminated_by_truncation => 0
removed_by_autoreduction => 0
eliminated_by_gcd => 10238
time => 0.006247341
memory => 0.004946030676364899
4ti2 results
4ti2 time => 0.020307842
