IPGBs, no binary truncation
Algorithm statistics:
zero_reductions => 4729
max_basis_size => 203
queued_pairs => 0
built_pairs => 5702
reduced_pairs => 5487
eliminated_by_truncation => 565
removed_by_autoreduction => 0
eliminated_by_gcd => 14801
time => 0.010092754
memory => 0.006543360650539398
IPGBs, with binary truncation
Algorithm statistics:
zero_reductions => 2941
max_basis_size => 203
queued_pairs => 0
built_pairs => 3177
reduced_pairs => 3134
eliminated_by_truncation => 0
removed_by_autoreduction => 0
eliminated_by_gcd => 17326
time => 0.008649889
memory => 0.005934260785579681
4ti2 results
4ti2 time => 0.0285992
