IPGBs, no binary truncation
Algorithm statistics:
zero_reductions => 37726462
max_basis_size => 23887
queued_pairs => 0
built_pairs => 38006609
reduced_pairs => 37999847
eliminated_by_truncation => 249122
removed_by_autoreduction => 396
eliminated_by_gcd => 247330826
time => 38.890670805
memory => 11.895509719848633
IPGBs, with binary truncation
Algorithm statistics:
zero_reductions => 11852801
max_basis_size => 23887
queued_pairs => 0
built_pairs => 11877113
reduced_pairs => 11877064
eliminated_by_truncation => 0
removed_by_autoreduction => 396
eliminated_by_gcd => 273460322
time => 28.995394343
memory => 9.629460737109184
4ti2 results
4ti2 time => 34.787637119
