IPGBs, no binary truncation
Algorithm statistics:
zero_reductions => 7299
max_basis_size => 374
queued_pairs => 0
built_pairs => 9235
reduced_pairs => 8564
eliminated_by_truncation => 901
removed_by_autoreduction => 0
eliminated_by_gcd => 60516
time => 0.013088414
memory => 0.010506495833396912
IPGBs, with binary truncation
Algorithm statistics:
zero_reductions => 3531
max_basis_size => 374
queued_pairs => 0
built_pairs => 3966
reduced_pairs => 3895
eliminated_by_truncation => 0
removed_by_autoreduction => 0
eliminated_by_gcd => 65785
time => 0.010787764
memory => 0.009388908743858337
4ti2 results
4ti2 time => 0.03297958
