IPGBs, no binary truncation
Algorithm statistics:
zero_reductions => 1404769
max_basis_size => 4086
queued_pairs => 0
built_pairs => 1423965
reduced_pairs => 1423965
eliminated_by_truncation => 15120
removed_by_autoreduction => 10
eliminated_by_gcd => 6921690
time => 0.881360372
memory => 0.40802382677793503
IPGBs, with binary truncation
Algorithm statistics:
zero_reductions => 844121
max_basis_size => 4086
queued_pairs => 0
built_pairs => 848197
reduced_pairs => 848197
eliminated_by_truncation => 0
removed_by_autoreduction => 10
eliminated_by_gcd => 7497458
time => 0.757465459
memory => 0.3471013084053993
4ti2 results
4ti2 time => 1.131881553
