IPGBs, no binary truncation
Algorithm statistics:
zero_reductions => 21434239
max_basis_size => 15546
queued_pairs => 0
built_pairs => 22231129
reduced_pairs => 21526555
eliminated_by_truncation => 76616
removed_by_autoreduction => 188
eliminated_by_gcd => 98520281
time => 17.990434539
memory => 5.500227525830269
IPGBs, with binary truncation
Algorithm statistics:
zero_reductions => 11070964
max_basis_size => 15546
queued_pairs => 0
built_pairs => 11086664
reduced_pairs => 11086664
eliminated_by_truncation => 0
removed_by_autoreduction => 188
eliminated_by_gcd => 109664746
time => 13.579020605
memory => 4.562583431601524
4ti2 results
4ti2 time => 16.734310513
