IPGBs, no binary truncation
Algorithm statistics:
zero_reductions => 52064927
max_basis_size => 27508
queued_pairs => 0
built_pairs => 52455689
reduced_pairs => 52358504
eliminated_by_truncation => 265384
removed_by_autoreduction => 709
eliminated_by_gcd => 326399747
time => 55.646342435
memory => 15.827686406672
IPGBs, with binary truncation
Algorithm statistics:
zero_reductions => 16691513
max_basis_size => 27508
queued_pairs => 0
built_pairs => 16720325
reduced_pairs => 16719706
eliminated_by_truncation => 0
removed_by_autoreduction => 709
eliminated_by_gcd => 362135111
time => 44.834175689
memory => 12.825104735791683
4ti2 results
4ti2 time => 48.76482969
