IPGBs, no binary truncation
Algorithm statistics:
zero_reductions => 3889875
max_basis_size => 6940
queued_pairs => 0
built_pairs => 3931112
reduced_pairs => 3931057
eliminated_by_truncation => 34177
removed_by_autoreduction => 85
eliminated_by_gcd => 20179652
time => 2.979450889
memory => 1.1184212192893028
IPGBs, with binary truncation
Algorithm statistics:
zero_reductions => 1842520
max_basis_size => 6940
queued_pairs => 0
built_pairs => 1849537
reduced_pairs => 1849525
eliminated_by_truncation => 0
removed_by_autoreduction => 85
eliminated_by_gcd => 22261227
time => 2.178147835
memory => 0.9195339605212212
4ti2 results
4ti2 time => 3.211069486
