IPGBs, no binary truncation
Algorithm statistics:
zero_reductions => 97127
max_basis_size => 1292
queued_pairs => 0
built_pairs => 101606
reduced_pairs => 100959
eliminated_by_truncation => 2555
removed_by_autoreduction => 0
eliminated_by_gcd => 732380
time => 0.06355358
memory => 0.05024382472038269
IPGBs, with binary truncation
Algorithm statistics:
zero_reductions => 52955
max_basis_size => 1292
queued_pairs => 0
built_pairs => 54324
reduced_pairs => 54232
eliminated_by_truncation => 0
removed_by_autoreduction => 0
eliminated_by_gcd => 779662
time => 0.075663189
memory => 0.04420824348926544
4ti2 results
4ti2 time => 0.121238358
