IPGBs, no binary truncation
Algorithm statistics:
zero_reductions => 7078
max_basis_size => 318
queued_pairs => 0
built_pairs => 8881
reduced_pairs => 7939
eliminated_by_truncation => 553
removed_by_autoreduction => 0
eliminated_by_gcd => 41522
time => 0.011744081
memory => 0.009563274681568146
IPGBs, with binary truncation
Algorithm statistics:
zero_reductions => 3919
max_basis_size => 318
queued_pairs => 0
built_pairs => 4385
reduced_pairs => 4231
eliminated_by_truncation => 4
removed_by_autoreduction => 0
eliminated_by_gcd => 46018
time => 0.010311082
memory => 0.008786521852016449
4ti2 results
4ti2 time => 0.029329126
