IPGBs, no binary truncation
Algorithm statistics:
zero_reductions => 3431
max_basis_size => 191
queued_pairs => 0
built_pairs => 4331
reduced_pairs => 4031
eliminated_by_truncation => 419
removed_by_autoreduction => 0
eliminated_by_gcd => 13814
time => 0.007589371
memory => 0.005446828901767731
IPGBs, with binary truncation
Algorithm statistics:
zero_reductions => 2435
max_basis_size => 191
queued_pairs => 0
built_pairs => 2659
reduced_pairs => 2616
eliminated_by_truncation => 0
removed_by_autoreduction => 0
eliminated_by_gcd => 15486
time => 0.00639618
memory => 0.005010075867176056
4ti2 results
4ti2 time => 0.021387445
