IPGBs, no binary truncation
Algorithm statistics:
zero_reductions => 406521
max_basis_size => 2555
queued_pairs => 0
built_pairs => 421184
reduced_pairs => 417927
eliminated_by_truncation => 8865
removed_by_autoreduction => 24
eliminated_by_gcd => 2842786
time => 0.337746312
memory => 0.16579819470643997
IPGBs, with binary truncation
Algorithm statistics:
zero_reductions => 167980
max_basis_size => 2555
queued_pairs => 0
built_pairs => 170718
reduced_pairs => 170521
eliminated_by_truncation => 0
removed_by_autoreduction => 24
eliminated_by_gcd => 3093252
time => 0.248242148
memory => 0.13789009302854538
4ti2 results
4ti2 time => 0.443042272
