IPGBs, no binary truncation
Algorithm statistics:
zero_reductions => 84311552
max_basis_size => 41315
queued_pairs => 0
built_pairs => 85507968
reduced_pairs => 85107853
eliminated_by_truncation => 754160
removed_by_autoreduction => 846
eliminated_by_gcd => 768603297
time => 146.441002196
memory => 33.32865833491087
IPGBs, with binary truncation
Algorithm statistics:
zero_reductions => 19105588
max_basis_size => 41315
queued_pairs => 0
built_pairs => 19148702
reduced_pairs => 19147729
eliminated_by_truncation => 0
removed_by_autoreduction => 846
eliminated_by_gcd => 834962563
time => 115.114136676
memory => 27.418051786720753
4ti2 results
4ti2 time => 114.785050762
