IPGBs, no binary truncation
Algorithm statistics:
zero_reductions => 122667898
max_basis_size => 39753
queued_pairs => 0
built_pairs => 122970777
reduced_pairs => 122970658
eliminated_by_truncation => 262422
removed_by_autoreduction => 610
eliminated_by_gcd => 667559760
time => 128.847286308
memory => 33.62445021420717
IPGBs, with binary truncation
Algorithm statistics:
zero_reductions => 54794841
max_basis_size => 39753
queued_pairs => 0
built_pairs => 54835180
reduced_pairs => 54835179
eliminated_by_truncation => 0
removed_by_autoreduction => 610
eliminated_by_gcd => 735695357
time => 128.0300521
memory => 28.172555960714817
4ti2 results
4ti2 time => 114.925092304
