IPGBs, no binary truncation
Algorithm statistics:
zero_reductions => 151332
max_basis_size => 1177
queued_pairs => 0
built_pairs => 156528
reduced_pairs => 156416
eliminated_by_truncation => 3922
removed_by_autoreduction => 0
eliminated_by_gcd => 535548
time => 0.102624265
memory => 0.05350421369075775
IPGBs, with binary truncation
Algorithm statistics:
zero_reductions => 83248
max_basis_size => 1177
queued_pairs => 0
built_pairs => 84410
reduced_pairs => 84410
eliminated_by_truncation => 0
removed_by_autoreduction => 0
eliminated_by_gcd => 607666
time => 0.056426695
memory => 0.04427379369735718
4ti2 results
4ti2 time => 0.160081302
