IPGBs, no binary truncation
Algorithm statistics:
zero_reductions => 224073
max_basis_size => 1705
queued_pairs => 0
built_pairs => 230911
reduced_pairs => 230461
eliminated_by_truncation => 4698
removed_by_autoreduction => 0
eliminated_by_gcd => 1221749
time => 0.149916428
memory => 0.08566572517156601
IPGBs, with binary truncation
Algorithm statistics:
zero_reductions => 109560
max_basis_size => 1705
queued_pairs => 0
built_pairs => 111321
reduced_pairs => 111250
eliminated_by_truncation => 0
removed_by_autoreduction => 0
eliminated_by_gcd => 1341339
time => 0.099602529
memory => 0.07199517637491226
4ti2 results
4ti2 time => 0.236489399
