IPGBs, no binary truncation
Algorithm statistics:
zero_reductions => 5654
max_basis_size => 274
queued_pairs => 0
built_pairs => 7931
reduced_pairs => 6455
eliminated_by_truncation => 537
removed_by_autoreduction => 0
eliminated_by_gcd => 29470
time => 0.012829296
memory => 0.0076960548758506775
IPGBs, with binary truncation
Algorithm statistics:
zero_reductions => 3416
max_basis_size => 274
queued_pairs => 0
built_pairs => 3999
reduced_pairs => 3688
eliminated_by_truncation => 8
removed_by_autoreduction => 0
eliminated_by_gcd => 33402
time => 0.008782247
memory => 0.007008947432041168
4ti2 results
4ti2 time => 0.029031924
