IPGBs, no binary truncation
Algorithm statistics:
zero_reductions => 874128
max_basis_size => 4167
queued_pairs => 0
built_pairs => 947515
reduced_pairs => 901011
eliminated_by_truncation => 22681
removed_by_autoreduction => 50
eliminated_by_gcd => 7811850
time => 0.840970499
memory => 0.3896057829260826
IPGBs, with binary truncation
Algorithm statistics:
zero_reductions => 251462
max_basis_size => 4167
queued_pairs => 0
built_pairs => 257465
reduced_pairs => 255664
eliminated_by_truncation => 0
removed_by_autoreduction => 50
eliminated_by_gcd => 8501900
time => 0.695363513
memory => 0.3145959749817848
4ti2 results
4ti2 time => 1.024365272
