IPGBs, no binary truncation
Algorithm statistics:
zero_reductions => 70201688
max_basis_size => 39381
queued_pairs => 0
built_pairs => 71334748
reduced_pairs => 70815134
eliminated_by_truncation => 573606
removed_by_autoreduction => 479
eliminated_by_gcd => 704077142
time => 117.492521435
memory => 29.65317553281784
IPGBs, with binary truncation
Algorithm statistics:
zero_reductions => 16348690
max_basis_size => 39381
queued_pairs => 0
built_pairs => 16397434
reduced_pairs => 16388530
eliminated_by_truncation => 0
removed_by_autoreduction => 479
eliminated_by_gcd => 759014456
time => 100.777656355
memory => 24.824950650334358
4ti2 results
4ti2 time => 87.965237383
