IPGBs, no binary truncation
Algorithm statistics:
zero_reductions => 386201
max_basis_size => 2769
queued_pairs => 0
built_pairs => 416026
reduced_pairs => 399191
eliminated_by_truncation => 10204
removed_by_autoreduction => 32
eliminated_by_gcd => 3495774
time => 0.334845593
memory => 0.18926341086626053
IPGBs, with binary truncation
Algorithm statistics:
zero_reductions => 147015
max_basis_size => 2769
queued_pairs => 0
built_pairs => 151016
reduced_pairs => 149801
eliminated_by_truncation => 0
removed_by_autoreduction => 32
eliminated_by_gcd => 3760784
time => 0.276596204
memory => 0.15887501090765
4ti2 results
4ti2 time => 0.457244313
