IPGBs, no binary truncation
Algorithm statistics:
zero_reductions => 226780
max_basis_size => 1609
queued_pairs => 0
built_pairs => 234879
reduced_pairs => 234702
eliminated_by_truncation => 6328
removed_by_autoreduction => 0
eliminated_by_gcd => 1058757
time => 0.154011942
memory => 0.0756777822971344
IPGBs, with binary truncation
Algorithm statistics:
zero_reductions => 98062
max_basis_size => 1609
queued_pairs => 0
built_pairs => 99656
reduced_pairs => 99656
eliminated_by_truncation => 0
removed_by_autoreduction => 0
eliminated_by_gcd => 1193980
time => 0.096948446
memory => 0.05956801772117615
4ti2 results
4ti2 time => 0.245752968
