IPGBs, no binary truncation
Algorithm statistics:
zero_reductions => 100603
max_basis_size => 1089
queued_pairs => 0
built_pairs => 104634
reduced_pairs => 104492
eliminated_by_truncation => 2815
removed_by_autoreduction => 0
eliminated_by_gcd => 487782
time => 0.088006075
memory => 0.04015776515007019
IPGBs, with binary truncation
Algorithm statistics:
zero_reductions => 63306
max_basis_size => 1089
queued_pairs => 0
built_pairs => 64386
reduced_pairs => 64380
eliminated_by_truncation => 0
removed_by_autoreduction => 0
eliminated_by_gcd => 528030
time => 0.050164486
memory => 0.03453551232814789
4ti2 results
4ti2 time => 0.120092444
