IPGBs, no binary truncation
Algorithm statistics:
zero_reductions => 5141822
max_basis_size => 7972
queued_pairs => 0
built_pairs => 5188314
reduced_pairs => 5187181
eliminated_by_truncation => 37375
removed_by_autoreduction => 32
eliminated_by_gcd => 26584092
time => 3.734215667
memory => 1.4402251541614532
IPGBs, with binary truncation
Algorithm statistics:
zero_reductions => 2490000
max_basis_size => 7972
queued_pairs => 0
built_pairs => 2498062
reduced_pairs => 2497984
eliminated_by_truncation => 0
removed_by_autoreduction => 32
eliminated_by_gcd => 29274344
time => 2.898266626
memory => 1.1952312737703323
4ti2 results
4ti2 time => 4.090963061
