IPGBs, no binary truncation
Algorithm statistics:
zero_reductions => 257507
max_basis_size => 1777
queued_pairs => 0
built_pairs => 267710
reduced_pairs => 264858
eliminated_by_truncation => 5589
removed_by_autoreduction => 0
eliminated_by_gcd => 1310266
time => 0.168434347
memory => 0.08990072458982468
IPGBs, with binary truncation
Algorithm statistics:
zero_reductions => 118717
max_basis_size => 1777
queued_pairs => 0
built_pairs => 120781
reduced_pairs => 120479
eliminated_by_truncation => 0
removed_by_autoreduction => 0
eliminated_by_gcd => 1457195
time => 0.107288986
memory => 0.07345699518918991
4ti2 results
4ti2 time => 0.264678787
