IPGBs, no binary truncation
Algorithm statistics:
zero_reductions => 3345
max_basis_size => 202
queued_pairs => 0
built_pairs => 3949
reduced_pairs => 3727
eliminated_by_truncation => 190
removed_by_autoreduction => 0
eliminated_by_gcd => 16352
time => 0.007613949
memory => 0.005376972258090973
IPGBs, with binary truncation
Algorithm statistics:
zero_reductions => 2315
max_basis_size => 202
queued_pairs => 0
built_pairs => 2581
reduced_pairs => 2507
eliminated_by_truncation => 0
removed_by_autoreduction => 0
eliminated_by_gcd => 17720
time => 0.052683145
memory => 0.005133487284183502
4ti2 results
4ti2 time => 0.025481709
