IPGBs, no binary truncation
Algorithm statistics:
zero_reductions => 16160561
max_basis_size => 15605
queued_pairs => 0
built_pairs => 16231592
reduced_pairs => 16231592
eliminated_by_truncation => 55345
removed_by_autoreduction => 106
eliminated_by_gcd => 105591103
time => 13.602604649
memory => 5.05822166800499
IPGBs, with binary truncation
Algorithm statistics:
zero_reductions => 9503607
max_basis_size => 15605
queued_pairs => 0
built_pairs => 9519293
reduced_pairs => 9519293
eliminated_by_truncation => 0
removed_by_autoreduction => 106
eliminated_by_gcd => 112303402
time => 12.076971721
memory => 4.480594135820866
4ti2 results
4ti2 time => 12.163388672
