IPGBs, no binary truncation
Algorithm statistics:
zero_reductions => 586623
max_basis_size => 2587
queued_pairs => 0
built_pairs => 598714
reduced_pairs => 598714
eliminated_by_truncation => 9524
removed_by_autoreduction => 5
eliminated_by_gcd => 2743351
time => 0.361415432
memory => 0.18644238263368607
IPGBs, with binary truncation
Algorithm statistics:
zero_reductions => 309643
max_basis_size => 2587
queued_pairs => 0
built_pairs => 312210
reduced_pairs => 312210
eliminated_by_truncation => 0
removed_by_autoreduction => 5
eliminated_by_gcd => 3029855
time => 0.281393371
memory => 0.15374266356229782
4ti2 results
4ti2 time => 0.531460191
