IPGBs, no binary truncation
Algorithm statistics:
zero_reductions => 1183234
max_basis_size => 3792
queued_pairs => 0
built_pairs => 1201244
reduced_pairs => 1201244
eliminated_by_truncation => 14221
removed_by_autoreduction => 17
eliminated_by_gcd => 5986492
time => 0.781299556
memory => 0.35396478325128555
IPGBs, with binary truncation
Algorithm statistics:
zero_reductions => 655409
max_basis_size => 3792
queued_pairs => 0
built_pairs => 659198
reduced_pairs => 659198
eliminated_by_truncation => 0
removed_by_autoreduction => 17
eliminated_by_gcd => 6528538
time => 0.643394092
memory => 0.296626441180706
4ti2 results
4ti2 time => 1.01922218
