IPGBs, no binary truncation
Algorithm statistics:
zero_reductions => 3233
max_basis_size => 302
queued_pairs => 0
built_pairs => 5310
reduced_pairs => 3927
eliminated_by_truncation => 402
removed_by_autoreduction => 0
eliminated_by_gcd => 40141
time => 0.011463691
memory => 0.011187098920345306
IPGBs, with binary truncation
Algorithm statistics:
zero_reductions => 1993
max_basis_size => 302
queued_pairs => 0
built_pairs => 2707
reduced_pairs => 2285
eliminated_by_truncation => 0
removed_by_autoreduction => 0
eliminated_by_gcd => 42744
time => 0.043992344
memory => 0.010669685900211334
4ti2 results
4ti2 time => 0.029681484
