IPGBs, no binary truncation
Algorithm statistics:
zero_reductions => 173432
max_basis_size => 1598
queued_pairs => 0
built_pairs => 180969
reduced_pairs => 180665
eliminated_by_truncation => 5650
removed_by_autoreduction => 0
eliminated_by_gcd => 1095034
time => 0.145355536
memory => 0.07807407528162003
IPGBs, with binary truncation
Algorithm statistics:
zero_reductions => 76185
max_basis_size => 1598
queued_pairs => 0
built_pairs => 77796
reduced_pairs => 77768
eliminated_by_truncation => 0
removed_by_autoreduction => 0
eliminated_by_gcd => 1198207
time => 0.082955778
memory => 0.06472311168909073
4ti2 results
4ti2 time => 0.210703486
