IPGBs, no binary truncation
Algorithm statistics:
zero_reductions => 11224
max_basis_size => 569
queued_pairs => 0
built_pairs => 26890
reduced_pairs => 12958
eliminated_by_truncation => 1175
removed_by_autoreduction => 0
eliminated_by_gcd => 134706
time => 0.020839638
memory => 0.016836337745189667
IPGBs, with binary truncation
Algorithm statistics:
zero_reductions => 6353
max_basis_size => 569
queued_pairs => 0
built_pairs => 8652
reduced_pairs => 6917
eliminated_by_truncation => 5
removed_by_autoreduction => 0
eliminated_by_gcd => 152944
time => 0.017672235
memory => 0.01453603059053421
4ti2 results
4ti2 time => 0.051702148
