IPGBs, no binary truncation
Algorithm statistics:
zero_reductions => 4760
max_basis_size => 336
queued_pairs => 0
built_pairs => 7442
reduced_pairs => 5746
eliminated_by_truncation => 660
removed_by_autoreduction => 0
eliminated_by_gcd => 48838
time => 0.011030209
memory => 0.009498953819274902
IPGBs, with binary truncation
Algorithm statistics:
zero_reductions => 2824
max_basis_size => 336
queued_pairs => 0
built_pairs => 3495
reduced_pairs => 3160
eliminated_by_truncation => 10
removed_by_autoreduction => 0
eliminated_by_gcd => 52785
time => 0.05910205
memory => 0.008681833744049072
4ti2 results
4ti2 time => 0.036116728
