IPGBs, no binary truncation
Algorithm statistics:
zero_reductions => 35316989
max_basis_size => 24753
queued_pairs => 0
built_pairs => 35639821
reduced_pairs => 35608412
eliminated_by_truncation => 266197
removed_by_autoreduction => 493
eliminated_by_gcd => 270848229
time => 39.31098044
memory => 12.369814336299896
IPGBs, with binary truncation
Algorithm statistics:
zero_reductions => 10390507
max_basis_size => 24753
queued_pairs => 0
built_pairs => 10415847
reduced_pairs => 10415733
eliminated_by_truncation => 0
removed_by_autoreduction => 493
eliminated_by_gcd => 296072203
time => 29.549259358
memory => 10.149350389838219
4ti2 results
4ti2 time => 33.114139426
