IPGBs, no binary truncation
Algorithm statistics:
zero_reductions => 5813446
max_basis_size => 7863
queued_pairs => 0
built_pairs => 5875274
reduced_pairs => 5874321
eliminated_by_truncation => 52985
removed_by_autoreduction => 47
eliminated_by_gcd => 25039179
time => 4.631142446
memory => 1.4982483386993408
IPGBs, with binary truncation
Algorithm statistics:
zero_reductions => 2477885
max_basis_size => 7863
queued_pairs => 0
built_pairs => 2485777
reduced_pairs => 2485775
eliminated_by_truncation => 0
removed_by_autoreduction => 47
eliminated_by_gcd => 28428676
time => 3.124869482
memory => 1.1778108477592468
4ti2 results
4ti2 time => 5.234015238
