IPGBs, no binary truncation
Algorithm statistics:
zero_reductions => 40313767
max_basis_size => 22108
queued_pairs => 0
built_pairs => 40458744
reduced_pairs => 40458744
eliminated_by_truncation => 122625
removed_by_autoreduction => 269
eliminated_by_gcd => 203947033
time => 34.259516528
memory => 10.704532630741596
IPGBs, with binary truncation
Algorithm statistics:
zero_reductions => 18435988
max_basis_size => 22108
queued_pairs => 0
built_pairs => 18458340
reduced_pairs => 18458340
eliminated_by_truncation => 0
removed_by_autoreduction => 269
eliminated_by_gcd => 225947437
time => 28.989951342
memory => 8.889958314597607
4ti2 results
4ti2 time => 33.734117569
