IPGBs, no binary truncation
Algorithm statistics:
zero_reductions => 760922
max_basis_size => 3844
queued_pairs => 0
built_pairs => 849809
reduced_pairs => 788995
eliminated_by_truncation => 24201
removed_by_autoreduction => 43
eliminated_by_gcd => 6581284
time => 0.75222245
memory => 0.3444288969039917
IPGBs, with binary truncation
Algorithm statistics:
zero_reductions => 242093
max_basis_size => 3844
queued_pairs => 0
built_pairs => 248390
reduced_pairs => 245965
eliminated_by_truncation => 0
removed_by_autoreduction => 43
eliminated_by_gcd => 7182703
time => 0.589929397
memory => 0.2743760645389557
4ti2 results
4ti2 time => 0.983201931
