IPGBs, no binary truncation
Algorithm statistics:
zero_reductions => 21618
max_basis_size => 753
queued_pairs => 0
built_pairs => 37434
reduced_pairs => 24962
eliminated_by_truncation => 2601
removed_by_autoreduction => 0
eliminated_by_gcd => 245694
time => 0.032342891
memory => 0.022415369749069214
IPGBs, with binary truncation
Algorithm statistics:
zero_reductions => 9059
max_basis_size => 753
queued_pairs => 0
built_pairs => 10310
reduced_pairs => 9845
eliminated_by_truncation => 43
removed_by_autoreduction => 0
eliminated_by_gcd => 272818
time => 0.024119077
memory => 0.018336132168769836
4ti2 results
4ti2 time => 0.079425808
