IPGBs, no binary truncation
Algorithm statistics:
zero_reductions => 197870
max_basis_size => 1504
queued_pairs => 0
built_pairs => 202054
reduced_pairs => 202054
eliminated_by_truncation => 2700
removed_by_autoreduction => 0
eliminated_by_gcd => 928202
time => 0.136293881
memory => 0.07519177347421646
IPGBs, with binary truncation
Algorithm statistics:
zero_reductions => 136063
max_basis_size => 1504
queued_pairs => 0
built_pairs => 137547
reduced_pairs => 137547
eliminated_by_truncation => 0
removed_by_autoreduction => 0
eliminated_by_gcd => 992709
time => 0.091490643
memory => 0.06716696172952652
4ti2 results
4ti2 time => 0.187873372
