IPGBs, no binary truncation
Algorithm statistics:
zero_reductions => 340028
max_basis_size => 2064
queued_pairs => 0
built_pairs => 357591
reduced_pairs => 349829
eliminated_by_truncation => 7752
removed_by_autoreduction => 0
eliminated_by_gcd => 1771425
time => 0.223831084
memory => 0.11265527456998825
IPGBs, with binary truncation
Algorithm statistics:
zero_reductions => 159542
max_basis_size => 2064
queued_pairs => 0
built_pairs => 161823
reduced_pairs => 161591
eliminated_by_truncation => 0
removed_by_autoreduction => 0
eliminated_by_gcd => 1967193
time => 0.169631826
memory => 0.09067652374505997
4ti2 results
4ti2 time => 0.342180953
