IPGBs, no binary truncation
Algorithm statistics:
zero_reductions => 2260377
max_basis_size => 8400
queued_pairs => 0
built_pairs => 2685192
reduced_pairs => 2357262
eliminated_by_truncation => 88305
removed_by_autoreduction => 195
eliminated_by_gcd => 32715143
time => 3.929848046
memory => 1.4124197363853455
IPGBs, with binary truncation
Algorithm statistics:
zero_reductions => 450862
max_basis_size => 8400
queued_pairs => 0
built_pairs => 464501
reduced_pairs => 459442
eliminated_by_truncation => 0
removed_by_autoreduction => 195
eliminated_by_gcd => 34935834
time => 3.022967146
memory => 1.1548560559749603
4ti2 results
4ti2 time => 3.637309359
