IPGBs, no binary truncation
Algorithm statistics:
zero_reductions => 3625
max_basis_size => 244
queued_pairs => 0
built_pairs => 5041
reduced_pairs => 4138
eliminated_by_truncation => 279
removed_by_autoreduction => 0
eliminated_by_gcd => 24605
time => 0.008343036
memory => 0.005822658538818359
IPGBs, with binary truncation
Algorithm statistics:
zero_reductions => 2559
max_basis_size => 244
queued_pairs => 0
built_pairs => 3005
reduced_pairs => 2793
eliminated_by_truncation => 0
removed_by_autoreduction => 0
eliminated_by_gcd => 26641
time => 0.007180164
memory => 0.005463093519210815
4ti2 results
4ti2 time => 0.023239343
