IPGBs, no binary truncation
Algorithm statistics:
zero_reductions => 6449784
max_basis_size => 9253
queued_pairs => 0
built_pairs => 6509557
reduced_pairs => 6500034
eliminated_by_truncation => 40925
removed_by_autoreduction => 92
eliminated_by_gcd => 36304820
time => 5.230442642
memory => 1.8918144032359123
IPGBs, with binary truncation
Algorithm statistics:
zero_reductions => 2961257
max_basis_size => 9253
queued_pairs => 0
built_pairs => 2970785
reduced_pairs => 2970582
eliminated_by_truncation => 0
removed_by_autoreduction => 92
eliminated_by_gcd => 39843592
time => 4.024167367
memory => 1.5757099464535713
4ti2 results
4ti2 time => 5.24595097
