IPGBs, no binary truncation
Algorithm statistics:
zero_reductions => 21925000
max_basis_size => 18731
queued_pairs => 0
built_pairs => 22255966
reduced_pairs => 22063630
eliminated_by_truncation => 119573
removed_by_autoreduction => 346
eliminated_by_gcd => 153424639
time => 23.019353784
memory => 7.220259860157967
IPGBs, with binary truncation
Algorithm statistics:
zero_reductions => 8235948
max_basis_size => 18731
queued_pairs => 0
built_pairs => 8260459
reduced_pairs => 8255005
eliminated_by_truncation => 0
removed_by_autoreduction => 346
eliminated_by_gcd => 167420146
time => 17.548512168
memory => 6.0242805108428
4ti2 results
4ti2 time => 19.747023468
