IPGBs, no binary truncation
Algorithm statistics:
zero_reductions => 19794
max_basis_size => 613
queued_pairs => 0
built_pairs => 33023
reduced_pairs => 23409
eliminated_by_truncation => 3012
removed_by_autoreduction => 0
eliminated_by_gcd => 154555
time => 0.027556466
memory => 0.019326403737068176
IPGBs, with binary truncation
Algorithm statistics:
zero_reductions => 7605
max_basis_size => 613
queued_pairs => 0
built_pairs => 9953
reduced_pairs => 8452
eliminated_by_truncation => 244
removed_by_autoreduction => 0
eliminated_by_gcd => 177625
time => 0.019952739
memory => 0.015380233526229858
4ti2 results
4ti2 time => 0.078398013
