IPGBs, no binary truncation
Algorithm statistics:
zero_reductions => 3206
max_basis_size => 210
queued_pairs => 0
built_pairs => 4046
reduced_pairs => 3902
eliminated_by_truncation => 496
removed_by_autoreduction => 0
eliminated_by_gcd => 17899
time => 0.008195574
memory => 0.006207197904586792
IPGBs, with binary truncation
Algorithm statistics:
zero_reductions => 2052
max_basis_size => 210
queued_pairs => 0
built_pairs => 2256
reduced_pairs => 2252
eliminated_by_truncation => 0
removed_by_autoreduction => 0
eliminated_by_gcd => 19689
time => 0.0070523
memory => 0.005704283714294434
4ti2 results
4ti2 time => 0.026596313
