IPGBs, no binary truncation
Algorithm statistics:
zero_reductions => 3501528
max_basis_size => 6289
queued_pairs => 0
built_pairs => 3532224
reduced_pairs => 3531369
eliminated_by_truncation => 23532
removed_by_autoreduction => 40
eliminated_by_gcd => 16245391
time => 2.319292248
memory => 0.9342442229390144
IPGBs, with binary truncation
Algorithm statistics:
zero_reductions => 1768203
max_basis_size => 6289
queued_pairs => 0
built_pairs => 1774616
reduced_pairs => 1774512
eliminated_by_truncation => 0
removed_by_autoreduction => 40
eliminated_by_gcd => 18002999
time => 1.736787546
memory => 0.7752398774027824
4ti2 results
4ti2 time => 2.589618734
