IPGBs, no binary truncation
Algorithm statistics:
zero_reductions => 5919608
max_basis_size => 8829
queued_pairs => 0
built_pairs => 5975567
reduced_pairs => 5972958
eliminated_by_truncation => 44427
removed_by_autoreduction => 114
eliminated_by_gcd => 33040486
time => 4.629808121
memory => 1.7495365589857101
IPGBs, with binary truncation
Algorithm statistics:
zero_reductions => 2589643
max_basis_size => 8829
queued_pairs => 0
built_pairs => 2598622
reduced_pairs => 2598566
eliminated_by_truncation => 0
removed_by_autoreduction => 114
eliminated_by_gcd => 36417431
time => 3.771421496
memory => 1.4410013407468796
4ti2 results
4ti2 time => 4.959890648
