IPGBs, no binary truncation
Algorithm statistics:
zero_reductions => 89163909
max_basis_size => 37030
queued_pairs => 0
built_pairs => 89858804
reduced_pairs => 89654277
eliminated_by_truncation => 452705
removed_by_autoreduction => 653
eliminated_by_gcd => 595825625
time => 125.375602445
memory => 28.139574453234673
IPGBs, with binary truncation
Algorithm statistics:
zero_reductions => 24694012
max_basis_size => 37030
queued_pairs => 0
built_pairs => 24733571
reduced_pairs => 24731675
eliminated_by_truncation => 0
removed_by_autoreduction => 653
eliminated_by_gcd => 660950858
time => 98.916927184
memory => 22.70722506940365
4ti2 results
4ti2 time => 102.850888044
