IPGBs, no binary truncation
Algorithm statistics:
zero_reductions => 17228284
max_basis_size => 13809
queued_pairs => 0
built_pairs => 17304917
reduced_pairs => 17304917
eliminated_by_truncation => 62701
removed_by_autoreduction => 148
eliminated_by_gcd => 78067416
time => 11.746083318
memory => 4.354462571442127
IPGBs, with binary truncation
Algorithm statistics:
zero_reductions => 9138470
max_basis_size => 13809
queued_pairs => 0
built_pairs => 9152402
reduced_pairs => 9152402
eliminated_by_truncation => 0
removed_by_autoreduction => 148
eliminated_by_gcd => 86219931
time => 9.823548351
memory => 3.657357320189476
4ti2 results
4ti2 time => 13.06294881
