IPGBs, no binary truncation
Algorithm statistics:
zero_reductions => 11813
max_basis_size => 459
queued_pairs => 0
built_pairs => 18600
reduced_pairs => 13278
eliminated_by_truncation => 1016
removed_by_autoreduction => 0
eliminated_by_gcd => 86511
time => 0.015116246
memory => 0.011904887855052948
IPGBs, with binary truncation
Algorithm statistics:
zero_reductions => 6014
max_basis_size => 459
queued_pairs => 0
built_pairs => 7310
reduced_pairs => 6473
eliminated_by_truncation => 10
removed_by_autoreduction => 0
eliminated_by_gcd => 97801
time => 0.013695435
memory => 0.010314173996448517
4ti2 results
4ti2 time => 0.045551604
