IPGBs, no binary truncation
Algorithm statistics:
zero_reductions => 9568733
max_basis_size => 10338
queued_pairs => 0
built_pairs => 9617835
reduced_pairs => 9617835
eliminated_by_truncation => 38759
removed_by_autoreduction => 30
eliminated_by_gcd => 43814118
time => 6.871168363
memory => 2.4554467499256134
IPGBs, with binary truncation
Algorithm statistics:
zero_reductions => 5601581
max_basis_size => 10338
queued_pairs => 0
built_pairs => 5611924
reduced_pairs => 5611924
eliminated_by_truncation => 0
removed_by_autoreduction => 30
eliminated_by_gcd => 47820029
time => 5.271222372
memory => 2.102693021297455
4ti2 results
4ti2 time => 7.191151015
