IPGBs, no binary truncation
Algorithm statistics:
zero_reductions => 17316
max_basis_size => 437
queued_pairs => 0
built_pairs => 21346
reduced_pairs => 19648
eliminated_by_truncation => 1905
removed_by_autoreduction => 0
eliminated_by_gcd => 73920
time => 0.01598414
memory => 0.012172974646091461
IPGBs, with binary truncation
Algorithm statistics:
zero_reductions => 7581
max_basis_size => 437
queued_pairs => 0
built_pairs => 8152
reduced_pairs => 8045
eliminated_by_truncation => 37
removed_by_autoreduction => 0
eliminated_by_gcd => 87114
time => 0.012440672
memory => 0.009798161685466766
4ti2 results
4ti2 time => 0.049287348
