IPGBs, no binary truncation
Algorithm statistics:
zero_reductions => 1597948
max_basis_size => 5494
queued_pairs => 0
built_pairs => 1840536
reduced_pairs => 1638766
eliminated_by_truncation => 35172
removed_by_autoreduction => 167
eliminated_by_gcd => 13377607
time => 1.538808966
memory => 0.671316534280777
IPGBs, with binary truncation
Algorithm statistics:
zero_reductions => 465748
max_basis_size => 5494
queued_pairs => 0
built_pairs => 493216
reduced_pairs => 471394
eliminated_by_truncation => 0
removed_by_autoreduction => 167
eliminated_by_gcd => 14724927
time => 1.206119089
memory => 0.534246101975441
4ti2 results
4ti2 time => 1.832497092
