IPGBs, no binary truncation
Algorithm statistics:
zero_reductions => 9493222
max_basis_size => 13802
queued_pairs => 0
built_pairs => 9593248
reduced_pairs => 9576043
eliminated_by_truncation => 68931
removed_by_autoreduction => 108
eliminated_by_gcd => 85667452
time => 11.292581243
memory => 3.759441338479519
IPGBs, with binary truncation
Algorithm statistics:
zero_reductions => 4058967
max_basis_size => 13802
queued_pairs => 0
built_pairs => 4073683
reduced_pairs => 4072857
eliminated_by_truncation => 0
removed_by_autoreduction => 108
eliminated_by_gcd => 91187017
time => 9.001664712
memory => 3.2598666176199913
4ti2 results
4ti2 time => 8.940328581
