IPGBs, no binary truncation
Algorithm statistics:
zero_reductions => 4558869
max_basis_size => 7523
queued_pairs => 0
built_pairs => 4606870
reduced_pairs => 4603263
eliminated_by_truncation => 36834
removed_by_autoreduction => 62
eliminated_by_gcd => 23687023
time => 3.397700826
memory => 1.2945668399333954
IPGBs, with binary truncation
Algorithm statistics:
zero_reductions => 2133371
max_basis_size => 7523
queued_pairs => 0
built_pairs => 2140932
reduced_pairs => 2140931
eliminated_by_truncation => 0
removed_by_autoreduction => 62
eliminated_by_gcd => 26152961
time => 2.544200399
memory => 1.066930577158928
4ti2 results
4ti2 time => 3.719283474
