IPGBs, no binary truncation
Algorithm statistics:
zero_reductions => 991
max_basis_size => 100
queued_pairs => 0
built_pairs => 1223
reduced_pairs => 1192
eliminated_by_truncation => 111
removed_by_autoreduction => 0
eliminated_by_gcd => 3727
time => 0.006149653
memory => 0.004704266786575317
IPGBs, with binary truncation
Algorithm statistics:
zero_reductions => 718
max_basis_size => 100
queued_pairs => 0
built_pairs => 809
reduced_pairs => 808
eliminated_by_truncation => 0
removed_by_autoreduction => 0
eliminated_by_gcd => 4141
time => 0.0053515
memory => 0.004590719938278198
4ti2 results
4ti2 time => 0.017805393
