IPGBs, no binary truncation
Algorithm statistics:
zero_reductions => 6562
max_basis_size => 254
queued_pairs => 0
built_pairs => 6787
reduced_pairs => 6787
eliminated_by_truncation => 1
removed_by_autoreduction => 0
eliminated_by_gcd => 25344
time => 0.010614166
memory => 0.009969457983970642
IPGBs, with binary truncation
Algorithm statistics:
zero_reductions => 6562
max_basis_size => 254
queued_pairs => 0
built_pairs => 6787
reduced_pairs => 6787
eliminated_by_truncation => 1
removed_by_autoreduction => 0
eliminated_by_gcd => 25344
time => 0.010988998
memory => 0.009969457983970642
4ti2 results
4ti2 time => 0.026989503
