IPGBs, no binary truncation
Algorithm statistics:
zero_reductions => 3966
max_basis_size => 170
queued_pairs => 0
built_pairs => 4128
reduced_pairs => 4128
eliminated_by_truncation => 17
removed_by_autoreduction => 0
eliminated_by_gcd => 10237
time => 0.01241467
memory => 0.006358511745929718
IPGBs, with binary truncation
Algorithm statistics:
zero_reductions => 3966
max_basis_size => 170
queued_pairs => 0
built_pairs => 4128
reduced_pairs => 4128
eliminated_by_truncation => 17
removed_by_autoreduction => 0
eliminated_by_gcd => 10237
time => 0.007413579
memory => 0.006358511745929718
4ti2 results
4ti2 time => 0.023466545
