IPGBs, no binary truncation
Algorithm statistics:
zero_reductions => 374
max_basis_size => 60
queued_pairs => 0
built_pairs => 425
reduced_pairs => 424
eliminated_by_truncation => 0
removed_by_autoreduction => 0
eliminated_by_gcd => 1345
time => 0.00893991
memory => 0.0019188597798347473
IPGBs, with binary truncation
Algorithm statistics:
zero_reductions => 374
max_basis_size => 60
queued_pairs => 0
built_pairs => 425
reduced_pairs => 424
eliminated_by_truncation => 0
removed_by_autoreduction => 0
eliminated_by_gcd => 1345
time => 0.004594645
memory => 0.0019188597798347473
4ti2 results
4ti2 time => 0.017136333
