IPGBs, no binary truncation
Algorithm statistics:
zero_reductions => 1065
max_basis_size => 130
queued_pairs => 0
built_pairs => 1165
reduced_pairs => 1165
eliminated_by_truncation => 0
removed_by_autoreduction => 0
eliminated_by_gcd => 7220
time => 0.012995566
memory => 0.011112876236438751
IPGBs, with binary truncation
Algorithm statistics:
zero_reductions => 1065
max_basis_size => 130
queued_pairs => 0
built_pairs => 1165
reduced_pairs => 1165
eliminated_by_truncation => 0
removed_by_autoreduction => 0
eliminated_by_gcd => 7220
time => 0.009253256
memory => 0.011109031736850739
4ti2 results
4ti2 time => 0.022576135
