IPGBs, no binary truncation
Algorithm statistics:
zero_reductions => 15331
max_basis_size => 392
queued_pairs => 0
built_pairs => 15862
reduced_pairs => 15745
eliminated_by_truncation => 37
removed_by_autoreduction => 0
eliminated_by_gcd => 60774
time => 0.012530951
memory => 0.00739104300737381
IPGBs, with binary truncation
Algorithm statistics:
zero_reductions => 15331
max_basis_size => 392
queued_pairs => 0
built_pairs => 15862
reduced_pairs => 15745
eliminated_by_truncation => 37
removed_by_autoreduction => 0
eliminated_by_gcd => 60774
time => 0.009785529
memory => 0.00739298015832901
4ti2 results
4ti2 time => 0.037233285
