IPGBs, no binary truncation
Algorithm statistics:
zero_reductions => 14109
max_basis_size => 400
queued_pairs => 0
built_pairs => 14548
reduced_pairs => 14499
eliminated_by_truncation => 10
removed_by_autoreduction => 0
eliminated_by_gcd => 65252
time => 0.010702723
memory => 0.009096845984458923
IPGBs, with binary truncation
Algorithm statistics:
zero_reductions => 14109
max_basis_size => 400
queued_pairs => 0
built_pairs => 14548
reduced_pairs => 14499
eliminated_by_truncation => 10
removed_by_autoreduction => 0
eliminated_by_gcd => 65252
time => 0.010565083
memory => 0.009096845984458923
4ti2 results
4ti2 time => 0.032961
