IPGBs, no binary truncation
Algorithm statistics:
zero_reductions => 912
max_basis_size => 94
queued_pairs => 0
built_pairs => 999
reduced_pairs => 986
eliminated_by_truncation => 0
removed_by_autoreduction => 0
eliminated_by_gcd => 3372
time => 0.008901231
memory => 0.004282236099243164
IPGBs, with binary truncation
Algorithm statistics:
zero_reductions => 912
max_basis_size => 94
queued_pairs => 0
built_pairs => 999
reduced_pairs => 986
eliminated_by_truncation => 0
removed_by_autoreduction => 0
eliminated_by_gcd => 3372
time => 0.004873846
memory => 0.004280298948287964
4ti2 results
4ti2 time => 0.017852156
