IPGBs, no binary truncation
Algorithm statistics:
zero_reductions => 236
max_basis_size => 60
queued_pairs => 0
built_pairs => 266
reduced_pairs => 266
eliminated_by_truncation => 0
removed_by_autoreduction => 0
eliminated_by_gcd => 1504
time => 0.007915606
memory => 0.007463820278644562
IPGBs, with binary truncation
Algorithm statistics:
zero_reductions => 236
max_basis_size => 60
queued_pairs => 0
built_pairs => 266
reduced_pairs => 266
eliminated_by_truncation => 0
removed_by_autoreduction => 0
eliminated_by_gcd => 1504
time => 0.007322911
memory => 0.007463820278644562
4ti2 results
4ti2 time => 0.016833044
