IPGBs, no binary truncation
Algorithm statistics:
zero_reductions => 774570
max_basis_size => 2906
queued_pairs => 0
built_pairs => 805617
reduced_pairs => 777844
eliminated_by_truncation => 202
removed_by_autoreduction => 857
eliminated_by_gcd => 3455053
time => 0.597260848
memory => 0.1999901607632637
IPGBs, with binary truncation
Algorithm statistics:
zero_reductions => 774570
max_basis_size => 2906
queued_pairs => 0
built_pairs => 805617
reduced_pairs => 777844
eliminated_by_truncation => 202
removed_by_autoreduction => 857
eliminated_by_gcd => 3455053
time => 0.513965523
memory => 0.1999901607632637
4ti2 results
4ti2 time => 0.536772069
