IPGBs, no binary truncation
Algorithm statistics:
zero_reductions => 994
max_basis_size => 113
queued_pairs => 0
built_pairs => 1087
reduced_pairs => 1087
eliminated_by_truncation => 0
removed_by_autoreduction => 0
eliminated_by_gcd => 5241
time => 0.015935134
memory => 0.0039527639746665955
IPGBs, with binary truncation
Algorithm statistics:
zero_reductions => 994
max_basis_size => 113
queued_pairs => 0
built_pairs => 1087
reduced_pairs => 1087
eliminated_by_truncation => 0
removed_by_autoreduction => 0
eliminated_by_gcd => 5241
time => 0.006221992
memory => 0.0039527639746665955
4ti2 results
4ti2 time => 0.01930167
