IPGBs, no binary truncation
Algorithm statistics:
zero_reductions => 22
max_basis_size => 38
queued_pairs => 0
built_pairs => 30
reduced_pairs => 30
eliminated_by_truncation => 0
removed_by_autoreduction => 0
eliminated_by_gcd => 673
time => 0.006775486
memory => 0.007577143609523773
IPGBs, with binary truncation
Algorithm statistics:
zero_reductions => 22
max_basis_size => 38
queued_pairs => 0
built_pairs => 30
reduced_pairs => 30
eliminated_by_truncation => 0
removed_by_autoreduction => 0
eliminated_by_gcd => 673
time => 0.006539035
memory => 0.007577143609523773
4ti2 results
4ti2 time => 0.023815182
