IPGBs, no binary truncation
Algorithm statistics:
zero_reductions => 28938
max_basis_size => 568
queued_pairs => 0
built_pairs => 33597
reduced_pairs => 29496
eliminated_by_truncation => 5
removed_by_autoreduction => 0
eliminated_by_gcd => 127431
time => 0.01811266
memory => 0.011598370969295502
IPGBs, with binary truncation
Algorithm statistics:
zero_reductions => 28938
max_basis_size => 568
queued_pairs => 0
built_pairs => 33597
reduced_pairs => 29496
eliminated_by_truncation => 5
removed_by_autoreduction => 0
eliminated_by_gcd => 127431
time => 0.015517352
memory => 0.011600308120250702
4ti2 results
4ti2 time => 0.034581764
