IPGBs, no binary truncation
Algorithm statistics:
zero_reductions => 109038
max_basis_size => 1129
queued_pairs => 0
built_pairs => 111519
reduced_pairs => 110232
eliminated_by_truncation => 90
removed_by_autoreduction => 0
eliminated_by_gcd => 525237
time => 0.065639942
memory => 0.03681915998458862
IPGBs, with binary truncation
Algorithm statistics:
zero_reductions => 109038
max_basis_size => 1129
queued_pairs => 0
built_pairs => 111519
reduced_pairs => 110232
eliminated_by_truncation => 90
removed_by_autoreduction => 0
eliminated_by_gcd => 525237
time => 0.100709101
memory => 0.03681915998458862
4ti2 results
4ti2 time => 0.104886879
