IPGBs, no binary truncation
Algorithm statistics:
zero_reductions => 90110
max_basis_size => 936
queued_pairs => 0
built_pairs => 92232
reduced_pairs => 91021
eliminated_by_truncation => 0
removed_by_autoreduction => 0
eliminated_by_gcd => 345348
time => 0.043298334
memory => 0.029155276715755463
IPGBs, with binary truncation
Algorithm statistics:
zero_reductions => 90110
max_basis_size => 936
queued_pairs => 0
built_pairs => 92232
reduced_pairs => 91021
eliminated_by_truncation => 0
removed_by_autoreduction => 0
eliminated_by_gcd => 345348
time => 0.045389619
memory => 0.029155276715755463
4ti2 results
4ti2 time => 0.082300278
