IPGBs, no binary truncation
Algorithm statistics:
zero_reductions => 51743
max_basis_size => 736
queued_pairs => 0
built_pairs => 57819
reduced_pairs => 52459
eliminated_by_truncation => 0
removed_by_autoreduction => 0
eliminated_by_gcd => 212661
time => 0.029478075
memory => 0.019020073115825653
IPGBs, with binary truncation
Algorithm statistics:
zero_reductions => 51743
max_basis_size => 736
queued_pairs => 0
built_pairs => 57819
reduced_pairs => 52459
eliminated_by_truncation => 0
removed_by_autoreduction => 0
eliminated_by_gcd => 212661
time => 0.026629209
memory => 0.019020073115825653
4ti2 results
4ti2 time => 0.062581773
