IPGBs, no binary truncation
Algorithm statistics:
zero_reductions => 146514
max_basis_size => 1266
queued_pairs => 0
built_pairs => 153892
reduced_pairs => 147964
eliminated_by_truncation => 204
removed_by_autoreduction => 0
eliminated_by_gcd => 646853
time => 0.06858555
memory => 0.043159641325473785
IPGBs, with binary truncation
Algorithm statistics:
zero_reductions => 146514
max_basis_size => 1266
queued_pairs => 0
built_pairs => 153892
reduced_pairs => 147964
eliminated_by_truncation => 204
removed_by_autoreduction => 0
eliminated_by_gcd => 646853
time => 0.066430225
memory => 0.043159641325473785
4ti2 results
4ti2 time => 0.114860123
