IPGBs, no binary truncation
Algorithm statistics:
zero_reductions => 7535
max_basis_size => 317
queued_pairs => 0
built_pairs => 9346
reduced_pairs => 7840
eliminated_by_truncation => 3
removed_by_autoreduction => 0
eliminated_by_gcd => 40740
time => 0.009527849
memory => 0.005761831998825073
IPGBs, with binary truncation
Algorithm statistics:
zero_reductions => 7535
max_basis_size => 317
queued_pairs => 0
built_pairs => 9346
reduced_pairs => 7840
eliminated_by_truncation => 3
removed_by_autoreduction => 0
eliminated_by_gcd => 40740
time => 0.007707432
memory => 0.005759894847869873
4ti2 results
4ti2 time => 0.029727533
