IPGBs, no binary truncation
Algorithm statistics:
zero_reductions => 742994
max_basis_size => 2844
queued_pairs => 0
built_pairs => 754301
reduced_pairs => 746258
eliminated_by_truncation => 324
removed_by_autoreduction => 979
eliminated_by_gcd => 3209166
time => 0.50213947
memory => 0.1934334859251976
IPGBs, with binary truncation
Algorithm statistics:
zero_reductions => 742994
max_basis_size => 2844
queued_pairs => 0
built_pairs => 754301
reduced_pairs => 746258
eliminated_by_truncation => 324
removed_by_autoreduction => 979
eliminated_by_gcd => 3209166
time => 0.459727516
memory => 0.19343733042478561
4ti2 results
4ti2 time => 0.507369114
