IPGBs, no binary truncation
Algorithm statistics:
zero_reductions => 47
max_basis_size => 29
queued_pairs => 0
built_pairs => 61
reduced_pairs => 61
eliminated_by_truncation => 0
removed_by_autoreduction => 0
eliminated_by_gcd => 345
time => 0.006338115
memory => 0.002393089234828949
IPGBs, with binary truncation
Algorithm statistics:
zero_reductions => 47
max_basis_size => 29
queued_pairs => 0
built_pairs => 61
reduced_pairs => 61
eliminated_by_truncation => 0
removed_by_autoreduction => 0
eliminated_by_gcd => 345
time => 0.003920437
memory => 0.002393089234828949
4ti2 results
4ti2 time => 0.014971782
