IPGBs, no binary truncation
Algorithm statistics:
zero_reductions => 247
max_basis_size => 60
queued_pairs => 0
built_pairs => 282
reduced_pairs => 282
eliminated_by_truncation => 0
removed_by_autoreduction => 0
eliminated_by_gcd => 1488
time => 0.005851496
memory => 0.0051154568791389465
IPGBs, with binary truncation
Algorithm statistics:
zero_reductions => 247
max_basis_size => 60
queued_pairs => 0
built_pairs => 282
reduced_pairs => 282
eliminated_by_truncation => 0
removed_by_autoreduction => 0
eliminated_by_gcd => 1488
time => 0.005550042
memory => 0.005113519728183746
4ti2 results
4ti2 time => 0.024234393
