IPGBs, no binary truncation
Algorithm statistics:
zero_reductions => 14
max_basis_size => 18
queued_pairs => 0
built_pairs => 22
reduced_pairs => 22
eliminated_by_truncation => 0
removed_by_autoreduction => 0
eliminated_by_gcd => 131
time => 0.006438205
memory => 0.0014389455318450928
IPGBs, with binary truncation
Algorithm statistics:
zero_reductions => 14
max_basis_size => 18
queued_pairs => 0
built_pairs => 22
reduced_pairs => 22
eliminated_by_truncation => 0
removed_by_autoreduction => 0
eliminated_by_gcd => 131
time => 0.003854466
memory => 0.0014389455318450928
4ti2 results
4ti2 time => 0.015274541
