IPGBs, no binary truncation
Algorithm statistics:
zero_reductions => 1285
max_basis_size => 135
queued_pairs => 0
built_pairs => 1390
reduced_pairs => 1390
eliminated_by_truncation => 0
removed_by_autoreduction => 0
eliminated_by_gcd => 7655
time => 0.009064315
memory => 0.008206553757190704
IPGBs, with binary truncation
Algorithm statistics:
zero_reductions => 1285
max_basis_size => 135
queued_pairs => 0
built_pairs => 1390
reduced_pairs => 1390
eliminated_by_truncation => 0
removed_by_autoreduction => 0
eliminated_by_gcd => 7655
time => 0.006902373
memory => 0.008206553757190704
4ti2 results
4ti2 time => 0.021708199
