IPGBs, no binary truncation
Algorithm statistics:
zero_reductions => 783
max_basis_size => 82
queued_pairs => 0
built_pairs => 907
reduced_pairs => 875
eliminated_by_truncation => 20
removed_by_autoreduction => 0
eliminated_by_gcd => 2414
time => 0.007463684
memory => 0.0021197274327278137
IPGBs, with binary truncation
Algorithm statistics:
zero_reductions => 783
max_basis_size => 82
queued_pairs => 0
built_pairs => 907
reduced_pairs => 875
eliminated_by_truncation => 20
removed_by_autoreduction => 0
eliminated_by_gcd => 2414
time => 0.004229952
memory => 0.0021197274327278137
4ti2 results
4ti2 time => 0.017487173
