IPGBs, no binary truncation
Algorithm statistics:
zero_reductions => 1509
max_basis_size => 119
queued_pairs => 0
built_pairs => 1793
reduced_pairs => 1634
eliminated_by_truncation => 16
removed_by_autoreduction => 0
eliminated_by_gcd => 5228
time => 0.008489347
memory => 0.00230543315410614
IPGBs, with binary truncation
Algorithm statistics:
zero_reductions => 1509
max_basis_size => 119
queued_pairs => 0
built_pairs => 1793
reduced_pairs => 1634
eliminated_by_truncation => 16
removed_by_autoreduction => 0
eliminated_by_gcd => 5228
time => 0.00467614
memory => 0.00230543315410614
4ti2 results
4ti2 time => 0.019287112
