IPGBs, no binary truncation
Algorithm statistics:
zero_reductions => 10873
max_basis_size => 356
queued_pairs => 0
built_pairs => 11204
reduced_pairs => 11204
eliminated_by_truncation => 0
removed_by_autoreduction => 0
eliminated_by_gcd => 51986
time => 0.016558637
memory => 0.00879243016242981
IPGBs, with binary truncation
Algorithm statistics:
zero_reductions => 10873
max_basis_size => 356
queued_pairs => 0
built_pairs => 11204
reduced_pairs => 11204
eliminated_by_truncation => 0
removed_by_autoreduction => 0
eliminated_by_gcd => 51986
time => 0.009449756
memory => 0.00879049301147461
4ti2 results
4ti2 time => 0.028055783
