IPGBs, no binary truncation
Algorithm statistics:
zero_reductions => 655
max_basis_size => 84
queued_pairs => 0
built_pairs => 877
reduced_pairs => 733
eliminated_by_truncation => 4
removed_by_autoreduction => 0
eliminated_by_gcd => 2609
time => 0.008402627
memory => 0.002189747989177704
IPGBs, with binary truncation
Algorithm statistics:
zero_reductions => 655
max_basis_size => 84
queued_pairs => 0
built_pairs => 877
reduced_pairs => 733
eliminated_by_truncation => 4
removed_by_autoreduction => 0
eliminated_by_gcd => 2609
time => 0.004640594
memory => 0.002189747989177704
4ti2 results
4ti2 time => 0.019964545
