IPGBs, no binary truncation
Algorithm statistics:
zero_reductions => 385411
max_basis_size => 2531
queued_pairs => 0
built_pairs => 469018
reduced_pairs => 387915
eliminated_by_truncation => 0
removed_by_autoreduction => 466
eliminated_by_gcd => 2771444
time => 0.355898199
memory => 0.15002349764108658
IPGBs, with binary truncation
Algorithm statistics:
zero_reductions => 385411
max_basis_size => 2531
queued_pairs => 0
built_pairs => 469018
reduced_pairs => 387915
eliminated_by_truncation => 0
removed_by_autoreduction => 466
eliminated_by_gcd => 2771444
time => 0.327892231
memory => 0.15002349764108658
4ti2 results
4ti2 time => 0.35726918
