IPGBs, no binary truncation
Algorithm statistics:
zero_reductions => 1037
max_basis_size => 102
queued_pairs => 0
built_pairs => 1124
reduced_pairs => 1124
eliminated_by_truncation => 5
removed_by_autoreduction => 0
eliminated_by_gcd => 4027
time => 0.007621333
memory => 0.0038330107927322388
IPGBs, with binary truncation
Algorithm statistics:
zero_reductions => 1037
max_basis_size => 102
queued_pairs => 0
built_pairs => 1124
reduced_pairs => 1124
eliminated_by_truncation => 5
removed_by_autoreduction => 0
eliminated_by_gcd => 4027
time => 0.004642937
memory => 0.0038330107927322388
4ti2 results
4ti2 time => 0.019265415
