IPGBs, no binary truncation
Algorithm statistics:
zero_reductions => 7069
max_basis_size => 277
queued_pairs => 0
built_pairs => 7419
reduced_pairs => 7334
eliminated_by_truncation => 13
removed_by_autoreduction => 0
eliminated_by_gcd => 30807
time => 0.010422023
memory => 0.009336955845355988
IPGBs, with binary truncation
Algorithm statistics:
zero_reductions => 7069
max_basis_size => 277
queued_pairs => 0
built_pairs => 7419
reduced_pairs => 7334
eliminated_by_truncation => 13
removed_by_autoreduction => 0
eliminated_by_gcd => 30807
time => 0.010304011
memory => 0.009336955845355988
4ti2 results
4ti2 time => 0.028777672
