IPGBs, no binary truncation
Algorithm statistics:
zero_reductions => 440
max_basis_size => 64
queued_pairs => 0
built_pairs => 489
reduced_pairs => 489
eliminated_by_truncation => 0
removed_by_autoreduction => 0
eliminated_by_gcd => 1527
time => 0.006891795
memory => 0.002484820783138275
IPGBs, with binary truncation
Algorithm statistics:
zero_reductions => 440
max_basis_size => 64
queued_pairs => 0
built_pairs => 489
reduced_pairs => 489
eliminated_by_truncation => 0
removed_by_autoreduction => 0
eliminated_by_gcd => 1527
time => 0.004181679
memory => 0.002484820783138275
4ti2 results
4ti2 time => 0.016583973
