IPGBs, no binary truncation
Algorithm statistics:
zero_reductions => 191
max_basis_size => 39
queued_pairs => 0
built_pairs => 215
reduced_pairs => 215
eliminated_by_truncation => 0
removed_by_autoreduction => 0
eliminated_by_gcd => 526
time => 0.007217693
memory => 0.0024994462728500366
IPGBs, with binary truncation
Algorithm statistics:
zero_reductions => 191
max_basis_size => 39
queued_pairs => 0
built_pairs => 215
reduced_pairs => 215
eliminated_by_truncation => 0
removed_by_autoreduction => 0
eliminated_by_gcd => 526
time => 0.004274062
memory => 0.0024994462728500366
4ti2 results
4ti2 time => 0.015776136
