IPGBs, no binary truncation
Algorithm statistics:
zero_reductions => 228
max_basis_size => 51
queued_pairs => 0
built_pairs => 270
reduced_pairs => 269
eliminated_by_truncation => 0
removed_by_autoreduction => 0
eliminated_by_gcd => 1005
time => 0.007959316
memory => 0.001512371003627777
IPGBs, with binary truncation
Algorithm statistics:
zero_reductions => 228
max_basis_size => 51
queued_pairs => 0
built_pairs => 270
reduced_pairs => 269
eliminated_by_truncation => 0
removed_by_autoreduction => 0
eliminated_by_gcd => 1005
time => 0.004453392
memory => 0.001512371003627777
4ti2 results
4ti2 time => 0.019456404
