IPGBs, no binary truncation
Algorithm statistics:
zero_reductions => 630892
max_basis_size => 2937
queued_pairs => 0
built_pairs => 668753
reduced_pairs => 633991
eliminated_by_truncation => 21
removed_by_autoreduction => 506
eliminated_by_gcd => 3846395
time => 0.471214045
memory => 0.20315568894147873
IPGBs, with binary truncation
Algorithm statistics:
zero_reductions => 630892
max_basis_size => 2937
queued_pairs => 0
built_pairs => 668753
reduced_pairs => 633991
eliminated_by_truncation => 21
removed_by_autoreduction => 506
eliminated_by_gcd => 3846395
time => 0.485281369
memory => 0.20315568894147873
4ti2 results
4ti2 time => 0.533327236
