IPGBs, no binary truncation
Algorithm statistics:
zero_reductions => 549
max_basis_size => 77
queued_pairs => 0
built_pairs => 683
reduced_pairs => 621
eliminated_by_truncation => 5
removed_by_autoreduction => 0
eliminated_by_gcd => 2243
time => 0.007714639
memory => 0.0016304850578308105
IPGBs, with binary truncation
Algorithm statistics:
zero_reductions => 549
max_basis_size => 77
queued_pairs => 0
built_pairs => 683
reduced_pairs => 621
eliminated_by_truncation => 5
removed_by_autoreduction => 0
eliminated_by_gcd => 2243
time => 0.004159288
memory => 0.0016304850578308105
4ti2 results
4ti2 time => 0.018653709
