IPGBs, no binary truncation
Algorithm statistics:
zero_reductions => 28288
max_basis_size => 494
queued_pairs => 0
built_pairs => 30632
reduced_pairs => 28757
eliminated_by_truncation => 0
removed_by_autoreduction => 0
eliminated_by_gcd => 91139
time => 0.044184865
memory => 0.012372240424156189
IPGBs, with binary truncation
Algorithm statistics:
zero_reductions => 28288
max_basis_size => 494
queued_pairs => 0
built_pairs => 30632
reduced_pairs => 28757
eliminated_by_truncation => 0
removed_by_autoreduction => 0
eliminated_by_gcd => 91139
time => 0.015597705
memory => 0.01237417757511139
4ti2 results
4ti2 time => 0.046590729
