IPGBs, no binary truncation
Algorithm statistics:
zero_reductions => 20203
max_basis_size => 462
queued_pairs => 0
built_pairs => 20719
reduced_pairs => 20642
eliminated_by_truncation => 2
removed_by_autoreduction => 0
eliminated_by_gcd => 85772
time => 0.017397996
memory => 0.012847907841205597
IPGBs, with binary truncation
Algorithm statistics:
zero_reductions => 20203
max_basis_size => 462
queued_pairs => 0
built_pairs => 20719
reduced_pairs => 20642
eliminated_by_truncation => 2
removed_by_autoreduction => 0
eliminated_by_gcd => 85772
time => 0.014333256
memory => 0.012847907841205597
4ti2 results
4ti2 time => 0.04437126
