IPGBs, no binary truncation
Algorithm statistics:
zero_reductions => 2027
max_basis_size => 156
queued_pairs => 0
built_pairs => 2153
reduced_pairs => 2153
eliminated_by_truncation => 0
removed_by_autoreduction => 0
eliminated_by_gcd => 9937
time => 0.012507732
memory => 0.008588694036006927
IPGBs, with binary truncation
Algorithm statistics:
zero_reductions => 2027
max_basis_size => 156
queued_pairs => 0
built_pairs => 2153
reduced_pairs => 2153
eliminated_by_truncation => 0
removed_by_autoreduction => 0
eliminated_by_gcd => 9937
time => 0.00851501
memory => 0.008588694036006927
4ti2 results
4ti2 time => 0.021992152
