IPGBs, no binary truncation
Algorithm statistics:
zero_reductions => 2682
max_basis_size => 200
queued_pairs => 0
built_pairs => 2860
reduced_pairs => 2860
eliminated_by_truncation => 3
removed_by_autoreduction => 0
eliminated_by_gcd => 17040
time => 0.008714083
memory => 0.008438780903816223
IPGBs, with binary truncation
Algorithm statistics:
zero_reductions => 2682
max_basis_size => 200
queued_pairs => 0
built_pairs => 2860
reduced_pairs => 2860
eliminated_by_truncation => 3
removed_by_autoreduction => 0
eliminated_by_gcd => 17040
time => 0.007977388
memory => 0.008438780903816223
4ti2 results
4ti2 time => 0.022900345
