IPGBs, no binary truncation
Algorithm statistics:
zero_reductions => 17525
max_basis_size => 424
queued_pairs => 0
built_pairs => 21812
reduced_pairs => 17963
eliminated_by_truncation => 29
removed_by_autoreduction => 0
eliminated_by_gcd => 67864
time => 0.014112731
memory => 0.008180864155292511
IPGBs, with binary truncation
Algorithm statistics:
zero_reductions => 17525
max_basis_size => 424
queued_pairs => 0
built_pairs => 21812
reduced_pairs => 17963
eliminated_by_truncation => 29
removed_by_autoreduction => 0
eliminated_by_gcd => 67864
time => 0.01141186
memory => 0.008182801306247711
4ti2 results
4ti2 time => 0.039466054
