IPGBs, no binary truncation
Algorithm statistics:
zero_reductions => 47281
max_basis_size => 684
queued_pairs => 0
built_pairs => 48484
reduced_pairs => 48042
eliminated_by_truncation => 97
removed_by_autoreduction => 0
eliminated_by_gcd => 185102
time => 0.029217709
memory => 0.016894541680812836
IPGBs, with binary truncation
Algorithm statistics:
zero_reductions => 47281
max_basis_size => 684
queued_pairs => 0
built_pairs => 48484
reduced_pairs => 48042
eliminated_by_truncation => 97
removed_by_autoreduction => 0
eliminated_by_gcd => 185102
time => 0.025697692
memory => 0.016894541680812836
4ti2 results
4ti2 time => 0.051779832
