IPGBs, no binary truncation
Algorithm statistics:
zero_reductions => 3785
max_basis_size => 183
queued_pairs => 0
built_pairs => 3943
reduced_pairs => 3943
eliminated_by_truncation => 0
removed_by_autoreduction => 0
eliminated_by_gcd => 12710
time => 0.011829762
memory => 0.008530251681804657
IPGBs, with binary truncation
Algorithm statistics:
zero_reductions => 3785
max_basis_size => 183
queued_pairs => 0
built_pairs => 3943
reduced_pairs => 3943
eliminated_by_truncation => 0
removed_by_autoreduction => 0
eliminated_by_gcd => 12710
time => 0.007770998
memory => 0.008530251681804657
4ti2 results
4ti2 time => 0.024186914
