IPGBs, no binary truncation
Algorithm statistics:
zero_reductions => 5356
max_basis_size => 256
queued_pairs => 0
built_pairs => 5609
reduced_pairs => 5609
eliminated_by_truncation => 27
removed_by_autoreduction => 0
eliminated_by_gcd => 27031
time => 0.014307595
memory => 0.01211460679769516
IPGBs, with binary truncation
Algorithm statistics:
zero_reductions => 5356
max_basis_size => 256
queued_pairs => 0
built_pairs => 5609
reduced_pairs => 5609
eliminated_by_truncation => 27
removed_by_autoreduction => 0
eliminated_by_gcd => 27031
time => 0.011439172
memory => 0.01211460679769516
4ti2 results
4ti2 time => 0.036898374
