IPGBs, no binary truncation
Algorithm statistics:
zero_reductions => 113
max_basis_size => 35
queued_pairs => 0
built_pairs => 140
reduced_pairs => 139
eliminated_by_truncation => 1
removed_by_autoreduction => 0
eliminated_by_gcd => 455
time => 0.021315957
memory => 0.0014830902218818665
IPGBs, with binary truncation
Algorithm statistics:
zero_reductions => 113
max_basis_size => 35
queued_pairs => 0
built_pairs => 140
reduced_pairs => 139
eliminated_by_truncation => 1
removed_by_autoreduction => 0
eliminated_by_gcd => 455
time => 0.004504978
memory => 0.0014830902218818665
4ti2 results
4ti2 time => 0.016543288
