IPGBs, no binary truncation
Algorithm statistics:
zero_reductions => 67
max_basis_size => 26
queued_pairs => 0
built_pairs => 85
reduced_pairs => 85
eliminated_by_truncation => 2
removed_by_autoreduction => 0
eliminated_by_gcd => 240
time => 0.006298515
memory => 0.0014102011919021606
IPGBs, with binary truncation
Algorithm statistics:
zero_reductions => 67
max_basis_size => 26
queued_pairs => 0
built_pairs => 85
reduced_pairs => 85
eliminated_by_truncation => 2
removed_by_autoreduction => 0
eliminated_by_gcd => 240
time => 0.003810001
memory => 0.0014102011919021606
4ti2 results
4ti2 time => 0.016239706
