IPGBs, no binary truncation
Algorithm statistics:
zero_reductions => 1073
max_basis_size => 103
queued_pairs => 0
built_pairs => 1149
reduced_pairs => 1149
eliminated_by_truncation => 3
removed_by_autoreduction => 0
eliminated_by_gcd => 4104
time => 0.019041243
memory => 0.011093907058238983
IPGBs, with binary truncation
Algorithm statistics:
zero_reductions => 1073
max_basis_size => 103
queued_pairs => 0
built_pairs => 1149
reduced_pairs => 1149
eliminated_by_truncation => 3
removed_by_autoreduction => 0
eliminated_by_gcd => 4104
time => 0.009326508
memory => 0.011093907058238983
4ti2 results
4ti2 time => 0.022153867
