IPGBs, no binary truncation
Algorithm statistics:
zero_reductions => 7273
max_basis_size => 279
queued_pairs => 0
built_pairs => 7523
reduced_pairs => 7523
eliminated_by_truncation => 1
removed_by_autoreduction => 0
eliminated_by_gcd => 31258
time => 0.047292369
memory => 0.013026148080825806
IPGBs, with binary truncation
Algorithm statistics:
zero_reductions => 7273
max_basis_size => 279
queued_pairs => 0
built_pairs => 7523
reduced_pairs => 7523
eliminated_by_truncation => 1
removed_by_autoreduction => 0
eliminated_by_gcd => 31258
time => 0.012404067
memory => 0.013026148080825806
4ti2 results
4ti2 time => 0.031362735
