IPGBs, no binary truncation
Algorithm statistics:
zero_reductions => 140
max_basis_size => 47
queued_pairs => 0
built_pairs => 172
reduced_pairs => 172
eliminated_by_truncation => 0
removed_by_autoreduction => 0
eliminated_by_gcd => 909
time => 0.006138365
memory => 0.002370782196521759
IPGBs, with binary truncation
Algorithm statistics:
zero_reductions => 140
max_basis_size => 47
queued_pairs => 0
built_pairs => 172
reduced_pairs => 172
eliminated_by_truncation => 0
removed_by_autoreduction => 0
eliminated_by_gcd => 909
time => 0.003907593
memory => 0.002370782196521759
4ti2 results
4ti2 time => 0.014357996
