IPGBs, no binary truncation
Algorithm statistics:
zero_reductions => 0
max_basis_size => 13
queued_pairs => 0
built_pairs => 4
reduced_pairs => 4
eliminated_by_truncation => 1
removed_by_autoreduction => 0
eliminated_by_gcd => 74
time => 0.007042102
memory => 0.0013514384627342224
IPGBs, with binary truncation
Algorithm statistics:
zero_reductions => 0
max_basis_size => 13
queued_pairs => 0
built_pairs => 4
reduced_pairs => 4
eliminated_by_truncation => 1
removed_by_autoreduction => 0
eliminated_by_gcd => 74
time => 0.004103615
memory => 0.0013514384627342224
4ti2 results
4ti2 time => 0.016695227
