IPGBs, no binary truncation
Algorithm statistics:
zero_reductions => 4231
max_basis_size => 217
queued_pairs => 0
built_pairs => 4423
reduced_pairs => 4423
eliminated_by_truncation => 0
removed_by_autoreduction => 0
eliminated_by_gcd => 19013
time => 0.011628615
memory => 0.006752900779247284
IPGBs, with binary truncation
Algorithm statistics:
zero_reductions => 4231
max_basis_size => 217
queued_pairs => 0
built_pairs => 4423
reduced_pairs => 4423
eliminated_by_truncation => 0
removed_by_autoreduction => 0
eliminated_by_gcd => 19013
time => 0.008144987
memory => 0.006752900779247284
4ti2 results
4ti2 time => 0.027028774
