IPGBs, no binary truncation
Algorithm statistics:
zero_reductions => 255
max_basis_size => 50
queued_pairs => 0
built_pairs => 290
reduced_pairs => 290
eliminated_by_truncation => 0
removed_by_autoreduction => 0
eliminated_by_gcd => 935
time => 0.004624626
memory => 0.0033514276146888733
IPGBs, with binary truncation
Algorithm statistics:
zero_reductions => 255
max_basis_size => 50
queued_pairs => 0
built_pairs => 290
reduced_pairs => 290
eliminated_by_truncation => 0
removed_by_autoreduction => 0
eliminated_by_gcd => 935
time => 0.003853484
memory => 0.0033514276146888733
4ti2 results
4ti2 time => 0.015100642
