IPGBs, no binary truncation
Algorithm statistics:
zero_reductions => 491
max_basis_size => 82
queued_pairs => 0
built_pairs => 543
reduced_pairs => 543
eliminated_by_truncation => 0
removed_by_autoreduction => 0
eliminated_by_gcd => 2778
time => 0.012499217
memory => 0.007998026907444
IPGBs, with binary truncation
Algorithm statistics:
zero_reductions => 491
max_basis_size => 82
queued_pairs => 0
built_pairs => 543
reduced_pairs => 543
eliminated_by_truncation => 0
removed_by_autoreduction => 0
eliminated_by_gcd => 2778
time => 0.007820378
memory => 0.007998026907444
4ti2 results
4ti2 time => 0.020892225
