IPGBs, no binary truncation
Algorithm statistics:
zero_reductions => 642
max_basis_size => 85
queued_pairs => 0
built_pairs => 730
reduced_pairs => 712
eliminated_by_truncation => 0
removed_by_autoreduction => 0
eliminated_by_gcd => 2840
time => 0.006233411
memory => 0.002576671540737152
IPGBs, with binary truncation
Algorithm statistics:
zero_reductions => 642
max_basis_size => 85
queued_pairs => 0
built_pairs => 730
reduced_pairs => 712
eliminated_by_truncation => 0
removed_by_autoreduction => 0
eliminated_by_gcd => 2840
time => 0.004115118
memory => 0.002576671540737152
4ti2 results
4ti2 time => 0.016241913
