IPGBs, no binary truncation
Algorithm statistics:
zero_reductions => 169
max_basis_size => 56
queued_pairs => 0
built_pairs => 205
reduced_pairs => 205
eliminated_by_truncation => 0
removed_by_autoreduction => 0
eliminated_by_gcd => 1335
time => 0.008452582
memory => 0.0037315115332603455
IPGBs, with binary truncation
Algorithm statistics:
zero_reductions => 169
max_basis_size => 56
queued_pairs => 0
built_pairs => 205
reduced_pairs => 205
eliminated_by_truncation => 0
removed_by_autoreduction => 0
eliminated_by_gcd => 1335
time => 0.004103549
memory => 0.0037315115332603455
4ti2 results
4ti2 time => 0.020651592
