IPGBs, no binary truncation
Algorithm statistics:
zero_reductions => 309
max_basis_size => 74
queued_pairs => 0
built_pairs => 353
reduced_pairs => 353
eliminated_by_truncation => 0
removed_by_autoreduction => 0
eliminated_by_gcd => 2348
time => 0.00956201
memory => 0.007868334650993347
IPGBs, with binary truncation
Algorithm statistics:
zero_reductions => 309
max_basis_size => 74
queued_pairs => 0
built_pairs => 353
reduced_pairs => 353
eliminated_by_truncation => 0
removed_by_autoreduction => 0
eliminated_by_gcd => 2348
time => 0.074864153
memory => 0.007868334650993347
4ti2 results
4ti2 time => 0.022906026
