IPGBs, no binary truncation
Algorithm statistics:
zero_reductions => 141
max_basis_size => 42
queued_pairs => 0
built_pairs => 168
reduced_pairs => 168
eliminated_by_truncation => 0
removed_by_autoreduction => 0
eliminated_by_gcd => 693
time => 0.006661982
memory => 0.0027829930186271667
IPGBs, with binary truncation
Algorithm statistics:
zero_reductions => 141
max_basis_size => 42
queued_pairs => 0
built_pairs => 168
reduced_pairs => 168
eliminated_by_truncation => 0
removed_by_autoreduction => 0
eliminated_by_gcd => 693
time => 0.004146734
memory => 0.0027829930186271667
4ti2 results
4ti2 time => 0.014916354
