IPGBs, no binary truncation
Algorithm statistics:
zero_reductions => 5
max_basis_size => 13
queued_pairs => 0
built_pairs => 8
reduced_pairs => 8
eliminated_by_truncation => 0
removed_by_autoreduction => 0
eliminated_by_gcd => 70
time => 0.007770633
memory => 0.0013464689254760742
IPGBs, with binary truncation
Algorithm statistics:
zero_reductions => 5
max_basis_size => 13
queued_pairs => 0
built_pairs => 8
reduced_pairs => 8
eliminated_by_truncation => 0
removed_by_autoreduction => 0
eliminated_by_gcd => 70
time => 0.004223896
memory => 0.0013464689254760742
4ti2 results
4ti2 time => 0.016596126
