IPGBs, no binary truncation
Algorithm statistics:
zero_reductions => 530
max_basis_size => 81
queued_pairs => 0
built_pairs => 587
reduced_pairs => 587
eliminated_by_truncation => 1
removed_by_autoreduction => 0
eliminated_by_gcd => 2653
time => 0.008017281
memory => 0.005518190562725067
IPGBs, with binary truncation
Algorithm statistics:
zero_reductions => 530
max_basis_size => 81
queued_pairs => 0
built_pairs => 587
reduced_pairs => 587
eliminated_by_truncation => 1
removed_by_autoreduction => 0
eliminated_by_gcd => 2653
time => 0.005855668
memory => 0.005516253411769867
4ti2 results
4ti2 time => 0.019187411
