IPGBs, no binary truncation
Algorithm statistics:
zero_reductions => 216
max_basis_size => 61
queued_pairs => 0
built_pairs => 323
reduced_pairs => 269
eliminated_by_truncation => 2
removed_by_autoreduction => 0
eliminated_by_gcd => 1507
time => 0.006297281
memory => 0.0019204989075660706
IPGBs, with binary truncation
Algorithm statistics:
zero_reductions => 216
max_basis_size => 61
queued_pairs => 0
built_pairs => 323
reduced_pairs => 269
eliminated_by_truncation => 2
removed_by_autoreduction => 0
eliminated_by_gcd => 1507
time => 0.004389948
memory => 0.0019204989075660706
4ti2 results
4ti2 time => 0.017753617
