IPGBs, no binary truncation
Algorithm statistics:
zero_reductions => 165
max_basis_size => 47
queued_pairs => 0
built_pairs => 187
reduced_pairs => 187
eliminated_by_truncation => 0
removed_by_autoreduction => 0
eliminated_by_gcd => 894
time => 0.058312693
memory => 0.005011692643165588
IPGBs, with binary truncation
Algorithm statistics:
zero_reductions => 165
max_basis_size => 47
queued_pairs => 0
built_pairs => 187
reduced_pairs => 187
eliminated_by_truncation => 0
removed_by_autoreduction => 0
eliminated_by_gcd => 894
time => 0.006659609
memory => 0.005009755492210388
4ti2 results
4ti2 time => 0.018177861
