IPGBs, no binary truncation
Algorithm statistics:
zero_reductions => 2379
max_basis_size => 163
queued_pairs => 0
built_pairs => 2517
reduced_pairs => 2517
eliminated_by_truncation => 0
removed_by_autoreduction => 0
eliminated_by_gcd => 10686
time => 0.059717103
memory => 0.008073955774307251
IPGBs, with binary truncation
Algorithm statistics:
zero_reductions => 2379
max_basis_size => 163
queued_pairs => 0
built_pairs => 2517
reduced_pairs => 2517
eliminated_by_truncation => 0
removed_by_autoreduction => 0
eliminated_by_gcd => 10686
time => 0.00885128
memory => 0.008073955774307251
4ti2 results
4ti2 time => 0.021355587
