IPGBs, no binary truncation
Algorithm statistics:
zero_reductions => 36610
max_basis_size => 584
queued_pairs => 0
built_pairs => 37188
reduced_pairs => 37188
eliminated_by_truncation => 24
removed_by_autoreduction => 0
eliminated_by_gcd => 133048
time => 0.023216166
memory => 0.019483909010887146
IPGBs, with binary truncation
Algorithm statistics:
zero_reductions => 36610
max_basis_size => 584
queued_pairs => 0
built_pairs => 37188
reduced_pairs => 37188
eliminated_by_truncation => 24
removed_by_autoreduction => 0
eliminated_by_gcd => 133048
time => 0.021745455
memory => 0.019483909010887146
4ti2 results
4ti2 time => 0.046596054
