IPGBs, no binary truncation
Algorithm statistics:
zero_reductions => 1274
max_basis_size => 111
queued_pairs => 0
built_pairs => 1399
reduced_pairs => 1370
eliminated_by_truncation => 0
removed_by_autoreduction => 0
eliminated_by_gcd => 4706
time => 0.006813525
memory => 0.00280645489692688
IPGBs, with binary truncation
Algorithm statistics:
zero_reductions => 1274
max_basis_size => 111
queued_pairs => 0
built_pairs => 1399
reduced_pairs => 1370
eliminated_by_truncation => 0
removed_by_autoreduction => 0
eliminated_by_gcd => 4706
time => 0.004335101
memory => 0.00280645489692688
4ti2 results
4ti2 time => 0.018496678
