IPGBs, no binary truncation
Algorithm statistics:
zero_reductions => 133
max_basis_size => 44
queued_pairs => 0
built_pairs => 174
reduced_pairs => 169
eliminated_by_truncation => 2
removed_by_autoreduction => 0
eliminated_by_gcd => 772
time => 0.008225308
memory => 0.001913607120513916
IPGBs, with binary truncation
Algorithm statistics:
zero_reductions => 133
max_basis_size => 44
queued_pairs => 0
built_pairs => 174
reduced_pairs => 169
eliminated_by_truncation => 2
removed_by_autoreduction => 0
eliminated_by_gcd => 772
time => 0.004370637
memory => 0.001913607120513916
4ti2 results
4ti2 time => 0.017603405
