IPGBs, no binary truncation
Algorithm statistics:
zero_reductions => 76443
max_basis_size => 882
queued_pairs => 0
built_pairs => 78515
reduced_pairs => 77295
eliminated_by_truncation => 0
removed_by_autoreduction => 0
eliminated_by_gcd => 310006
time => 0.038475108
memory => 0.02916686236858368
IPGBs, with binary truncation
Algorithm statistics:
zero_reductions => 76443
max_basis_size => 882
queued_pairs => 0
built_pairs => 78515
reduced_pairs => 77295
eliminated_by_truncation => 0
removed_by_autoreduction => 0
eliminated_by_gcd => 310006
time => 0.038167289
memory => 0.029170706868171692
4ti2 results
4ti2 time => 0.072483495
