IPGBs, no binary truncation
Algorithm statistics:
zero_reductions => 184
max_basis_size => 47
queued_pairs => 0
built_pairs => 228
reduced_pairs => 228
eliminated_by_truncation => 7
removed_by_autoreduction => 0
eliminated_by_gcd => 853
time => 0.007145919
memory => 0.0015478730201721191
IPGBs, with binary truncation
Algorithm statistics:
zero_reductions => 184
max_basis_size => 47
queued_pairs => 0
built_pairs => 228
reduced_pairs => 228
eliminated_by_truncation => 7
removed_by_autoreduction => 0
eliminated_by_gcd => 853
time => 0.004217743
memory => 0.0015478730201721191
4ti2 results
4ti2 time => 0.01859541
