IPGBs, no binary truncation
Algorithm statistics:
zero_reductions => 3450
max_basis_size => 180
queued_pairs => 0
built_pairs => 3731
reduced_pairs => 3615
eliminated_by_truncation => 0
removed_by_autoreduction => 0
eliminated_by_gcd => 12379
time => 0.00732423
memory => 0.004082381725311279
IPGBs, with binary truncation
Algorithm statistics:
zero_reductions => 3450
max_basis_size => 180
queued_pairs => 0
built_pairs => 3731
reduced_pairs => 3615
eliminated_by_truncation => 0
removed_by_autoreduction => 0
eliminated_by_gcd => 12379
time => 0.004982649
memory => 0.004080444574356079
4ti2 results
4ti2 time => 0.021478271
