IPGBs, no binary truncation
Algorithm statistics:
zero_reductions => 269
max_basis_size => 61
queued_pairs => 0
built_pairs => 335
reduced_pairs => 310
eliminated_by_truncation => 0
removed_by_autoreduction => 0
eliminated_by_gcd => 1495
time => 0.006834556
memory => 0.00357142835855484
IPGBs, with binary truncation
Algorithm statistics:
zero_reductions => 269
max_basis_size => 61
queued_pairs => 0
built_pairs => 335
reduced_pairs => 310
eliminated_by_truncation => 0
removed_by_autoreduction => 0
eliminated_by_gcd => 1495
time => 0.004891521
memory => 0.00357142835855484
4ti2 results
4ti2 time => 0.017716415
