IPGBs, no binary truncation
Algorithm statistics:
zero_reductions => 1166
max_basis_size => 118
queued_pairs => 0
built_pairs => 1264
reduced_pairs => 1264
eliminated_by_truncation => 0
removed_by_autoreduction => 0
eliminated_by_gcd => 5639
time => 0.006426506
memory => 0.005072534084320068
IPGBs, with binary truncation
Algorithm statistics:
zero_reductions => 1166
max_basis_size => 118
queued_pairs => 0
built_pairs => 1264
reduced_pairs => 1264
eliminated_by_truncation => 0
removed_by_autoreduction => 0
eliminated_by_gcd => 5639
time => 0.005701573
memory => 0.005072534084320068
4ti2 results
4ti2 time => 0.020718916
