IPGBs, no binary truncation
Algorithm statistics:
zero_reductions => 2777
max_basis_size => 175
queued_pairs => 0
built_pairs => 3125
reduced_pairs => 2956
eliminated_by_truncation => 19
removed_by_autoreduction => 0
eliminated_by_gcd => 12100
time => 0.00532673
memory => 0.004154570400714874
IPGBs, with binary truncation
Algorithm statistics:
zero_reductions => 2777
max_basis_size => 175
queued_pairs => 0
built_pairs => 3125
reduced_pairs => 2956
eliminated_by_truncation => 19
removed_by_autoreduction => 0
eliminated_by_gcd => 12100
time => 0.005045051
memory => 0.0041565075516700745
4ti2 results
4ti2 time => 0.020029215
