IPGBs, no binary truncation
Algorithm statistics:
zero_reductions => 350
max_basis_size => 78
queued_pairs => 0
built_pairs => 403
reduced_pairs => 403
eliminated_by_truncation => 0
removed_by_autoreduction => 0
eliminated_by_gcd => 2600
time => 0.007420321
memory => 0.005309015512466431
IPGBs, with binary truncation
Algorithm statistics:
zero_reductions => 350
max_basis_size => 78
queued_pairs => 0
built_pairs => 403
reduced_pairs => 403
eliminated_by_truncation => 0
removed_by_autoreduction => 0
eliminated_by_gcd => 2600
time => 0.005421285
memory => 0.0053070783615112305
4ti2 results
4ti2 time => 0.018446497
