IPGBs, no binary truncation
Algorithm statistics:
zero_reductions => 200
max_basis_size => 53
queued_pairs => 0
built_pairs => 242
reduced_pairs => 233
eliminated_by_truncation => 0
removed_by_autoreduction => 0
eliminated_by_gcd => 1136
time => 0.007143599
memory => 0.0035002529621124268
IPGBs, with binary truncation
Algorithm statistics:
zero_reductions => 200
max_basis_size => 53
queued_pairs => 0
built_pairs => 242
reduced_pairs => 233
eliminated_by_truncation => 0
removed_by_autoreduction => 0
eliminated_by_gcd => 1136
time => 0.004266962
memory => 0.0035002529621124268
4ti2 results
4ti2 time => 0.01651766
