IPGBs, no binary truncation
Algorithm statistics:
zero_reductions => 139
max_basis_size => 46
queued_pairs => 0
built_pairs => 170
reduced_pairs => 170
eliminated_by_truncation => 0
removed_by_autoreduction => 0
eliminated_by_gcd => 865
time => 0.005624737
memory => 0.002533651888370514
IPGBs, with binary truncation
Algorithm statistics:
zero_reductions => 139
max_basis_size => 46
queued_pairs => 0
built_pairs => 170
reduced_pairs => 170
eliminated_by_truncation => 0
removed_by_autoreduction => 0
eliminated_by_gcd => 865
time => 0.004688542
memory => 0.002533651888370514
4ti2 results
4ti2 time => 0.016265828
