IPGBs, no binary truncation
Algorithm statistics:
zero_reductions => 13
max_basis_size => 18
queued_pairs => 0
built_pairs => 21
reduced_pairs => 21
eliminated_by_truncation => 0
removed_by_autoreduction => 0
eliminated_by_gcd => 132
time => 0.008147505
memory => 0.0014595836400985718
IPGBs, with binary truncation
Algorithm statistics:
zero_reductions => 13
max_basis_size => 18
queued_pairs => 0
built_pairs => 21
reduced_pairs => 21
eliminated_by_truncation => 0
removed_by_autoreduction => 0
eliminated_by_gcd => 132
time => 0.00440888
memory => 0.0014595836400985718
4ti2 results
4ti2 time => 0.017016251
