IPGBs, no binary truncation
Algorithm statistics:
zero_reductions => 774
max_basis_size => 100
queued_pairs => 0
built_pairs => 875
reduced_pairs => 854
eliminated_by_truncation => 0
removed_by_autoreduction => 0
eliminated_by_gcd => 4075
time => 0.005848416
memory => 0.004856489598751068
IPGBs, with binary truncation
Algorithm statistics:
zero_reductions => 774
max_basis_size => 100
queued_pairs => 0
built_pairs => 875
reduced_pairs => 854
eliminated_by_truncation => 0
removed_by_autoreduction => 0
eliminated_by_gcd => 4075
time => 0.005254557
memory => 0.004856489598751068
4ti2 results
4ti2 time => 0.022025575
