IPGBs, no binary truncation
Algorithm statistics:
zero_reductions => 4135
max_basis_size => 181
queued_pairs => 0
built_pairs => 4302
reduced_pairs => 4302
eliminated_by_truncation => 6
removed_by_autoreduction => 0
eliminated_by_gcd => 11988
time => 0.008233289
memory => 0.004571415483951569
IPGBs, with binary truncation
Algorithm statistics:
zero_reductions => 4135
max_basis_size => 181
queued_pairs => 0
built_pairs => 4302
reduced_pairs => 4302
eliminated_by_truncation => 6
removed_by_autoreduction => 0
eliminated_by_gcd => 11988
time => 0.00569436
memory => 0.004571415483951569
4ti2 results
4ti2 time => 0.022248308
