IPGBs, no binary truncation
Algorithm statistics:
zero_reductions => 446
max_basis_size => 80
queued_pairs => 0
built_pairs => 536
reduced_pairs => 506
eliminated_by_truncation => 0
removed_by_autoreduction => 0
eliminated_by_gcd => 2624
time => 0.010145855
memory => 0.0055933743715286255
IPGBs, with binary truncation
Algorithm statistics:
zero_reductions => 446
max_basis_size => 80
queued_pairs => 0
built_pairs => 536
reduced_pairs => 506
eliminated_by_truncation => 0
removed_by_autoreduction => 0
eliminated_by_gcd => 2624
time => 0.044400233
memory => 0.0055933743715286255
4ti2 results
4ti2 time => 0.021652185
