IPGBs, no binary truncation
Algorithm statistics:
zero_reductions => 198
max_basis_size => 47
queued_pairs => 0
built_pairs => 225
reduced_pairs => 225
eliminated_by_truncation => 0
removed_by_autoreduction => 0
eliminated_by_gcd => 856
time => 0.007468545
memory => 0.003938153386116028
IPGBs, with binary truncation
Algorithm statistics:
zero_reductions => 198
max_basis_size => 47
queued_pairs => 0
built_pairs => 225
reduced_pairs => 225
eliminated_by_truncation => 0
removed_by_autoreduction => 0
eliminated_by_gcd => 856
time => 0.00438324
memory => 0.003938153386116028
4ti2 results
4ti2 time => 0.015317876
