IPGBs, no binary truncation
Algorithm statistics:
zero_reductions => 1647
max_basis_size => 124
queued_pairs => 0
built_pairs => 1741
reduced_pairs => 1741
eliminated_by_truncation => 0
removed_by_autoreduction => 0
eliminated_by_gcd => 5885
time => 0.008962642
memory => 0.008359558880329132
IPGBs, with binary truncation
Algorithm statistics:
zero_reductions => 1647
max_basis_size => 124
queued_pairs => 0
built_pairs => 1741
reduced_pairs => 1741
eliminated_by_truncation => 0
removed_by_autoreduction => 0
eliminated_by_gcd => 5885
time => 0.007019231
memory => 0.008359558880329132
4ti2 results
4ti2 time => 0.019058791
