IPGBs, no binary truncation
Algorithm statistics:
zero_reductions => 29
max_basis_size => 40
queued_pairs => 0
built_pairs => 40
reduced_pairs => 40
eliminated_by_truncation => 1
removed_by_autoreduction => 0
eliminated_by_gcd => 740
time => 0.008007587
memory => 0.008056998252868652
IPGBs, with binary truncation
Algorithm statistics:
zero_reductions => 29
max_basis_size => 40
queued_pairs => 0
built_pairs => 40
reduced_pairs => 40
eliminated_by_truncation => 1
removed_by_autoreduction => 0
eliminated_by_gcd => 740
time => 0.007469408
memory => 0.008056998252868652
4ti2 results
4ti2 time => 0.01921559
