IPGBs, no binary truncation
Algorithm statistics:
zero_reductions => 995
max_basis_size => 104
queued_pairs => 0
built_pairs => 1176
reduced_pairs => 1120
eliminated_by_truncation => 31
removed_by_autoreduction => 0
eliminated_by_gcd => 4180
time => 0.008024789
memory => 0.002286002039909363
IPGBs, with binary truncation
Algorithm statistics:
zero_reductions => 995
max_basis_size => 104
queued_pairs => 0
built_pairs => 1176
reduced_pairs => 1120
eliminated_by_truncation => 31
removed_by_autoreduction => 0
eliminated_by_gcd => 4180
time => 0.004332276
memory => 0.002286002039909363
4ti2 results
4ti2 time => 0.020157565
