IPGBs, no binary truncation
Algorithm statistics:
zero_reductions => 319
max_basis_size => 57
queued_pairs => 0
built_pairs => 371
reduced_pairs => 371
eliminated_by_truncation => 5
removed_by_autoreduction => 0
eliminated_by_gcd => 1225
time => 0.007080565
memory => 0.0015664994716644287
IPGBs, with binary truncation
Algorithm statistics:
zero_reductions => 319
max_basis_size => 57
queued_pairs => 0
built_pairs => 371
reduced_pairs => 371
eliminated_by_truncation => 5
removed_by_autoreduction => 0
eliminated_by_gcd => 1225
time => 0.004238645
memory => 0.0015664994716644287
4ti2 results
4ti2 time => 0.018253592
