IPGBs, no binary truncation
Algorithm statistics:
zero_reductions => 55
max_basis_size => 44
queued_pairs => 0
built_pairs => 69
reduced_pairs => 69
eliminated_by_truncation => 0
removed_by_autoreduction => 0
eliminated_by_gcd => 877
time => 0.011812389
memory => 0.010999776422977448
IPGBs, with binary truncation
Algorithm statistics:
zero_reductions => 55
max_basis_size => 44
queued_pairs => 0
built_pairs => 69
reduced_pairs => 69
eliminated_by_truncation => 0
removed_by_autoreduction => 0
eliminated_by_gcd => 877
time => 0.008588825
memory => 0.010995931923389435
4ti2 results
4ti2 time => 0.019309185
