IPGBs, no binary truncation
Algorithm statistics:
zero_reductions => 1787
max_basis_size => 149
queued_pairs => 0
built_pairs => 1913
reduced_pairs => 1911
eliminated_by_truncation => 0
removed_by_autoreduction => 0
eliminated_by_gcd => 9113
time => 0.008357055
memory => 0.008804507553577423
IPGBs, with binary truncation
Algorithm statistics:
zero_reductions => 1787
max_basis_size => 149
queued_pairs => 0
built_pairs => 1913
reduced_pairs => 1911
eliminated_by_truncation => 0
removed_by_autoreduction => 0
eliminated_by_gcd => 9113
time => 0.007345498
memory => 0.008804507553577423
4ti2 results
4ti2 time => 0.027058993
