IPGBs, no binary truncation
Algorithm statistics:
zero_reductions => 24987
max_basis_size => 519
queued_pairs => 0
built_pairs => 25535
reduced_pairs => 25504
eliminated_by_truncation => 18
removed_by_autoreduction => 0
eliminated_by_gcd => 108886
time => 0.033370756
memory => 0.012266136705875397
IPGBs, with binary truncation
Algorithm statistics:
zero_reductions => 24987
max_basis_size => 519
queued_pairs => 0
built_pairs => 25535
reduced_pairs => 25504
eliminated_by_truncation => 18
removed_by_autoreduction => 0
eliminated_by_gcd => 108886
time => 0.016782523
memory => 0.012266136705875397
4ti2 results
4ti2 time => 0.036384151
