IPGBs, no binary truncation
Algorithm statistics:
zero_reductions => 51
max_basis_size => 40
queued_pairs => 0
built_pairs => 66
reduced_pairs => 66
eliminated_by_truncation => 0
removed_by_autoreduction => 0
eliminated_by_gcd => 714
time => 0.005743168
memory => 0.005428105592727661
IPGBs, with binary truncation
Algorithm statistics:
zero_reductions => 51
max_basis_size => 40
queued_pairs => 0
built_pairs => 66
reduced_pairs => 66
eliminated_by_truncation => 0
removed_by_autoreduction => 0
eliminated_by_gcd => 714
time => 0.005375476
memory => 0.005428105592727661
4ti2 results
4ti2 time => 0.017689976
