IPGBs, no binary truncation
Algorithm statistics:
zero_reductions => 4472
max_basis_size => 235
queued_pairs => 0
built_pairs => 4927
reduced_pairs => 4682
eliminated_by_truncation => 0
removed_by_autoreduction => 0
eliminated_by_gcd => 22568
time => 0.012438436
memory => 0.008812196552753448
IPGBs, with binary truncation
Algorithm statistics:
zero_reductions => 4472
max_basis_size => 235
queued_pairs => 0
built_pairs => 4927
reduced_pairs => 4682
eliminated_by_truncation => 0
removed_by_autoreduction => 0
eliminated_by_gcd => 22568
time => 0.008059202
memory => 0.008816041052341461
4ti2 results
4ti2 time => 0.024897798
