IPGBs, no binary truncation
Algorithm statistics:
zero_reductions => 11549
max_basis_size => 338
queued_pairs => 0
built_pairs => 11938
reduced_pairs => 11862
eliminated_by_truncation => 0
removed_by_autoreduction => 0
eliminated_by_gcd => 45015
time => 0.014016394
memory => 0.010744288563728333
IPGBs, with binary truncation
Algorithm statistics:
zero_reductions => 11549
max_basis_size => 338
queued_pairs => 0
built_pairs => 11938
reduced_pairs => 11862
eliminated_by_truncation => 0
removed_by_autoreduction => 0
eliminated_by_gcd => 45015
time => 0.011151147
memory => 0.010744288563728333
4ti2 results
4ti2 time => 0.031854467
