IPGBs, no binary truncation
Algorithm statistics:
zero_reductions => 7211
max_basis_size => 333
queued_pairs => 0
built_pairs => 8552
reduced_pairs => 7532
eliminated_by_truncation => 3
removed_by_autoreduction => 0
eliminated_by_gcd => 46726
time => 0.252430939
memory => 0.005993291735649109
IPGBs, with binary truncation
Algorithm statistics:
zero_reductions => 7211
max_basis_size => 333
queued_pairs => 0
built_pairs => 8552
reduced_pairs => 7532
eliminated_by_truncation => 3
removed_by_autoreduction => 0
eliminated_by_gcd => 46726
time => 0.008867639
memory => 0.005993291735649109
4ti2 results
4ti2 time => 0.029140343
