IPGBs, no binary truncation
Algorithm statistics:
zero_reductions => 291
max_basis_size => 62
queued_pairs => 0
built_pairs => 378
reduced_pairs => 357
eliminated_by_truncation => 14
removed_by_autoreduction => 0
eliminated_by_gcd => 1513
time => 0.007984102
memory => 0.00206882506608963
IPGBs, with binary truncation
Algorithm statistics:
zero_reductions => 291
max_basis_size => 62
queued_pairs => 0
built_pairs => 378
reduced_pairs => 357
eliminated_by_truncation => 14
removed_by_autoreduction => 0
eliminated_by_gcd => 1513
time => 0.004310948
memory => 0.0020707622170448303
4ti2 results
4ti2 time => 0.017307539
