IPGBs, no binary truncation
Algorithm statistics:
zero_reductions => 3704
max_basis_size => 201
queued_pairs => 0
built_pairs => 3891
reduced_pairs => 3891
eliminated_by_truncation => 6
removed_by_autoreduction => 0
eliminated_by_gcd => 16209
time => 0.009988529
memory => 0.0064140185713768005
IPGBs, with binary truncation
Algorithm statistics:
zero_reductions => 3704
max_basis_size => 201
queued_pairs => 0
built_pairs => 3891
reduced_pairs => 3891
eliminated_by_truncation => 6
removed_by_autoreduction => 0
eliminated_by_gcd => 16209
time => 0.006456291
memory => 0.0064140185713768005
4ti2 results
4ti2 time => 0.024623994
