IPGBs, no binary truncation
Algorithm statistics:
zero_reductions => 6154
max_basis_size => 250
queued_pairs => 0
built_pairs => 6403
reduced_pairs => 6402
eliminated_by_truncation => 13
removed_by_autoreduction => 0
eliminated_by_gcd => 24722
time => 0.008686005
memory => 0.005259022116661072
IPGBs, with binary truncation
Algorithm statistics:
zero_reductions => 6154
max_basis_size => 250
queued_pairs => 0
built_pairs => 6403
reduced_pairs => 6402
eliminated_by_truncation => 13
removed_by_autoreduction => 0
eliminated_by_gcd => 24722
time => 0.006509346
memory => 0.005257084965705872
4ti2 results
4ti2 time => 0.025181084
