IPGBs, no binary truncation
Algorithm statistics:
zero_reductions => 5099
max_basis_size => 223
queued_pairs => 0
built_pairs => 5292
reduced_pairs => 5292
eliminated_by_truncation => 0
removed_by_autoreduction => 0
eliminated_by_gcd => 19461
time => 0.011012285
memory => 0.009308688342571259
IPGBs, with binary truncation
Algorithm statistics:
zero_reductions => 5099
max_basis_size => 223
queued_pairs => 0
built_pairs => 5292
reduced_pairs => 5292
eliminated_by_truncation => 0
removed_by_autoreduction => 0
eliminated_by_gcd => 19461
time => 0.007990677
memory => 0.009308688342571259
4ti2 results
4ti2 time => 0.027711678
