IPGBs, no binary truncation
Algorithm statistics:
zero_reductions => 1917
max_basis_size => 165
queued_pairs => 0
built_pairs => 3018
reduced_pairs => 2078
eliminated_by_truncation => 6
removed_by_autoreduction => 0
eliminated_by_gcd => 10512
time => 0.006804228
memory => 0.002637244760990143
IPGBs, with binary truncation
Algorithm statistics:
zero_reductions => 1917
max_basis_size => 165
queued_pairs => 0
built_pairs => 3018
reduced_pairs => 2078
eliminated_by_truncation => 6
removed_by_autoreduction => 0
eliminated_by_gcd => 10512
time => 0.00482165
memory => 0.002637244760990143
4ti2 results
4ti2 time => 0.019046343
