IPGBs, no binary truncation
Algorithm statistics:
zero_reductions => 13
max_basis_size => 30
queued_pairs => 0
built_pairs => 18
reduced_pairs => 18
eliminated_by_truncation => 0
removed_by_autoreduction => 0
eliminated_by_gcd => 417
time => 0.00784918
memory => 0.005357950925827026
IPGBs, with binary truncation
Algorithm statistics:
zero_reductions => 13
max_basis_size => 30
queued_pairs => 0
built_pairs => 18
reduced_pairs => 18
eliminated_by_truncation => 0
removed_by_autoreduction => 0
eliminated_by_gcd => 417
time => 0.005409911
memory => 0.005357950925827026
4ti2 results
4ti2 time => 0.016362832
