IPGBs, no binary truncation
Algorithm statistics:
zero_reductions => 4664
max_basis_size => 238
queued_pairs => 0
built_pairs => 5271
reduced_pairs => 4895
eliminated_by_truncation => 8
removed_by_autoreduction => 0
eliminated_by_gcd => 22932
time => 0.010754602
memory => 0.004735387861728668
IPGBs, with binary truncation
Algorithm statistics:
zero_reductions => 4664
max_basis_size => 238
queued_pairs => 0
built_pairs => 5271
reduced_pairs => 4895
eliminated_by_truncation => 8
removed_by_autoreduction => 0
eliminated_by_gcd => 22932
time => 0.005887263
memory => 0.004737325012683868
4ti2 results
4ti2 time => 0.023939244
